The target system is: Generic -  - 
The host system is: Linux - 6.2.0-34-generic - x86_64
Compiling the C compiler identification source file "CMakeCCompilerId.c" succeeded.
Compiler: /home/ian/TStickProject/sygaldry/nixenv/esp-idf-tools/tools/xtensa-esp32-elf/esp-12.2.0_20230208/xtensa-esp32-elf/bin/xtensa-esp32-elf-gcc 
Build flags: -mlongcalls;-Wno-frame-address;
Id flags:  

The output was:
0


Compilation of the C compiler identification source "CMakeCCompilerId.c" produced "a.out"

The C compiler identification is GNU, found in "/home/ian/TStickProject/sygaldry/sygaldry-instruments/t_stick_synth/build/bootloader/CMakeFiles/3.25.3/CompilerIdC/a.out"

Compiling the CXX compiler identification source file "CMakeCXXCompilerId.cpp" succeeded.
Compiler: /home/ian/TStickProject/sygaldry/nixenv/esp-idf-tools/tools/xtensa-esp32-elf/esp-12.2.0_20230208/xtensa-esp32-elf/bin/xtensa-esp32-elf-g++ 
Build flags: -mlongcalls;-Wno-frame-address;
Id flags:  

The output was:
0


Compilation of the CXX compiler identification source "CMakeCXXCompilerId.cpp" produced "a.out"

The CXX compiler identification is GNU, found in "/home/ian/TStickProject/sygaldry/sygaldry-instruments/t_stick_synth/build/bootloader/CMakeFiles/3.25.3/CompilerIdCXX/a.out"

Checking whether the ASM compiler is GNU using "--version" matched "(GNU assembler)|(GCC)|(Free Software Foundation)":
xtensa-esp32-elf-gcc (crosstool-NG esp-12.2.0_20230208) 12.2.0
Copyright (C) 2022 Free Software Foundation, Inc.
This is free software; see the source for copying conditions.  There is NO
warranty; not even for MERCHANTABILITY or FITNESS FOR A PARTICULAR PURPOSE.

Detecting C compiler ABI info compiled with the following output:
Change Dir: /home/ian/TStickProject/sygaldry/sygaldry-instruments/t_stick_synth/build/bootloader/CMakeFiles/CMakeScratch/TryCompile-x1j6sk

Run Build Command(s):/nix/store/rcakkm09fivblba082qb6jch02926qhq-ninja-1.11.1/bin/ninja cmTC_15eae && [1/2] Building C object CMakeFiles/cmTC_15eae.dir/CMakeCCompilerABI.c.obj
Using built-in specs.
COLLECT_GCC=/home/ian/TStickProject/sygaldry/nixenv/esp-idf-tools/tools/xtensa-esp32-elf/esp-12.2.0_20230208/xtensa-esp32-elf/bin/xtensa-esp32-elf-gcc
Target: xtensa-esp32-elf
Configured with: /builds/idf/crosstool-NG/.build/xtensa-esp32-elf/src/gcc/configure --build=x86_64-build_pc-linux-gnu --host=x86_64-build_pc-linux-gnu --target=xtensa-esp32-elf --prefix=/builds/idf/crosstool-NG/builds/xtensa-esp32-elf --exec_prefix=/builds/idf/crosstool-NG/builds/xtensa-esp32-elf --with-local-prefix=/builds/idf/crosstool-NG/builds/xtensa-esp32-elf/xtensa-esp32-elf --with-headers=/builds/idf/crosstool-NG/builds/xtensa-esp32-elf/xtensa-esp32-elf/include --with-newlib --enable-threads=no --disable-shared --with-pkgversion='crosstool-NG esp-12.2.0_20230208' --disable-__cxa_atexit --enable-cxx-flags=-ffunction-sections --disable-libgomp --disable-libmudflap --disable-libmpx --disable-libssp --disable-libquadmath --disable-libquadmath-support --disable-libstdcxx-verbose --with-gmp=/builds/idf/crosstool-NG/.build/xtensa-esp32-elf/buildtools --with-mpfr=/builds/idf/crosstool-NG/.build/xtensa-esp32-elf/buildtools --with-mpc=/builds/idf/crosstool-NG/.build/xtensa-esp32-elf/buildtools --with-isl=/builds/idf/crosstool-NG/.build/xtensa-esp32-elf/buildtools --enable-lto --enable-target-optspace --without-long-double-128 --disable-nls --enable-multiarch --enable-languages=c,c++ --disable-libstdcxx-verbose --enable-threads=posix --enable-gcov-custom-rtio --enable-libstdcxx-time=yes
Thread model: posix
Supported LTO compression algorithms: zlib
gcc version 12.2.0 (crosstool-NG esp-12.2.0_20230208) 
COLLECT_GCC_OPTIONS='-mlongcalls' '-Wno-frame-address' '-v' '-o' 'CMakeFiles/cmTC_15eae.dir/CMakeCCompilerABI.c.obj' '-c' '-dumpdir' 'CMakeFiles/cmTC_15eae.dir/'
 /home/ian/TStickProject/sygaldry/nixenv/esp-idf-tools/tools/xtensa-esp32-elf/esp-12.2.0_20230208/xtensa-esp32-elf/bin/../libexec/gcc/xtensa-esp32-elf/12.2.0/cc1 -quiet -v -iprefix /home/ian/TStickProject/sygaldry/nixenv/esp-idf-tools/tools/xtensa-esp32-elf/esp-12.2.0_20230208/xtensa-esp32-elf/bin/../lib/gcc/xtensa-esp32-elf/12.2.0/ /nix/store/fic9avx8yabwb3ib8m49ld3kq9fkwwwd-cmake-3.25.3/share/cmake-3.25/Modules/CMakeCCompilerABI.c -quiet -dumpdir CMakeFiles/cmTC_15eae.dir/ -dumpbase CMakeCCompilerABI.c.c -dumpbase-ext .c -mlongcalls -Wno-frame-address -version -o /run/user/1000/ccQ52nTa.s
GNU C17 (crosstool-NG esp-12.2.0_20230208) version 12.2.0 (xtensa-esp32-elf)
	compiled by GNU C version 4.9.2, GMP version 6.2.1, MPFR version 4.1.0, MPC version 1.2.1, isl version isl-0.24-GMP

GGC heuristics: --param ggc-min-expand=100 --param ggc-min-heapsize=131072
ignoring duplicate directory "/home/ian/TStickProject/sygaldry/nixenv/esp-idf-tools/tools/xtensa-esp32-elf/esp-12.2.0_20230208/xtensa-esp32-elf/bin/../lib/gcc/../../lib/gcc/xtensa-esp32-elf/12.2.0/include"
ignoring duplicate directory "/home/ian/TStickProject/sygaldry/nixenv/esp-idf-tools/tools/xtensa-esp32-elf/esp-12.2.0_20230208/xtensa-esp32-elf/bin/../lib/gcc/../../lib/gcc/xtensa-esp32-elf/12.2.0/include-fixed"
ignoring duplicate directory "/home/ian/TStickProject/sygaldry/nixenv/esp-idf-tools/tools/xtensa-esp32-elf/esp-12.2.0_20230208/xtensa-esp32-elf/bin/../lib/gcc/../../lib/gcc/xtensa-esp32-elf/12.2.0/../../../../xtensa-esp32-elf/sys-include"
ignoring duplicate directory "/home/ian/TStickProject/sygaldry/nixenv/esp-idf-tools/tools/xtensa-esp32-elf/esp-12.2.0_20230208/xtensa-esp32-elf/bin/../lib/gcc/../../lib/gcc/xtensa-esp32-elf/12.2.0/../../../../xtensa-esp32-elf/include"
#include "..." search starts here:
#include <...> search starts here:
 /home/ian/TStickProject/sygaldry/nixenv/esp-idf-tools/tools/xtensa-esp32-elf/esp-12.2.0_20230208/xtensa-esp32-elf/bin/../lib/gcc/xtensa-esp32-elf/12.2.0/include
 /home/ian/TStickProject/sygaldry/nixenv/esp-idf-tools/tools/xtensa-esp32-elf/esp-12.2.0_20230208/xtensa-esp32-elf/bin/../lib/gcc/xtensa-esp32-elf/12.2.0/include-fixed
 /home/ian/TStickProject/sygaldry/nixenv/esp-idf-tools/tools/xtensa-esp32-elf/esp-12.2.0_20230208/xtensa-esp32-elf/bin/../lib/gcc/xtensa-esp32-elf/12.2.0/../../../../xtensa-esp32-elf/sys-include
 /home/ian/TStickProject/sygaldry/nixenv/esp-idf-tools/tools/xtensa-esp32-elf/esp-12.2.0_20230208/xtensa-esp32-elf/bin/../lib/gcc/xtensa-esp32-elf/12.2.0/../../../../xtensa-esp32-elf/include
End of search list.
GNU C17 (crosstool-NG esp-12.2.0_20230208) version 12.2.0 (xtensa-esp32-elf)
	compiled by GNU C version 4.9.2, GMP version 6.2.1, MPFR version 4.1.0, MPC version 1.2.1, isl version isl-0.24-GMP

GGC heuristics: --param ggc-min-expand=100 --param ggc-min-heapsize=131072
Compiler executable checksum: a19b05a690648f14c80488203643bd5a
COLLECT_GCC_OPTIONS='-mlongcalls' '-Wno-frame-address' '-v' '-o' 'CMakeFiles/cmTC_15eae.dir/CMakeCCompilerABI.c.obj' '-c' '-dumpdir' 'CMakeFiles/cmTC_15eae.dir/'
 /home/ian/TStickProject/sygaldry/nixenv/esp-idf-tools/tools/xtensa-esp32-elf/esp-12.2.0_20230208/xtensa-esp32-elf/bin/../lib/gcc/xtensa-esp32-elf/12.2.0/../../../../xtensa-esp32-elf/bin/as --traditional-format --longcalls -o CMakeFiles/cmTC_15eae.dir/CMakeCCompilerABI.c.obj /run/user/1000/ccQ52nTa.s
COMPILER_PATH=/home/ian/TStickProject/sygaldry/nixenv/esp-idf-tools/tools/xtensa-esp32-elf/esp-12.2.0_20230208/xtensa-esp32-elf/bin/../libexec/gcc/xtensa-esp32-elf/12.2.0/:/home/ian/TStickProject/sygaldry/nixenv/esp-idf-tools/tools/xtensa-esp32-elf/esp-12.2.0_20230208/xtensa-esp32-elf/bin/../libexec/gcc/:/home/ian/TStickProject/sygaldry/nixenv/esp-idf-tools/tools/xtensa-esp32-elf/esp-12.2.0_20230208/xtensa-esp32-elf/bin/../lib/gcc/xtensa-esp32-elf/12.2.0/../../../../xtensa-esp32-elf/bin/
LIBRARY_PATH=/home/ian/TStickProject/sygaldry/nixenv/esp-idf-tools/tools/xtensa-esp32-elf/esp-12.2.0_20230208/xtensa-esp32-elf/bin/../lib/gcc/xtensa-esp32-elf/12.2.0/:/home/ian/TStickProject/sygaldry/nixenv/esp-idf-tools/tools/xtensa-esp32-elf/esp-12.2.0_20230208/xtensa-esp32-elf/bin/../lib/gcc/:/home/ian/TStickProject/sygaldry/nixenv/esp-idf-tools/tools/xtensa-esp32-elf/esp-12.2.0_20230208/xtensa-esp32-elf/bin/../lib/gcc/xtensa-esp32-elf/12.2.0/../../../../xtensa-esp32-elf/lib/
COLLECT_GCC_OPTIONS='-mlongcalls' '-Wno-frame-address' '-v' '-o' 'CMakeFiles/cmTC_15eae.dir/CMakeCCompilerABI.c.obj' '-c' '-dumpdir' 'CMakeFiles/cmTC_15eae.dir/CMakeCCompilerABI.c.'
[2/2] Linking C executable cmTC_15eae
Using built-in specs.
COLLECT_GCC=/home/ian/TStickProject/sygaldry/nixenv/esp-idf-tools/tools/xtensa-esp32-elf/esp-12.2.0_20230208/xtensa-esp32-elf/bin/xtensa-esp32-elf-gcc
COLLECT_LTO_WRAPPER=/home/ian/TStickProject/sygaldry/nixenv/esp-idf-tools/tools/xtensa-esp32-elf/esp-12.2.0_20230208/xtensa-esp32-elf/bin/../libexec/gcc/xtensa-esp32-elf/12.2.0/lto-wrapper
Target: xtensa-esp32-elf
Configured with: /builds/idf/crosstool-NG/.build/xtensa-esp32-elf/src/gcc/configure --build=x86_64-build_pc-linux-gnu --host=x86_64-build_pc-linux-gnu --target=xtensa-esp32-elf --prefix=/builds/idf/crosstool-NG/builds/xtensa-esp32-elf --exec_prefix=/builds/idf/crosstool-NG/builds/xtensa-esp32-elf --with-local-prefix=/builds/idf/crosstool-NG/builds/xtensa-esp32-elf/xtensa-esp32-elf --with-headers=/builds/idf/crosstool-NG/builds/xtensa-esp32-elf/xtensa-esp32-elf/include --with-newlib --enable-threads=no --disable-shared --with-pkgversion='crosstool-NG esp-12.2.0_20230208' --disable-__cxa_atexit --enable-cxx-flags=-ffunction-sections --disable-libgomp --disable-libmudflap --disable-libmpx --disable-libssp --disable-libquadmath --disable-libquadmath-support --disable-libstdcxx-verbose --with-gmp=/builds/idf/crosstool-NG/.build/xtensa-esp32-elf/buildtools --with-mpfr=/builds/idf/crosstool-NG/.build/xtensa-esp32-elf/buildtools --with-mpc=/builds/idf/crosstool-NG/.build/xtensa-esp32-elf/buildtools --with-isl=/builds/idf/crosstool-NG/.build/xtensa-esp32-elf/buildtools --enable-lto --enable-target-optspace --without-long-double-128 --disable-nls --enable-multiarch --enable-languages=c,c++ --disable-libstdcxx-verbose --enable-threads=posix --enable-gcov-custom-rtio --enable-libstdcxx-time=yes
Thread model: posix
Supported LTO compression algorithms: zlib
gcc version 12.2.0 (crosstool-NG esp-12.2.0_20230208) 
COMPILER_PATH=/home/ian/TStickProject/sygaldry/nixenv/esp-idf-tools/tools/xtensa-esp32-elf/esp-12.2.0_20230208/xtensa-esp32-elf/bin/../libexec/gcc/xtensa-esp32-elf/12.2.0/:/home/ian/TStickProject/sygaldry/nixenv/esp-idf-tools/tools/xtensa-esp32-elf/esp-12.2.0_20230208/xtensa-esp32-elf/bin/../libexec/gcc/:/home/ian/TStickProject/sygaldry/nixenv/esp-idf-tools/tools/xtensa-esp32-elf/esp-12.2.0_20230208/xtensa-esp32-elf/bin/../lib/gcc/xtensa-esp32-elf/12.2.0/../../../../xtensa-esp32-elf/bin/
LIBRARY_PATH=/home/ian/TStickProject/sygaldry/nixenv/esp-idf-tools/tools/xtensa-esp32-elf/esp-12.2.0_20230208/xtensa-esp32-elf/bin/../lib/gcc/xtensa-esp32-elf/12.2.0/:/home/ian/TStickProject/sygaldry/nixenv/esp-idf-tools/tools/xtensa-esp32-elf/esp-12.2.0_20230208/xtensa-esp32-elf/bin/../lib/gcc/:/home/ian/TStickProject/sygaldry/nixenv/esp-idf-tools/tools/xtensa-esp32-elf/esp-12.2.0_20230208/xtensa-esp32-elf/bin/../lib/gcc/xtensa-esp32-elf/12.2.0/../../../../xtensa-esp32-elf/lib/
COLLECT_GCC_OPTIONS='-mlongcalls' '-Wno-frame-address' '-v' '-o' 'cmTC_15eae' '-dumpdir' 'cmTC_15eae.'
 /home/ian/TStickProject/sygaldry/nixenv/esp-idf-tools/tools/xtensa-esp32-elf/esp-12.2.0_20230208/xtensa-esp32-elf/bin/../libexec/gcc/xtensa-esp32-elf/12.2.0/collect2 -plugin /home/ian/TStickProject/sygaldry/nixenv/esp-idf-tools/tools/xtensa-esp32-elf/esp-12.2.0_20230208/xtensa-esp32-elf/bin/../libexec/gcc/xtensa-esp32-elf/12.2.0/liblto_plugin.so -plugin-opt=/home/ian/TStickProject/sygaldry/nixenv/esp-idf-tools/tools/xtensa-esp32-elf/esp-12.2.0_20230208/xtensa-esp32-elf/bin/../libexec/gcc/xtensa-esp32-elf/12.2.0/lto-wrapper -plugin-opt=-fresolution=/run/user/1000/cc0ofbda.res -plugin-opt=-pass-through=-lgcc -plugin-opt=-pass-through=-lc -plugin-opt=-pass-through=-lnosys -plugin-opt=-pass-through=-lc -plugin-opt=-pass-through=-lgcc -o cmTC_15eae /home/ian/TStickProject/sygaldry/nixenv/esp-idf-tools/tools/xtensa-esp32-elf/esp-12.2.0_20230208/xtensa-esp32-elf/bin/../lib/gcc/xtensa-esp32-elf/12.2.0/../../../../xtensa-esp32-elf/lib/crt0.o /home/ian/TStickProject/sygaldry/nixenv/esp-idf-tools/tools/xtensa-esp32-elf/esp-12.2.0_20230208/xtensa-esp32-elf/bin/../lib/gcc/xtensa-esp32-elf/12.2.0/crti.o /home/ian/TStickProject/sygaldry/nixenv/esp-idf-tools/tools/xtensa-esp32-elf/esp-12.2.0_20230208/xtensa-esp32-elf/bin/../lib/gcc/xtensa-esp32-elf/12.2.0/crtbegin.o -L/home/ian/TStickProject/sygaldry/nixenv/esp-idf-tools/tools/xtensa-esp32-elf/esp-12.2.0_20230208/xtensa-esp32-elf/bin/../lib/gcc/xtensa-esp32-elf/12.2.0 -L/home/ian/TStickProject/sygaldry/nixenv/esp-idf-tools/tools/xtensa-esp32-elf/esp-12.2.0_20230208/xtensa-esp32-elf/bin/../lib/gcc -L/home/ian/TStickProject/sygaldry/nixenv/esp-idf-tools/tools/xtensa-esp32-elf/esp-12.2.0_20230208/xtensa-esp32-elf/bin/../lib/gcc/xtensa-esp32-elf/12.2.0/../../../../xtensa-esp32-elf/lib CMakeFiles/cmTC_15eae.dir/CMakeCCompilerABI.c.obj -lgcc -lc -lnosys -lc -lgcc /home/ian/TStickProject/sygaldry/nixenv/esp-idf-tools/tools/xtensa-esp32-elf/esp-12.2.0_20230208/xtensa-esp32-elf/bin/../lib/gcc/xtensa-esp32-elf/12.2.0/crtend.o /home/ian/TStickProject/sygaldry/nixenv/esp-idf-tools/tools/xtensa-esp32-elf/esp-12.2.0_20230208/xtensa-esp32-elf/bin/../lib/gcc/xtensa-esp32-elf/12.2.0/crtn.o
COLLECT_GCC_OPTIONS='-mlongcalls' '-Wno-frame-address' '-v' '-o' 'cmTC_15eae' '-dumpdir' 'cmTC_15eae.'



Parsed C implicit include dir info from above output: rv=done
  found start of include info
  found start of implicit include info
    add: [/home/ian/TStickProject/sygaldry/nixenv/esp-idf-tools/tools/xtensa-esp32-elf/esp-12.2.0_20230208/xtensa-esp32-elf/bin/../lib/gcc/xtensa-esp32-elf/12.2.0/include]
    add: [/home/ian/TStickProject/sygaldry/nixenv/esp-idf-tools/tools/xtensa-esp32-elf/esp-12.2.0_20230208/xtensa-esp32-elf/bin/../lib/gcc/xtensa-esp32-elf/12.2.0/include-fixed]
    add: [/home/ian/TStickProject/sygaldry/nixenv/esp-idf-tools/tools/xtensa-esp32-elf/esp-12.2.0_20230208/xtensa-esp32-elf/bin/../lib/gcc/xtensa-esp32-elf/12.2.0/../../../../xtensa-esp32-elf/sys-include]
    add: [/home/ian/TStickProject/sygaldry/nixenv/esp-idf-tools/tools/xtensa-esp32-elf/esp-12.2.0_20230208/xtensa-esp32-elf/bin/../lib/gcc/xtensa-esp32-elf/12.2.0/../../../../xtensa-esp32-elf/include]
  end of search list found
  collapse include dir [/home/ian/TStickProject/sygaldry/nixenv/esp-idf-tools/tools/xtensa-esp32-elf/esp-12.2.0_20230208/xtensa-esp32-elf/bin/../lib/gcc/xtensa-esp32-elf/12.2.0/include] ==> [/home/ian/TStickProject/sygaldry/nixenv/esp-idf-tools/tools/xtensa-esp32-elf/esp-12.2.0_20230208/xtensa-esp32-elf/lib/gcc/xtensa-esp32-elf/12.2.0/include]
  collapse include dir [/home/ian/TStickProject/sygaldry/nixenv/esp-idf-tools/tools/xtensa-esp32-elf/esp-12.2.0_20230208/xtensa-esp32-elf/bin/../lib/gcc/xtensa-esp32-elf/12.2.0/include-fixed] ==> [/home/ian/TStickProject/sygaldry/nixenv/esp-idf-tools/tools/xtensa-esp32-elf/esp-12.2.0_20230208/xtensa-esp32-elf/lib/gcc/xtensa-esp32-elf/12.2.0/include-fixed]
  collapse include dir [/home/ian/TStickProject/sygaldry/nixenv/esp-idf-tools/tools/xtensa-esp32-elf/esp-12.2.0_20230208/xtensa-esp32-elf/bin/../lib/gcc/xtensa-esp32-elf/12.2.0/../../../../xtensa-esp32-elf/sys-include] ==> [/home/ian/TStickProject/sygaldry/nixenv/esp-idf-tools/tools/xtensa-esp32-elf/esp-12.2.0_20230208/xtensa-esp32-elf/xtensa-esp32-elf/sys-include]
  collapse include dir [/home/ian/TStickProject/sygaldry/nixenv/esp-idf-tools/tools/xtensa-esp32-elf/esp-12.2.0_20230208/xtensa-esp32-elf/bin/../lib/gcc/xtensa-esp32-elf/12.2.0/../../../../xtensa-esp32-elf/include] ==> [/home/ian/TStickProject/sygaldry/nixenv/esp-idf-tools/tools/xtensa-esp32-elf/esp-12.2.0_20230208/xtensa-esp32-elf/xtensa-esp32-elf/include]
  implicit include dirs: [/home/ian/TStickProject/sygaldry/nixenv/esp-idf-tools/tools/xtensa-esp32-elf/esp-12.2.0_20230208/xtensa-esp32-elf/lib/gcc/xtensa-esp32-elf/12.2.0/include;/home/ian/TStickProject/sygaldry/nixenv/esp-idf-tools/tools/xtensa-esp32-elf/esp-12.2.0_20230208/xtensa-esp32-elf/lib/gcc/xtensa-esp32-elf/12.2.0/include-fixed;/home/ian/TStickProject/sygaldry/nixenv/esp-idf-tools/tools/xtensa-esp32-elf/esp-12.2.0_20230208/xtensa-esp32-elf/xtensa-esp32-elf/sys-include;/home/ian/TStickProject/sygaldry/nixenv/esp-idf-tools/tools/xtensa-esp32-elf/esp-12.2.0_20230208/xtensa-esp32-elf/xtensa-esp32-elf/include]


Parsed C implicit link information from above output:
  link line regex: [^( *|.*[/\])(xtensa-esp32-elf-ld|CMAKE_LINK_STARTFILE-NOTFOUND|([^/\]+-)?ld|collect2)[^/\]*( |$)]
  ignore line: [Change Dir: /home/ian/TStickProject/sygaldry/sygaldry-instruments/t_stick_synth/build/bootloader/CMakeFiles/CMakeScratch/TryCompile-x1j6sk]
  ignore line: []
  ignore line: [Run Build Command(s):/nix/store/rcakkm09fivblba082qb6jch02926qhq-ninja-1.11.1/bin/ninja cmTC_15eae && [1/2] Building C object CMakeFiles/cmTC_15eae.dir/CMakeCCompilerABI.c.obj]
  ignore line: [Using built-in specs.]
  ignore line: [COLLECT_GCC=/home/ian/TStickProject/sygaldry/nixenv/esp-idf-tools/tools/xtensa-esp32-elf/esp-12.2.0_20230208/xtensa-esp32-elf/bin/xtensa-esp32-elf-gcc]
  ignore line: [Target: xtensa-esp32-elf]
  ignore line: [Configured with: /builds/idf/crosstool-NG/.build/xtensa-esp32-elf/src/gcc/configure --build=x86_64-build_pc-linux-gnu --host=x86_64-build_pc-linux-gnu --target=xtensa-esp32-elf --prefix=/builds/idf/crosstool-NG/builds/xtensa-esp32-elf --exec_prefix=/builds/idf/crosstool-NG/builds/xtensa-esp32-elf --with-local-prefix=/builds/idf/crosstool-NG/builds/xtensa-esp32-elf/xtensa-esp32-elf --with-headers=/builds/idf/crosstool-NG/builds/xtensa-esp32-elf/xtensa-esp32-elf/include --with-newlib --enable-threads=no --disable-shared --with-pkgversion='crosstool-NG esp-12.2.0_20230208' --disable-__cxa_atexit --enable-cxx-flags=-ffunction-sections --disable-libgomp --disable-libmudflap --disable-libmpx --disable-libssp --disable-libquadmath --disable-libquadmath-support --disable-libstdcxx-verbose --with-gmp=/builds/idf/crosstool-NG/.build/xtensa-esp32-elf/buildtools --with-mpfr=/builds/idf/crosstool-NG/.build/xtensa-esp32-elf/buildtools --with-mpc=/builds/idf/crosstool-NG/.build/xtensa-esp32-elf/buildtools --with-isl=/builds/idf/crosstool-NG/.build/xtensa-esp32-elf/buildtools --enable-lto --enable-target-optspace --without-long-double-128 --disable-nls --enable-multiarch --enable-languages=c c++ --disable-libstdcxx-verbose --enable-threads=posix --enable-gcov-custom-rtio --enable-libstdcxx-time=yes]
  ignore line: [Thread model: posix]
  ignore line: [Supported LTO compression algorithms: zlib]
  ignore line: [gcc version 12.2.0 (crosstool-NG esp-12.2.0_20230208) ]
  ignore line: [COLLECT_GCC_OPTIONS='-mlongcalls' '-Wno-frame-address' '-v' '-o' 'CMakeFiles/cmTC_15eae.dir/CMakeCCompilerABI.c.obj' '-c' '-dumpdir' 'CMakeFiles/cmTC_15eae.dir/']
  ignore line: [ /home/ian/TStickProject/sygaldry/nixenv/esp-idf-tools/tools/xtensa-esp32-elf/esp-12.2.0_20230208/xtensa-esp32-elf/bin/../libexec/gcc/xtensa-esp32-elf/12.2.0/cc1 -quiet -v -iprefix /home/ian/TStickProject/sygaldry/nixenv/esp-idf-tools/tools/xtensa-esp32-elf/esp-12.2.0_20230208/xtensa-esp32-elf/bin/../lib/gcc/xtensa-esp32-elf/12.2.0/ /nix/store/fic9avx8yabwb3ib8m49ld3kq9fkwwwd-cmake-3.25.3/share/cmake-3.25/Modules/CMakeCCompilerABI.c -quiet -dumpdir CMakeFiles/cmTC_15eae.dir/ -dumpbase CMakeCCompilerABI.c.c -dumpbase-ext .c -mlongcalls -Wno-frame-address -version -o /run/user/1000/ccQ52nTa.s]
  ignore line: [GNU C17 (crosstool-NG esp-12.2.0_20230208) version 12.2.0 (xtensa-esp32-elf)]
  ignore line: [	compiled by GNU C version 4.9.2  GMP version 6.2.1  MPFR version 4.1.0  MPC version 1.2.1  isl version isl-0.24-GMP]
  ignore line: []
  ignore line: [GGC heuristics: --param ggc-min-expand=100 --param ggc-min-heapsize=131072]
  ignore line: [ignoring duplicate directory "/home/ian/TStickProject/sygaldry/nixenv/esp-idf-tools/tools/xtensa-esp32-elf/esp-12.2.0_20230208/xtensa-esp32-elf/bin/../lib/gcc/../../lib/gcc/xtensa-esp32-elf/12.2.0/include"]
  ignore line: [ignoring duplicate directory "/home/ian/TStickProject/sygaldry/nixenv/esp-idf-tools/tools/xtensa-esp32-elf/esp-12.2.0_20230208/xtensa-esp32-elf/bin/../lib/gcc/../../lib/gcc/xtensa-esp32-elf/12.2.0/include-fixed"]
  ignore line: [ignoring duplicate directory "/home/ian/TStickProject/sygaldry/nixenv/esp-idf-tools/tools/xtensa-esp32-elf/esp-12.2.0_20230208/xtensa-esp32-elf/bin/../lib/gcc/../../lib/gcc/xtensa-esp32-elf/12.2.0/../../../../xtensa-esp32-elf/sys-include"]
  ignore line: [ignoring duplicate directory "/home/ian/TStickProject/sygaldry/nixenv/esp-idf-tools/tools/xtensa-esp32-elf/esp-12.2.0_20230208/xtensa-esp32-elf/bin/../lib/gcc/../../lib/gcc/xtensa-esp32-elf/12.2.0/../../../../xtensa-esp32-elf/include"]
  ignore line: [#include "..." search starts here:]
  ignore line: [#include <...> search starts here:]
  ignore line: [ /home/ian/TStickProject/sygaldry/nixenv/esp-idf-tools/tools/xtensa-esp32-elf/esp-12.2.0_20230208/xtensa-esp32-elf/bin/../lib/gcc/xtensa-esp32-elf/12.2.0/include]
  ignore line: [ /home/ian/TStickProject/sygaldry/nixenv/esp-idf-tools/tools/xtensa-esp32-elf/esp-12.2.0_20230208/xtensa-esp32-elf/bin/../lib/gcc/xtensa-esp32-elf/12.2.0/include-fixed]
  ignore line: [ /home/ian/TStickProject/sygaldry/nixenv/esp-idf-tools/tools/xtensa-esp32-elf/esp-12.2.0_20230208/xtensa-esp32-elf/bin/../lib/gcc/xtensa-esp32-elf/12.2.0/../../../../xtensa-esp32-elf/sys-include]
  ignore line: [ /home/ian/TStickProject/sygaldry/nixenv/esp-idf-tools/tools/xtensa-esp32-elf/esp-12.2.0_20230208/xtensa-esp32-elf/bin/../lib/gcc/xtensa-esp32-elf/12.2.0/../../../../xtensa-esp32-elf/include]
  ignore line: [End of search list.]
  ignore line: [GNU C17 (crosstool-NG esp-12.2.0_20230208) version 12.2.0 (xtensa-esp32-elf)]
  ignore line: [	compiled by GNU C version 4.9.2  GMP version 6.2.1  MPFR version 4.1.0  MPC version 1.2.1  isl version isl-0.24-GMP]
  ignore line: []
  ignore line: [GGC heuristics: --param ggc-min-expand=100 --param ggc-min-heapsize=131072]
  ignore line: [Compiler executable checksum: a19b05a690648f14c80488203643bd5a]
  ignore line: [COLLECT_GCC_OPTIONS='-mlongcalls' '-Wno-frame-address' '-v' '-o' 'CMakeFiles/cmTC_15eae.dir/CMakeCCompilerABI.c.obj' '-c' '-dumpdir' 'CMakeFiles/cmTC_15eae.dir/']
  ignore line: [ /home/ian/TStickProject/sygaldry/nixenv/esp-idf-tools/tools/xtensa-esp32-elf/esp-12.2.0_20230208/xtensa-esp32-elf/bin/../lib/gcc/xtensa-esp32-elf/12.2.0/../../../../xtensa-esp32-elf/bin/as --traditional-format --longcalls -o CMakeFiles/cmTC_15eae.dir/CMakeCCompilerABI.c.obj /run/user/1000/ccQ52nTa.s]
  ignore line: [COMPILER_PATH=/home/ian/TStickProject/sygaldry/nixenv/esp-idf-tools/tools/xtensa-esp32-elf/esp-12.2.0_20230208/xtensa-esp32-elf/bin/../libexec/gcc/xtensa-esp32-elf/12.2.0/:/home/ian/TStickProject/sygaldry/nixenv/esp-idf-tools/tools/xtensa-esp32-elf/esp-12.2.0_20230208/xtensa-esp32-elf/bin/../libexec/gcc/:/home/ian/TStickProject/sygaldry/nixenv/esp-idf-tools/tools/xtensa-esp32-elf/esp-12.2.0_20230208/xtensa-esp32-elf/bin/../lib/gcc/xtensa-esp32-elf/12.2.0/../../../../xtensa-esp32-elf/bin/]
  ignore line: [LIBRARY_PATH=/home/ian/TStickProject/sygaldry/nixenv/esp-idf-tools/tools/xtensa-esp32-elf/esp-12.2.0_20230208/xtensa-esp32-elf/bin/../lib/gcc/xtensa-esp32-elf/12.2.0/:/home/ian/TStickProject/sygaldry/nixenv/esp-idf-tools/tools/xtensa-esp32-elf/esp-12.2.0_20230208/xtensa-esp32-elf/bin/../lib/gcc/:/home/ian/TStickProject/sygaldry/nixenv/esp-idf-tools/tools/xtensa-esp32-elf/esp-12.2.0_20230208/xtensa-esp32-elf/bin/../lib/gcc/xtensa-esp32-elf/12.2.0/../../../../xtensa-esp32-elf/lib/]
  ignore line: [COLLECT_GCC_OPTIONS='-mlongcalls' '-Wno-frame-address' '-v' '-o' 'CMakeFiles/cmTC_15eae.dir/CMakeCCompilerABI.c.obj' '-c' '-dumpdir' 'CMakeFiles/cmTC_15eae.dir/CMakeCCompilerABI.c.']
  ignore line: [[2/2] Linking C executable cmTC_15eae]
  ignore line: [Using built-in specs.]
  ignore line: [COLLECT_GCC=/home/ian/TStickProject/sygaldry/nixenv/esp-idf-tools/tools/xtensa-esp32-elf/esp-12.2.0_20230208/xtensa-esp32-elf/bin/xtensa-esp32-elf-gcc]
  ignore line: [COLLECT_LTO_WRAPPER=/home/ian/TStickProject/sygaldry/nixenv/esp-idf-tools/tools/xtensa-esp32-elf/esp-12.2.0_20230208/xtensa-esp32-elf/bin/../libexec/gcc/xtensa-esp32-elf/12.2.0/lto-wrapper]
  ignore line: [Target: xtensa-esp32-elf]
  ignore line: [Configured with: /builds/idf/crosstool-NG/.build/xtensa-esp32-elf/src/gcc/configure --build=x86_64-build_pc-linux-gnu --host=x86_64-build_pc-linux-gnu --target=xtensa-esp32-elf --prefix=/builds/idf/crosstool-NG/builds/xtensa-esp32-elf --exec_prefix=/builds/idf/crosstool-NG/builds/xtensa-esp32-elf --with-local-prefix=/builds/idf/crosstool-NG/builds/xtensa-esp32-elf/xtensa-esp32-elf --with-headers=/builds/idf/crosstool-NG/builds/xtensa-esp32-elf/xtensa-esp32-elf/include --with-newlib --enable-threads=no --disable-shared --with-pkgversion='crosstool-NG esp-12.2.0_20230208' --disable-__cxa_atexit --enable-cxx-flags=-ffunction-sections --disable-libgomp --disable-libmudflap --disable-libmpx --disable-libssp --disable-libquadmath --disable-libquadmath-support --disable-libstdcxx-verbose --with-gmp=/builds/idf/crosstool-NG/.build/xtensa-esp32-elf/buildtools --with-mpfr=/builds/idf/crosstool-NG/.build/xtensa-esp32-elf/buildtools --with-mpc=/builds/idf/crosstool-NG/.build/xtensa-esp32-elf/buildtools --with-isl=/builds/idf/crosstool-NG/.build/xtensa-esp32-elf/buildtools --enable-lto --enable-target-optspace --without-long-double-128 --disable-nls --enable-multiarch --enable-languages=c c++ --disable-libstdcxx-verbose --enable-threads=posix --enable-gcov-custom-rtio --enable-libstdcxx-time=yes]
  ignore line: [Thread model: posix]
  ignore line: [Supported LTO compression algorithms: zlib]
  ignore line: [gcc version 12.2.0 (crosstool-NG esp-12.2.0_20230208) ]
  ignore line: [COMPILER_PATH=/home/ian/TStickProject/sygaldry/nixenv/esp-idf-tools/tools/xtensa-esp32-elf/esp-12.2.0_20230208/xtensa-esp32-elf/bin/../libexec/gcc/xtensa-esp32-elf/12.2.0/:/home/ian/TStickProject/sygaldry/nixenv/esp-idf-tools/tools/xtensa-esp32-elf/esp-12.2.0_20230208/xtensa-esp32-elf/bin/../libexec/gcc/:/home/ian/TStickProject/sygaldry/nixenv/esp-idf-tools/tools/xtensa-esp32-elf/esp-12.2.0_20230208/xtensa-esp32-elf/bin/../lib/gcc/xtensa-esp32-elf/12.2.0/../../../../xtensa-esp32-elf/bin/]
  ignore line: [LIBRARY_PATH=/home/ian/TStickProject/sygaldry/nixenv/esp-idf-tools/tools/xtensa-esp32-elf/esp-12.2.0_20230208/xtensa-esp32-elf/bin/../lib/gcc/xtensa-esp32-elf/12.2.0/:/home/ian/TStickProject/sygaldry/nixenv/esp-idf-tools/tools/xtensa-esp32-elf/esp-12.2.0_20230208/xtensa-esp32-elf/bin/../lib/gcc/:/home/ian/TStickProject/sygaldry/nixenv/esp-idf-tools/tools/xtensa-esp32-elf/esp-12.2.0_20230208/xtensa-esp32-elf/bin/../lib/gcc/xtensa-esp32-elf/12.2.0/../../../../xtensa-esp32-elf/lib/]
  ignore line: [COLLECT_GCC_OPTIONS='-mlongcalls' '-Wno-frame-address' '-v' '-o' 'cmTC_15eae' '-dumpdir' 'cmTC_15eae.']
  link line: [ /home/ian/TStickProject/sygaldry/nixenv/esp-idf-tools/tools/xtensa-esp32-elf/esp-12.2.0_20230208/xtensa-esp32-elf/bin/../libexec/gcc/xtensa-esp32-elf/12.2.0/collect2 -plugin /home/ian/TStickProject/sygaldry/nixenv/esp-idf-tools/tools/xtensa-esp32-elf/esp-12.2.0_20230208/xtensa-esp32-elf/bin/../libexec/gcc/xtensa-esp32-elf/12.2.0/liblto_plugin.so -plugin-opt=/home/ian/TStickProject/sygaldry/nixenv/esp-idf-tools/tools/xtensa-esp32-elf/esp-12.2.0_20230208/xtensa-esp32-elf/bin/../libexec/gcc/xtensa-esp32-elf/12.2.0/lto-wrapper -plugin-opt=-fresolution=/run/user/1000/cc0ofbda.res -plugin-opt=-pass-through=-lgcc -plugin-opt=-pass-through=-lc -plugin-opt=-pass-through=-lnosys -plugin-opt=-pass-through=-lc -plugin-opt=-pass-through=-lgcc -o cmTC_15eae /home/ian/TStickProject/sygaldry/nixenv/esp-idf-tools/tools/xtensa-esp32-elf/esp-12.2.0_20230208/xtensa-esp32-elf/bin/../lib/gcc/xtensa-esp32-elf/12.2.0/../../../../xtensa-esp32-elf/lib/crt0.o /home/ian/TStickProject/sygaldry/nixenv/esp-idf-tools/tools/xtensa-esp32-elf/esp-12.2.0_20230208/xtensa-esp32-elf/bin/../lib/gcc/xtensa-esp32-elf/12.2.0/crti.o /home/ian/TStickProject/sygaldry/nixenv/esp-idf-tools/tools/xtensa-esp32-elf/esp-12.2.0_20230208/xtensa-esp32-elf/bin/../lib/gcc/xtensa-esp32-elf/12.2.0/crtbegin.o -L/home/ian/TStickProject/sygaldry/nixenv/esp-idf-tools/tools/xtensa-esp32-elf/esp-12.2.0_20230208/xtensa-esp32-elf/bin/../lib/gcc/xtensa-esp32-elf/12.2.0 -L/home/ian/TStickProject/sygaldry/nixenv/esp-idf-tools/tools/xtensa-esp32-elf/esp-12.2.0_20230208/xtensa-esp32-elf/bin/../lib/gcc -L/home/ian/TStickProject/sygaldry/nixenv/esp-idf-tools/tools/xtensa-esp32-elf/esp-12.2.0_20230208/xtensa-esp32-elf/bin/../lib/gcc/xtensa-esp32-elf/12.2.0/../../../../xtensa-esp32-elf/lib CMakeFiles/cmTC_15eae.dir/CMakeCCompilerABI.c.obj -lgcc -lc -lnosys -lc -lgcc /home/ian/TStickProject/sygaldry/nixenv/esp-idf-tools/tools/xtensa-esp32-elf/esp-12.2.0_20230208/xtensa-esp32-elf/bin/../lib/gcc/xtensa-esp32-elf/12.2.0/crtend.o /home/ian/TStickProject/sygaldry/nixenv/esp-idf-tools/tools/xtensa-esp32-elf/esp-12.2.0_20230208/xtensa-esp32-elf/bin/../lib/gcc/xtensa-esp32-elf/12.2.0/crtn.o]
    arg [/home/ian/TStickProject/sygaldry/nixenv/esp-idf-tools/tools/xtensa-esp32-elf/esp-12.2.0_20230208/xtensa-esp32-elf/bin/../libexec/gcc/xtensa-esp32-elf/12.2.0/collect2] ==> ignore
    arg [-plugin] ==> ignore
    arg [/home/ian/TStickProject/sygaldry/nixenv/esp-idf-tools/tools/xtensa-esp32-elf/esp-12.2.0_20230208/xtensa-esp32-elf/bin/../libexec/gcc/xtensa-esp32-elf/12.2.0/liblto_plugin.so] ==> ignore
    arg [-plugin-opt=/home/ian/TStickProject/sygaldry/nixenv/esp-idf-tools/tools/xtensa-esp32-elf/esp-12.2.0_20230208/xtensa-esp32-elf/bin/../libexec/gcc/xtensa-esp32-elf/12.2.0/lto-wrapper] ==> ignore
    arg [-plugin-opt=-fresolution=/run/user/1000/cc0ofbda.res] ==> ignore
    arg [-plugin-opt=-pass-through=-lgcc] ==> ignore
    arg [-plugin-opt=-pass-through=-lc] ==> ignore
    arg [-plugin-opt=-pass-through=-lnosys] ==> ignore
    arg [-plugin-opt=-pass-through=-lc] ==> ignore
    arg [-plugin-opt=-pass-through=-lgcc] ==> ignore
    arg [-o] ==> ignore
    arg [cmTC_15eae] ==> ignore
    arg [/home/ian/TStickProject/sygaldry/nixenv/esp-idf-tools/tools/xtensa-esp32-elf/esp-12.2.0_20230208/xtensa-esp32-elf/bin/../lib/gcc/xtensa-esp32-elf/12.2.0/../../../../xtensa-esp32-elf/lib/crt0.o] ==> obj [/home/ian/TStickProject/sygaldry/nixenv/esp-idf-tools/tools/xtensa-esp32-elf/esp-12.2.0_20230208/xtensa-esp32-elf/bin/../lib/gcc/xtensa-esp32-elf/12.2.0/../../../../xtensa-esp32-elf/lib/crt0.o]
    arg [/home/ian/TStickProject/sygaldry/nixenv/esp-idf-tools/tools/xtensa-esp32-elf/esp-12.2.0_20230208/xtensa-esp32-elf/bin/../lib/gcc/xtensa-esp32-elf/12.2.0/crti.o] ==> obj [/home/ian/TStickProject/sygaldry/nixenv/esp-idf-tools/tools/xtensa-esp32-elf/esp-12.2.0_20230208/xtensa-esp32-elf/bin/../lib/gcc/xtensa-esp32-elf/12.2.0/crti.o]
    arg [/home/ian/TStickProject/sygaldry/nixenv/esp-idf-tools/tools/xtensa-esp32-elf/esp-12.2.0_20230208/xtensa-esp32-elf/bin/../lib/gcc/xtensa-esp32-elf/12.2.0/crtbegin.o] ==> obj [/home/ian/TStickProject/sygaldry/nixenv/esp-idf-tools/tools/xtensa-esp32-elf/esp-12.2.0_20230208/xtensa-esp32-elf/bin/../lib/gcc/xtensa-esp32-elf/12.2.0/crtbegin.o]
    arg [-L/home/ian/TStickProject/sygaldry/nixenv/esp-idf-tools/tools/xtensa-esp32-elf/esp-12.2.0_20230208/xtensa-esp32-elf/bin/../lib/gcc/xtensa-esp32-elf/12.2.0] ==> dir [/home/ian/TStickProject/sygaldry/nixenv/esp-idf-tools/tools/xtensa-esp32-elf/esp-12.2.0_20230208/xtensa-esp32-elf/bin/../lib/gcc/xtensa-esp32-elf/12.2.0]
    arg [-L/home/ian/TStickProject/sygaldry/nixenv/esp-idf-tools/tools/xtensa-esp32-elf/esp-12.2.0_20230208/xtensa-esp32-elf/bin/../lib/gcc] ==> dir [/home/ian/TStickProject/sygaldry/nixenv/esp-idf-tools/tools/xtensa-esp32-elf/esp-12.2.0_20230208/xtensa-esp32-elf/bin/../lib/gcc]
    arg [-L/home/ian/TStickProject/sygaldry/nixenv/esp-idf-tools/tools/xtensa-esp32-elf/esp-12.2.0_20230208/xtensa-esp32-elf/bin/../lib/gcc/xtensa-esp32-elf/12.2.0/../../../../xtensa-esp32-elf/lib] ==> dir [/home/ian/TStickProject/sygaldry/nixenv/esp-idf-tools/tools/xtensa-esp32-elf/esp-12.2.0_20230208/xtensa-esp32-elf/bin/../lib/gcc/xtensa-esp32-elf/12.2.0/../../../../xtensa-esp32-elf/lib]
    arg [CMakeFiles/cmTC_15eae.dir/CMakeCCompilerABI.c.obj] ==> ignore
    arg [-lgcc] ==> lib [gcc]
    arg [-lc] ==> lib [c]
    arg [-lnosys] ==> lib [nosys]
    arg [-lc] ==> lib [c]
    arg [-lgcc] ==> lib [gcc]
    arg [/home/ian/TStickProject/sygaldry/nixenv/esp-idf-tools/tools/xtensa-esp32-elf/esp-12.2.0_20230208/xtensa-esp32-elf/bin/../lib/gcc/xtensa-esp32-elf/12.2.0/crtend.o] ==> obj [/home/ian/TStickProject/sygaldry/nixenv/esp-idf-tools/tools/xtensa-esp32-elf/esp-12.2.0_20230208/xtensa-esp32-elf/bin/../lib/gcc/xtensa-esp32-elf/12.2.0/crtend.o]
    arg [/home/ian/TStickProject/sygaldry/nixenv/esp-idf-tools/tools/xtensa-esp32-elf/esp-12.2.0_20230208/xtensa-esp32-elf/bin/../lib/gcc/xtensa-esp32-elf/12.2.0/crtn.o] ==> obj [/home/ian/TStickProject/sygaldry/nixenv/esp-idf-tools/tools/xtensa-esp32-elf/esp-12.2.0_20230208/xtensa-esp32-elf/bin/../lib/gcc/xtensa-esp32-elf/12.2.0/crtn.o]
  collapse obj [/home/ian/TStickProject/sygaldry/nixenv/esp-idf-tools/tools/xtensa-esp32-elf/esp-12.2.0_20230208/xtensa-esp32-elf/bin/../lib/gcc/xtensa-esp32-elf/12.2.0/../../../../xtensa-esp32-elf/lib/crt0.o] ==> [/home/ian/TStickProject/sygaldry/nixenv/esp-idf-tools/tools/xtensa-esp32-elf/esp-12.2.0_20230208/xtensa-esp32-elf/xtensa-esp32-elf/lib/crt0.o]
  collapse obj [/home/ian/TStickProject/sygaldry/nixenv/esp-idf-tools/tools/xtensa-esp32-elf/esp-12.2.0_20230208/xtensa-esp32-elf/bin/../lib/gcc/xtensa-esp32-elf/12.2.0/crti.o] ==> [/home/ian/TStickProject/sygaldry/nixenv/esp-idf-tools/tools/xtensa-esp32-elf/esp-12.2.0_20230208/xtensa-esp32-elf/lib/gcc/xtensa-esp32-elf/12.2.0/crti.o]
  collapse obj [/home/ian/TStickProject/sygaldry/nixenv/esp-idf-tools/tools/xtensa-esp32-elf/esp-12.2.0_20230208/xtensa-esp32-elf/bin/../lib/gcc/xtensa-esp32-elf/12.2.0/crtbegin.o] ==> [/home/ian/TStickProject/sygaldry/nixenv/esp-idf-tools/tools/xtensa-esp32-elf/esp-12.2.0_20230208/xtensa-esp32-elf/lib/gcc/xtensa-esp32-elf/12.2.0/crtbegin.o]
  collapse obj [/home/ian/TStickProject/sygaldry/nixenv/esp-idf-tools/tools/xtensa-esp32-elf/esp-12.2.0_20230208/xtensa-esp32-elf/bin/../lib/gcc/xtensa-esp32-elf/12.2.0/crtend.o] ==> [/home/ian/TStickProject/sygaldry/nixenv/esp-idf-tools/tools/xtensa-esp32-elf/esp-12.2.0_20230208/xtensa-esp32-elf/lib/gcc/xtensa-esp32-elf/12.2.0/crtend.o]
  collapse obj [/home/ian/TStickProject/sygaldry/nixenv/esp-idf-tools/tools/xtensa-esp32-elf/esp-12.2.0_20230208/xtensa-esp32-elf/bin/../lib/gcc/xtensa-esp32-elf/12.2.0/crtn.o] ==> [/home/ian/TStickProject/sygaldry/nixenv/esp-idf-tools/tools/xtensa-esp32-elf/esp-12.2.0_20230208/xtensa-esp32-elf/lib/gcc/xtensa-esp32-elf/12.2.0/crtn.o]
  collapse library dir [/home/ian/TStickProject/sygaldry/nixenv/esp-idf-tools/tools/xtensa-esp32-elf/esp-12.2.0_20230208/xtensa-esp32-elf/bin/../lib/gcc/xtensa-esp32-elf/12.2.0] ==> [/home/ian/TStickProject/sygaldry/nixenv/esp-idf-tools/tools/xtensa-esp32-elf/esp-12.2.0_20230208/xtensa-esp32-elf/lib/gcc/xtensa-esp32-elf/12.2.0]
  collapse library dir [/home/ian/TStickProject/sygaldry/nixenv/esp-idf-tools/tools/xtensa-esp32-elf/esp-12.2.0_20230208/xtensa-esp32-elf/bin/../lib/gcc] ==> [/home/ian/TStickProject/sygaldry/nixenv/esp-idf-tools/tools/xtensa-esp32-elf/esp-12.2.0_20230208/xtensa-esp32-elf/lib/gcc]
  collapse library dir [/home/ian/TStickProject/sygaldry/nixenv/esp-idf-tools/tools/xtensa-esp32-elf/esp-12.2.0_20230208/xtensa-esp32-elf/bin/../lib/gcc/xtensa-esp32-elf/12.2.0/../../../../xtensa-esp32-elf/lib] ==> [/home/ian/TStickProject/sygaldry/nixenv/esp-idf-tools/tools/xtensa-esp32-elf/esp-12.2.0_20230208/xtensa-esp32-elf/xtensa-esp32-elf/lib]
  implicit libs: [gcc;c;nosys;c;gcc]
  implicit objs: [/home/ian/TStickProject/sygaldry/nixenv/esp-idf-tools/tools/xtensa-esp32-elf/esp-12.2.0_20230208/xtensa-esp32-elf/xtensa-esp32-elf/lib/crt0.o;/home/ian/TStickProject/sygaldry/nixenv/esp-idf-tools/tools/xtensa-esp32-elf/esp-12.2.0_20230208/xtensa-esp32-elf/lib/gcc/xtensa-esp32-elf/12.2.0/crti.o;/home/ian/TStickProject/sygaldry/nixenv/esp-idf-tools/tools/xtensa-esp32-elf/esp-12.2.0_20230208/xtensa-esp32-elf/lib/gcc/xtensa-esp32-elf/12.2.0/crtbegin.o;/home/ian/TStickProject/sygaldry/nixenv/esp-idf-tools/tools/xtensa-esp32-elf/esp-12.2.0_20230208/xtensa-esp32-elf/lib/gcc/xtensa-esp32-elf/12.2.0/crtend.o;/home/ian/TStickProject/sygaldry/nixenv/esp-idf-tools/tools/xtensa-esp32-elf/esp-12.2.0_20230208/xtensa-esp32-elf/lib/gcc/xtensa-esp32-elf/12.2.0/crtn.o]
  implicit dirs: [/home/ian/TStickProject/sygaldry/nixenv/esp-idf-tools/tools/xtensa-esp32-elf/esp-12.2.0_20230208/xtensa-esp32-elf/lib/gcc/xtensa-esp32-elf/12.2.0;/home/ian/TStickProject/sygaldry/nixenv/esp-idf-tools/tools/xtensa-esp32-elf/esp-12.2.0_20230208/xtensa-esp32-elf/lib/gcc;/home/ian/TStickProject/sygaldry/nixenv/esp-idf-tools/tools/xtensa-esp32-elf/esp-12.2.0_20230208/xtensa-esp32-elf/xtensa-esp32-elf/lib]
  implicit fwks: []


Detecting CXX compiler ABI info compiled with the following output:
Change Dir: /home/ian/TStickProject/sygaldry/sygaldry-instruments/t_stick_synth/build/bootloader/CMakeFiles/CMakeScratch/TryCompile-HXstmz

Run Build Command(s):/nix/store/rcakkm09fivblba082qb6jch02926qhq-ninja-1.11.1/bin/ninja cmTC_7bc07 && [1/2] Building CXX object CMakeFiles/cmTC_7bc07.dir/CMakeCXXCompilerABI.cpp.obj
Using built-in specs.
COLLECT_GCC=/home/ian/TStickProject/sygaldry/nixenv/esp-idf-tools/tools/xtensa-esp32-elf/esp-12.2.0_20230208/xtensa-esp32-elf/bin/xtensa-esp32-elf-g++
Target: xtensa-esp32-elf
Configured with: /builds/idf/crosstool-NG/.build/xtensa-esp32-elf/src/gcc/configure --build=x86_64-build_pc-linux-gnu --host=x86_64-build_pc-linux-gnu --target=xtensa-esp32-elf --prefix=/builds/idf/crosstool-NG/builds/xtensa-esp32-elf --exec_prefix=/builds/idf/crosstool-NG/builds/xtensa-esp32-elf --with-local-prefix=/builds/idf/crosstool-NG/builds/xtensa-esp32-elf/xtensa-esp32-elf --with-headers=/builds/idf/crosstool-NG/builds/xtensa-esp32-elf/xtensa-esp32-elf/include --with-newlib --enable-threads=no --disable-shared --with-pkgversion='crosstool-NG esp-12.2.0_20230208' --disable-__cxa_atexit --enable-cxx-flags=-ffunction-sections --disable-libgomp --disable-libmudflap --disable-libmpx --disable-libssp --disable-libquadmath --disable-libquadmath-support --disable-libstdcxx-verbose --with-gmp=/builds/idf/crosstool-NG/.build/xtensa-esp32-elf/buildtools --with-mpfr=/builds/idf/crosstool-NG/.build/xtensa-esp32-elf/buildtools --with-mpc=/builds/idf/crosstool-NG/.build/xtensa-esp32-elf/buildtools --with-isl=/builds/idf/crosstool-NG/.build/xtensa-esp32-elf/buildtools --enable-lto --enable-target-optspace --without-long-double-128 --disable-nls --enable-multiarch --enable-languages=c,c++ --disable-libstdcxx-verbose --enable-threads=posix --enable-gcov-custom-rtio --enable-libstdcxx-time=yes
Thread model: posix
Supported LTO compression algorithms: zlib
gcc version 12.2.0 (crosstool-NG esp-12.2.0_20230208) 
COLLECT_GCC_OPTIONS='-mlongcalls' '-Wno-frame-address' '-v' '-o' 'CMakeFiles/cmTC_7bc07.dir/CMakeCXXCompilerABI.cpp.obj' '-c' '-dumpdir' 'CMakeFiles/cmTC_7bc07.dir/'
 /home/ian/TStickProject/sygaldry/nixenv/esp-idf-tools/tools/xtensa-esp32-elf/esp-12.2.0_20230208/xtensa-esp32-elf/bin/../libexec/gcc/xtensa-esp32-elf/12.2.0/cc1plus -quiet -v -iprefix /home/ian/TStickProject/sygaldry/nixenv/esp-idf-tools/tools/xtensa-esp32-elf/esp-12.2.0_20230208/xtensa-esp32-elf/bin/../lib/gcc/xtensa-esp32-elf/12.2.0/ /nix/store/fic9avx8yabwb3ib8m49ld3kq9fkwwwd-cmake-3.25.3/share/cmake-3.25/Modules/CMakeCXXCompilerABI.cpp -quiet -dumpdir CMakeFiles/cmTC_7bc07.dir/ -dumpbase CMakeCXXCompilerABI.cpp.cpp -dumpbase-ext .cpp -mlongcalls -Wno-frame-address -version -o /run/user/1000/cclZc1Y0.s
GNU C++17 (crosstool-NG esp-12.2.0_20230208) version 12.2.0 (xtensa-esp32-elf)
	compiled by GNU C version 4.9.2, GMP version 6.2.1, MPFR version 4.1.0, MPC version 1.2.1, isl version isl-0.24-GMP

GGC heuristics: --param ggc-min-expand=100 --param ggc-min-heapsize=131072
ignoring duplicate directory "/home/ian/TStickProject/sygaldry/nixenv/esp-idf-tools/tools/xtensa-esp32-elf/esp-12.2.0_20230208/xtensa-esp32-elf/bin/../lib/gcc/../../lib/gcc/xtensa-esp32-elf/12.2.0/../../../../xtensa-esp32-elf/include/c++/12.2.0"
ignoring duplicate directory "/home/ian/TStickProject/sygaldry/nixenv/esp-idf-tools/tools/xtensa-esp32-elf/esp-12.2.0_20230208/xtensa-esp32-elf/bin/../lib/gcc/../../lib/gcc/xtensa-esp32-elf/12.2.0/../../../../xtensa-esp32-elf/include/c++/12.2.0/xtensa-esp32-elf"
ignoring duplicate directory "/home/ian/TStickProject/sygaldry/nixenv/esp-idf-tools/tools/xtensa-esp32-elf/esp-12.2.0_20230208/xtensa-esp32-elf/bin/../lib/gcc/../../lib/gcc/xtensa-esp32-elf/12.2.0/../../../../xtensa-esp32-elf/include/c++/12.2.0/backward"
ignoring duplicate directory "/home/ian/TStickProject/sygaldry/nixenv/esp-idf-tools/tools/xtensa-esp32-elf/esp-12.2.0_20230208/xtensa-esp32-elf/bin/../lib/gcc/../../lib/gcc/xtensa-esp32-elf/12.2.0/include"
ignoring duplicate directory "/home/ian/TStickProject/sygaldry/nixenv/esp-idf-tools/tools/xtensa-esp32-elf/esp-12.2.0_20230208/xtensa-esp32-elf/bin/../lib/gcc/../../lib/gcc/xtensa-esp32-elf/12.2.0/include-fixed"
ignoring duplicate directory "/home/ian/TStickProject/sygaldry/nixenv/esp-idf-tools/tools/xtensa-esp32-elf/esp-12.2.0_20230208/xtensa-esp32-elf/bin/../lib/gcc/../../lib/gcc/xtensa-esp32-elf/12.2.0/../../../../xtensa-esp32-elf/sys-include"
ignoring duplicate directory "/home/ian/TStickProject/sygaldry/nixenv/esp-idf-tools/tools/xtensa-esp32-elf/esp-12.2.0_20230208/xtensa-esp32-elf/bin/../lib/gcc/../../lib/gcc/xtensa-esp32-elf/12.2.0/../../../../xtensa-esp32-elf/include"
#include "..." search starts here:
#include <...> search starts here:
 /home/ian/TStickProject/sygaldry/nixenv/esp-idf-tools/tools/xtensa-esp32-elf/esp-12.2.0_20230208/xtensa-esp32-elf/bin/../lib/gcc/xtensa-esp32-elf/12.2.0/../../../../xtensa-esp32-elf/include/c++/12.2.0
 /home/ian/TStickProject/sygaldry/nixenv/esp-idf-tools/tools/xtensa-esp32-elf/esp-12.2.0_20230208/xtensa-esp32-elf/bin/../lib/gcc/xtensa-esp32-elf/12.2.0/../../../../xtensa-esp32-elf/include/c++/12.2.0/xtensa-esp32-elf
 /home/ian/TStickProject/sygaldry/nixenv/esp-idf-tools/tools/xtensa-esp32-elf/esp-12.2.0_20230208/xtensa-esp32-elf/bin/../lib/gcc/xtensa-esp32-elf/12.2.0/../../../../xtensa-esp32-elf/include/c++/12.2.0/backward
 /home/ian/TStickProject/sygaldry/nixenv/esp-idf-tools/tools/xtensa-esp32-elf/esp-12.2.0_20230208/xtensa-esp32-elf/bin/../lib/gcc/xtensa-esp32-elf/12.2.0/include
 /home/ian/TStickProject/sygaldry/nixenv/esp-idf-tools/tools/xtensa-esp32-elf/esp-12.2.0_20230208/xtensa-esp32-elf/bin/../lib/gcc/xtensa-esp32-elf/12.2.0/include-fixed
 /home/ian/TStickProject/sygaldry/nixenv/esp-idf-tools/tools/xtensa-esp32-elf/esp-12.2.0_20230208/xtensa-esp32-elf/bin/../lib/gcc/xtensa-esp32-elf/12.2.0/../../../../xtensa-esp32-elf/sys-include
 /home/ian/TStickProject/sygaldry/nixenv/esp-idf-tools/tools/xtensa-esp32-elf/esp-12.2.0_20230208/xtensa-esp32-elf/bin/../lib/gcc/xtensa-esp32-elf/12.2.0/../../../../xtensa-esp32-elf/include
End of search list.
GNU C++17 (crosstool-NG esp-12.2.0_20230208) version 12.2.0 (xtensa-esp32-elf)
	compiled by GNU C version 4.9.2, GMP version 6.2.1, MPFR version 4.1.0, MPC version 1.2.1, isl version isl-0.24-GMP

GGC heuristics: --param ggc-min-expand=100 --param ggc-min-heapsize=131072
Compiler executable checksum: 14c3d3463b249927e358e8af6e36a201
COLLECT_GCC_OPTIONS='-mlongcalls' '-Wno-frame-address' '-v' '-o' 'CMakeFiles/cmTC_7bc07.dir/CMakeCXXCompilerABI.cpp.obj' '-c' '-dumpdir' 'CMakeFiles/cmTC_7bc07.dir/'
 /home/ian/TStickProject/sygaldry/nixenv/esp-idf-tools/tools/xtensa-esp32-elf/esp-12.2.0_20230208/xtensa-esp32-elf/bin/../lib/gcc/xtensa-esp32-elf/12.2.0/../../../../xtensa-esp32-elf/bin/as --traditional-format --longcalls -o CMakeFiles/cmTC_7bc07.dir/CMakeCXXCompilerABI.cpp.obj /run/user/1000/cclZc1Y0.s
COMPILER_PATH=/home/ian/TStickProject/sygaldry/nixenv/esp-idf-tools/tools/xtensa-esp32-elf/esp-12.2.0_20230208/xtensa-esp32-elf/bin/../libexec/gcc/xtensa-esp32-elf/12.2.0/:/home/ian/TStickProject/sygaldry/nixenv/esp-idf-tools/tools/xtensa-esp32-elf/esp-12.2.0_20230208/xtensa-esp32-elf/bin/../libexec/gcc/:/home/ian/TStickProject/sygaldry/nixenv/esp-idf-tools/tools/xtensa-esp32-elf/esp-12.2.0_20230208/xtensa-esp32-elf/bin/../lib/gcc/xtensa-esp32-elf/12.2.0/../../../../xtensa-esp32-elf/bin/
LIBRARY_PATH=/home/ian/TStickProject/sygaldry/nixenv/esp-idf-tools/tools/xtensa-esp32-elf/esp-12.2.0_20230208/xtensa-esp32-elf/bin/../lib/gcc/xtensa-esp32-elf/12.2.0/:/home/ian/TStickProject/sygaldry/nixenv/esp-idf-tools/tools/xtensa-esp32-elf/esp-12.2.0_20230208/xtensa-esp32-elf/bin/../lib/gcc/:/home/ian/TStickProject/sygaldry/nixenv/esp-idf-tools/tools/xtensa-esp32-elf/esp-12.2.0_20230208/xtensa-esp32-elf/bin/../lib/gcc/xtensa-esp32-elf/12.2.0/../../../../xtensa-esp32-elf/lib/
COLLECT_GCC_OPTIONS='-mlongcalls' '-Wno-frame-address' '-v' '-o' 'CMakeFiles/cmTC_7bc07.dir/CMakeCXXCompilerABI.cpp.obj' '-c' '-dumpdir' 'CMakeFiles/cmTC_7bc07.dir/CMakeCXXCompilerABI.cpp.'
[2/2] Linking CXX executable cmTC_7bc07
Using built-in specs.
COLLECT_GCC=/home/ian/TStickProject/sygaldry/nixenv/esp-idf-tools/tools/xtensa-esp32-elf/esp-12.2.0_20230208/xtensa-esp32-elf/bin/xtensa-esp32-elf-g++
COLLECT_LTO_WRAPPER=/home/ian/TStickProject/sygaldry/nixenv/esp-idf-tools/tools/xtensa-esp32-elf/esp-12.2.0_20230208/xtensa-esp32-elf/bin/../libexec/gcc/xtensa-esp32-elf/12.2.0/lto-wrapper
Target: xtensa-esp32-elf
Configured with: /builds/idf/crosstool-NG/.build/xtensa-esp32-elf/src/gcc/configure --build=x86_64-build_pc-linux-gnu --host=x86_64-build_pc-linux-gnu --target=xtensa-esp32-elf --prefix=/builds/idf/crosstool-NG/builds/xtensa-esp32-elf --exec_prefix=/builds/idf/crosstool-NG/builds/xtensa-esp32-elf --with-local-prefix=/builds/idf/crosstool-NG/builds/xtensa-esp32-elf/xtensa-esp32-elf --with-headers=/builds/idf/crosstool-NG/builds/xtensa-esp32-elf/xtensa-esp32-elf/include --with-newlib --enable-threads=no --disable-shared --with-pkgversion='crosstool-NG esp-12.2.0_20230208' --disable-__cxa_atexit --enable-cxx-flags=-ffunction-sections --disable-libgomp --disable-libmudflap --disable-libmpx --disable-libssp --disable-libquadmath --disable-libquadmath-support --disable-libstdcxx-verbose --with-gmp=/builds/idf/crosstool-NG/.build/xtensa-esp32-elf/buildtools --with-mpfr=/builds/idf/crosstool-NG/.build/xtensa-esp32-elf/buildtools --with-mpc=/builds/idf/crosstool-NG/.build/xtensa-esp32-elf/buildtools --with-isl=/builds/idf/crosstool-NG/.build/xtensa-esp32-elf/buildtools --enable-lto --enable-target-optspace --without-long-double-128 --disable-nls --enable-multiarch --enable-languages=c,c++ --disable-libstdcxx-verbose --enable-threads=posix --enable-gcov-custom-rtio --enable-libstdcxx-time=yes
Thread model: posix
Supported LTO compression algorithms: zlib
gcc version 12.2.0 (crosstool-NG esp-12.2.0_20230208) 
COMPILER_PATH=/home/ian/TStickProject/sygaldry/nixenv/esp-idf-tools/tools/xtensa-esp32-elf/esp-12.2.0_20230208/xtensa-esp32-elf/bin/../libexec/gcc/xtensa-esp32-elf/12.2.0/:/home/ian/TStickProject/sygaldry/nixenv/esp-idf-tools/tools/xtensa-esp32-elf/esp-12.2.0_20230208/xtensa-esp32-elf/bin/../libexec/gcc/:/home/ian/TStickProject/sygaldry/nixenv/esp-idf-tools/tools/xtensa-esp32-elf/esp-12.2.0_20230208/xtensa-esp32-elf/bin/../lib/gcc/xtensa-esp32-elf/12.2.0/../../../../xtensa-esp32-elf/bin/
LIBRARY_PATH=/home/ian/TStickProject/sygaldry/nixenv/esp-idf-tools/tools/xtensa-esp32-elf/esp-12.2.0_20230208/xtensa-esp32-elf/bin/../lib/gcc/xtensa-esp32-elf/12.2.0/:/home/ian/TStickProject/sygaldry/nixenv/esp-idf-tools/tools/xtensa-esp32-elf/esp-12.2.0_20230208/xtensa-esp32-elf/bin/../lib/gcc/:/home/ian/TStickProject/sygaldry/nixenv/esp-idf-tools/tools/xtensa-esp32-elf/esp-12.2.0_20230208/xtensa-esp32-elf/bin/../lib/gcc/xtensa-esp32-elf/12.2.0/../../../../xtensa-esp32-elf/lib/
COLLECT_GCC_OPTIONS='-mlongcalls' '-Wno-frame-address' '-v' '-o' 'cmTC_7bc07' '-dumpdir' 'cmTC_7bc07.'
 /home/ian/TStickProject/sygaldry/nixenv/esp-idf-tools/tools/xtensa-esp32-elf/esp-12.2.0_20230208/xtensa-esp32-elf/bin/../libexec/gcc/xtensa-esp32-elf/12.2.0/collect2 -plugin /home/ian/TStickProject/sygaldry/nixenv/esp-idf-tools/tools/xtensa-esp32-elf/esp-12.2.0_20230208/xtensa-esp32-elf/bin/../libexec/gcc/xtensa-esp32-elf/12.2.0/liblto_plugin.so -plugin-opt=/home/ian/TStickProject/sygaldry/nixenv/esp-idf-tools/tools/xtensa-esp32-elf/esp-12.2.0_20230208/xtensa-esp32-elf/bin/../libexec/gcc/xtensa-esp32-elf/12.2.0/lto-wrapper -plugin-opt=-fresolution=/run/user/1000/ccfaY143.res -plugin-opt=-pass-through=-lgcc -plugin-opt=-pass-through=-lc -plugin-opt=-pass-through=-lnosys -plugin-opt=-pass-through=-lc -plugin-opt=-pass-through=-lgcc -o cmTC_7bc07 /home/ian/TStickProject/sygaldry/nixenv/esp-idf-tools/tools/xtensa-esp32-elf/esp-12.2.0_20230208/xtensa-esp32-elf/bin/../lib/gcc/xtensa-esp32-elf/12.2.0/../../../../xtensa-esp32-elf/lib/crt0.o /home/ian/TStickProject/sygaldry/nixenv/esp-idf-tools/tools/xtensa-esp32-elf/esp-12.2.0_20230208/xtensa-esp32-elf/bin/../lib/gcc/xtensa-esp32-elf/12.2.0/crti.o /home/ian/TStickProject/sygaldry/nixenv/esp-idf-tools/tools/xtensa-esp32-elf/esp-12.2.0_20230208/xtensa-esp32-elf/bin/../lib/gcc/xtensa-esp32-elf/12.2.0/crtbegin.o -L/home/ian/TStickProject/sygaldry/nixenv/esp-idf-tools/tools/xtensa-esp32-elf/esp-12.2.0_20230208/xtensa-esp32-elf/bin/../lib/gcc/xtensa-esp32-elf/12.2.0 -L/home/ian/TStickProject/sygaldry/nixenv/esp-idf-tools/tools/xtensa-esp32-elf/esp-12.2.0_20230208/xtensa-esp32-elf/bin/../lib/gcc -L/home/ian/TStickProject/sygaldry/nixenv/esp-idf-tools/tools/xtensa-esp32-elf/esp-12.2.0_20230208/xtensa-esp32-elf/bin/../lib/gcc/xtensa-esp32-elf/12.2.0/../../../../xtensa-esp32-elf/lib CMakeFiles/cmTC_7bc07.dir/CMakeCXXCompilerABI.cpp.obj -lstdc++ -lm -lgcc -lc -lnosys -lc -lgcc /home/ian/TStickProject/sygaldry/nixenv/esp-idf-tools/tools/xtensa-esp32-elf/esp-12.2.0_20230208/xtensa-esp32-elf/bin/../lib/gcc/xtensa-esp32-elf/12.2.0/crtend.o /home/ian/TStickProject/sygaldry/nixenv/esp-idf-tools/tools/xtensa-esp32-elf/esp-12.2.0_20230208/xtensa-esp32-elf/bin/../lib/gcc/xtensa-esp32-elf/12.2.0/crtn.o
COLLECT_GCC_OPTIONS='-mlongcalls' '-Wno-frame-address' '-v' '-o' 'cmTC_7bc07' '-dumpdir' 'cmTC_7bc07.'



Parsed CXX implicit include dir info from above output: rv=done
  found start of include info
  found start of implicit include info
    add: [/home/ian/TStickProject/sygaldry/nixenv/esp-idf-tools/tools/xtensa-esp32-elf/esp-12.2.0_20230208/xtensa-esp32-elf/bin/../lib/gcc/xtensa-esp32-elf/12.2.0/../../../../xtensa-esp32-elf/include/c++/12.2.0]
    add: [/home/ian/TStickProject/sygaldry/nixenv/esp-idf-tools/tools/xtensa-esp32-elf/esp-12.2.0_20230208/xtensa-esp32-elf/bin/../lib/gcc/xtensa-esp32-elf/12.2.0/../../../../xtensa-esp32-elf/include/c++/12.2.0/xtensa-esp32-elf]
    add: [/home/ian/TStickProject/sygaldry/nixenv/esp-idf-tools/tools/xtensa-esp32-elf/esp-12.2.0_20230208/xtensa-esp32-elf/bin/../lib/gcc/xtensa-esp32-elf/12.2.0/../../../../xtensa-esp32-elf/include/c++/12.2.0/backward]
    add: [/home/ian/TStickProject/sygaldry/nixenv/esp-idf-tools/tools/xtensa-esp32-elf/esp-12.2.0_20230208/xtensa-esp32-elf/bin/../lib/gcc/xtensa-esp32-elf/12.2.0/include]
    add: [/home/ian/TStickProject/sygaldry/nixenv/esp-idf-tools/tools/xtensa-esp32-elf/esp-12.2.0_20230208/xtensa-esp32-elf/bin/../lib/gcc/xtensa-esp32-elf/12.2.0/include-fixed]
    add: [/home/ian/TStickProject/sygaldry/nixenv/esp-idf-tools/tools/xtensa-esp32-elf/esp-12.2.0_20230208/xtensa-esp32-elf/bin/../lib/gcc/xtensa-esp32-elf/12.2.0/../../../../xtensa-esp32-elf/sys-include]
    add: [/home/ian/TStickProject/sygaldry/nixenv/esp-idf-tools/tools/xtensa-esp32-elf/esp-12.2.0_20230208/xtensa-esp32-elf/bin/../lib/gcc/xtensa-esp32-elf/12.2.0/../../../../xtensa-esp32-elf/include]
  end of search list found
  collapse include dir [/home/ian/TStickProject/sygaldry/nixenv/esp-idf-tools/tools/xtensa-esp32-elf/esp-12.2.0_20230208/xtensa-esp32-elf/bin/../lib/gcc/xtensa-esp32-elf/12.2.0/../../../../xtensa-esp32-elf/include/c++/12.2.0] ==> [/home/ian/TStickProject/sygaldry/nixenv/esp-idf-tools/tools/xtensa-esp32-elf/esp-12.2.0_20230208/xtensa-esp32-elf/xtensa-esp32-elf/include/c++/12.2.0]
  collapse include dir [/home/ian/TStickProject/sygaldry/nixenv/esp-idf-tools/tools/xtensa-esp32-elf/esp-12.2.0_20230208/xtensa-esp32-elf/bin/../lib/gcc/xtensa-esp32-elf/12.2.0/../../../../xtensa-esp32-elf/include/c++/12.2.0/xtensa-esp32-elf] ==> [/home/ian/TStickProject/sygaldry/nixenv/esp-idf-tools/tools/xtensa-esp32-elf/esp-12.2.0_20230208/xtensa-esp32-elf/xtensa-esp32-elf/include/c++/12.2.0/xtensa-esp32-elf]
  collapse include dir [/home/ian/TStickProject/sygaldry/nixenv/esp-idf-tools/tools/xtensa-esp32-elf/esp-12.2.0_20230208/xtensa-esp32-elf/bin/../lib/gcc/xtensa-esp32-elf/12.2.0/../../../../xtensa-esp32-elf/include/c++/12.2.0/backward] ==> [/home/ian/TStickProject/sygaldry/nixenv/esp-idf-tools/tools/xtensa-esp32-elf/esp-12.2.0_20230208/xtensa-esp32-elf/xtensa-esp32-elf/include/c++/12.2.0/backward]
  collapse include dir [/home/ian/TStickProject/sygaldry/nixenv/esp-idf-tools/tools/xtensa-esp32-elf/esp-12.2.0_20230208/xtensa-esp32-elf/bin/../lib/gcc/xtensa-esp32-elf/12.2.0/include] ==> [/home/ian/TStickProject/sygaldry/nixenv/esp-idf-tools/tools/xtensa-esp32-elf/esp-12.2.0_20230208/xtensa-esp32-elf/lib/gcc/xtensa-esp32-elf/12.2.0/include]
  collapse include dir [/home/ian/TStickProject/sygaldry/nixenv/esp-idf-tools/tools/xtensa-esp32-elf/esp-12.2.0_20230208/xtensa-esp32-elf/bin/../lib/gcc/xtensa-esp32-elf/12.2.0/include-fixed] ==> [/home/ian/TStickProject/sygaldry/nixenv/esp-idf-tools/tools/xtensa-esp32-elf/esp-12.2.0_20230208/xtensa-esp32-elf/lib/gcc/xtensa-esp32-elf/12.2.0/include-fixed]
  collapse include dir [/home/ian/TStickProject/sygaldry/nixenv/esp-idf-tools/tools/xtensa-esp32-elf/esp-12.2.0_20230208/xtensa-esp32-elf/bin/../lib/gcc/xtensa-esp32-elf/12.2.0/../../../../xtensa-esp32-elf/sys-include] ==> [/home/ian/TStickProject/sygaldry/nixenv/esp-idf-tools/tools/xtensa-esp32-elf/esp-12.2.0_20230208/xtensa-esp32-elf/xtensa-esp32-elf/sys-include]
  collapse include dir [/home/ian/TStickProject/sygaldry/nixenv/esp-idf-tools/tools/xtensa-esp32-elf/esp-12.2.0_20230208/xtensa-esp32-elf/bin/../lib/gcc/xtensa-esp32-elf/12.2.0/../../../../xtensa-esp32-elf/include] ==> [/home/ian/TStickProject/sygaldry/nixenv/esp-idf-tools/tools/xtensa-esp32-elf/esp-12.2.0_20230208/xtensa-esp32-elf/xtensa-esp32-elf/include]
  implicit include dirs: [/home/ian/TStickProject/sygaldry/nixenv/esp-idf-tools/tools/xtensa-esp32-elf/esp-12.2.0_20230208/xtensa-esp32-elf/xtensa-esp32-elf/include/c++/12.2.0;/home/ian/TStickProject/sygaldry/nixenv/esp-idf-tools/tools/xtensa-esp32-elf/esp-12.2.0_20230208/xtensa-esp32-elf/xtensa-esp32-elf/include/c++/12.2.0/xtensa-esp32-elf;/home/ian/TStickProject/sygaldry/nixenv/esp-idf-tools/tools/xtensa-esp32-elf/esp-12.2.0_20230208/xtensa-esp32-elf/xtensa-esp32-elf/include/c++/12.2.0/backward;/home/ian/TStickProject/sygaldry/nixenv/esp-idf-tools/tools/xtensa-esp32-elf/esp-12.2.0_20230208/xtensa-esp32-elf/lib/gcc/xtensa-esp32-elf/12.2.0/include;/home/ian/TStickProject/sygaldry/nixenv/esp-idf-tools/tools/xtensa-esp32-elf/esp-12.2.0_20230208/xtensa-esp32-elf/lib/gcc/xtensa-esp32-elf/12.2.0/include-fixed;/home/ian/TStickProject/sygaldry/nixenv/esp-idf-tools/tools/xtensa-esp32-elf/esp-12.2.0_20230208/xtensa-esp32-elf/xtensa-esp32-elf/sys-include;/home/ian/TStickProject/sygaldry/nixenv/esp-idf-tools/tools/xtensa-esp32-elf/esp-12.2.0_20230208/xtensa-esp32-elf/xtensa-esp32-elf/include]


Parsed CXX implicit link information from above output:
  link line regex: [^( *|.*[/\])(xtensa-esp32-elf-ld|CMAKE_LINK_STARTFILE-NOTFOUND|([^/\]+-)?ld|collect2)[^/\]*( |$)]
  ignore line: [Change Dir: /home/ian/TStickProject/sygaldry/sygaldry-instruments/t_stick_synth/build/bootloader/CMakeFiles/CMakeScratch/TryCompile-HXstmz]
  ignore line: []
  ignore line: [Run Build Command(s):/nix/store/rcakkm09fivblba082qb6jch02926qhq-ninja-1.11.1/bin/ninja cmTC_7bc07 && [1/2] Building CXX object CMakeFiles/cmTC_7bc07.dir/CMakeCXXCompilerABI.cpp.obj]
  ignore line: [Using built-in specs.]
  ignore line: [COLLECT_GCC=/home/ian/TStickProject/sygaldry/nixenv/esp-idf-tools/tools/xtensa-esp32-elf/esp-12.2.0_20230208/xtensa-esp32-elf/bin/xtensa-esp32-elf-g++]
  ignore line: [Target: xtensa-esp32-elf]
  ignore line: [Configured with: /builds/idf/crosstool-NG/.build/xtensa-esp32-elf/src/gcc/configure --build=x86_64-build_pc-linux-gnu --host=x86_64-build_pc-linux-gnu --target=xtensa-esp32-elf --prefix=/builds/idf/crosstool-NG/builds/xtensa-esp32-elf --exec_prefix=/builds/idf/crosstool-NG/builds/xtensa-esp32-elf --with-local-prefix=/builds/idf/crosstool-NG/builds/xtensa-esp32-elf/xtensa-esp32-elf --with-headers=/builds/idf/crosstool-NG/builds/xtensa-esp32-elf/xtensa-esp32-elf/include --with-newlib --enable-threads=no --disable-shared --with-pkgversion='crosstool-NG esp-12.2.0_20230208' --disable-__cxa_atexit --enable-cxx-flags=-ffunction-sections --disable-libgomp --disable-libmudflap --disable-libmpx --disable-libssp --disable-libquadmath --disable-libquadmath-support --disable-libstdcxx-verbose --with-gmp=/builds/idf/crosstool-NG/.build/xtensa-esp32-elf/buildtools --with-mpfr=/builds/idf/crosstool-NG/.build/xtensa-esp32-elf/buildtools --with-mpc=/builds/idf/crosstool-NG/.build/xtensa-esp32-elf/buildtools --with-isl=/builds/idf/crosstool-NG/.build/xtensa-esp32-elf/buildtools --enable-lto --enable-target-optspace --without-long-double-128 --disable-nls --enable-multiarch --enable-languages=c c++ --disable-libstdcxx-verbose --enable-threads=posix --enable-gcov-custom-rtio --enable-libstdcxx-time=yes]
  ignore line: [Thread model: posix]
  ignore line: [Supported LTO compression algorithms: zlib]
  ignore line: [gcc version 12.2.0 (crosstool-NG esp-12.2.0_20230208) ]
  ignore line: [COLLECT_GCC_OPTIONS='-mlongcalls' '-Wno-frame-address' '-v' '-o' 'CMakeFiles/cmTC_7bc07.dir/CMakeCXXCompilerABI.cpp.obj' '-c' '-dumpdir' 'CMakeFiles/cmTC_7bc07.dir/']
  ignore line: [ /home/ian/TStickProject/sygaldry/nixenv/esp-idf-tools/tools/xtensa-esp32-elf/esp-12.2.0_20230208/xtensa-esp32-elf/bin/../libexec/gcc/xtensa-esp32-elf/12.2.0/cc1plus -quiet -v -iprefix /home/ian/TStickProject/sygaldry/nixenv/esp-idf-tools/tools/xtensa-esp32-elf/esp-12.2.0_20230208/xtensa-esp32-elf/bin/../lib/gcc/xtensa-esp32-elf/12.2.0/ /nix/store/fic9avx8yabwb3ib8m49ld3kq9fkwwwd-cmake-3.25.3/share/cmake-3.25/Modules/CMakeCXXCompilerABI.cpp -quiet -dumpdir CMakeFiles/cmTC_7bc07.dir/ -dumpbase CMakeCXXCompilerABI.cpp.cpp -dumpbase-ext .cpp -mlongcalls -Wno-frame-address -version -o /run/user/1000/cclZc1Y0.s]
  ignore line: [GNU C++17 (crosstool-NG esp-12.2.0_20230208) version 12.2.0 (xtensa-esp32-elf)]
  ignore line: [	compiled by GNU C version 4.9.2  GMP version 6.2.1  MPFR version 4.1.0  MPC version 1.2.1  isl version isl-0.24-GMP]
  ignore line: []
  ignore line: [GGC heuristics: --param ggc-min-expand=100 --param ggc-min-heapsize=131072]
  ignore line: [ignoring duplicate directory "/home/ian/TStickProject/sygaldry/nixenv/esp-idf-tools/tools/xtensa-esp32-elf/esp-12.2.0_20230208/xtensa-esp32-elf/bin/../lib/gcc/../../lib/gcc/xtensa-esp32-elf/12.2.0/../../../../xtensa-esp32-elf/include/c++/12.2.0"]
  ignore line: [ignoring duplicate directory "/home/ian/TStickProject/sygaldry/nixenv/esp-idf-tools/tools/xtensa-esp32-elf/esp-12.2.0_20230208/xtensa-esp32-elf/bin/../lib/gcc/../../lib/gcc/xtensa-esp32-elf/12.2.0/../../../../xtensa-esp32-elf/include/c++/12.2.0/xtensa-esp32-elf"]
  ignore line: [ignoring duplicate directory "/home/ian/TStickProject/sygaldry/nixenv/esp-idf-tools/tools/xtensa-esp32-elf/esp-12.2.0_20230208/xtensa-esp32-elf/bin/../lib/gcc/../../lib/gcc/xtensa-esp32-elf/12.2.0/../../../../xtensa-esp32-elf/include/c++/12.2.0/backward"]
  ignore line: [ignoring duplicate directory "/home/ian/TStickProject/sygaldry/nixenv/esp-idf-tools/tools/xtensa-esp32-elf/esp-12.2.0_20230208/xtensa-esp32-elf/bin/../lib/gcc/../../lib/gcc/xtensa-esp32-elf/12.2.0/include"]
  ignore line: [ignoring duplicate directory "/home/ian/TStickProject/sygaldry/nixenv/esp-idf-tools/tools/xtensa-esp32-elf/esp-12.2.0_20230208/xtensa-esp32-elf/bin/../lib/gcc/../../lib/gcc/xtensa-esp32-elf/12.2.0/include-fixed"]
  ignore line: [ignoring duplicate directory "/home/ian/TStickProject/sygaldry/nixenv/esp-idf-tools/tools/xtensa-esp32-elf/esp-12.2.0_20230208/xtensa-esp32-elf/bin/../lib/gcc/../../lib/gcc/xtensa-esp32-elf/12.2.0/../../../../xtensa-esp32-elf/sys-include"]
  ignore line: [ignoring duplicate directory "/home/ian/TStickProject/sygaldry/nixenv/esp-idf-tools/tools/xtensa-esp32-elf/esp-12.2.0_20230208/xtensa-esp32-elf/bin/../lib/gcc/../../lib/gcc/xtensa-esp32-elf/12.2.0/../../../../xtensa-esp32-elf/include"]
  ignore line: [#include "..." search starts here:]
  ignore line: [#include <...> search starts here:]
  ignore line: [ /home/ian/TStickProject/sygaldry/nixenv/esp-idf-tools/tools/xtensa-esp32-elf/esp-12.2.0_20230208/xtensa-esp32-elf/bin/../lib/gcc/xtensa-esp32-elf/12.2.0/../../../../xtensa-esp32-elf/include/c++/12.2.0]
  ignore line: [ /home/ian/TStickProject/sygaldry/nixenv/esp-idf-tools/tools/xtensa-esp32-elf/esp-12.2.0_20230208/xtensa-esp32-elf/bin/../lib/gcc/xtensa-esp32-elf/12.2.0/../../../../xtensa-esp32-elf/include/c++/12.2.0/xtensa-esp32-elf]
  ignore line: [ /home/ian/TStickProject/sygaldry/nixenv/esp-idf-tools/tools/xtensa-esp32-elf/esp-12.2.0_20230208/xtensa-esp32-elf/bin/../lib/gcc/xtensa-esp32-elf/12.2.0/../../../../xtensa-esp32-elf/include/c++/12.2.0/backward]
  ignore line: [ /home/ian/TStickProject/sygaldry/nixenv/esp-idf-tools/tools/xtensa-esp32-elf/esp-12.2.0_20230208/xtensa-esp32-elf/bin/../lib/gcc/xtensa-esp32-elf/12.2.0/include]
  ignore line: [ /home/ian/TStickProject/sygaldry/nixenv/esp-idf-tools/tools/xtensa-esp32-elf/esp-12.2.0_20230208/xtensa-esp32-elf/bin/../lib/gcc/xtensa-esp32-elf/12.2.0/include-fixed]
  ignore line: [ /home/ian/TStickProject/sygaldry/nixenv/esp-idf-tools/tools/xtensa-esp32-elf/esp-12.2.0_20230208/xtensa-esp32-elf/bin/../lib/gcc/xtensa-esp32-elf/12.2.0/../../../../xtensa-esp32-elf/sys-include]
  ignore line: [ /home/ian/TStickProject/sygaldry/nixenv/esp-idf-tools/tools/xtensa-esp32-elf/esp-12.2.0_20230208/xtensa-esp32-elf/bin/../lib/gcc/xtensa-esp32-elf/12.2.0/../../../../xtensa-esp32-elf/include]
  ignore line: [End of search list.]
  ignore line: [GNU C++17 (crosstool-NG esp-12.2.0_20230208) version 12.2.0 (xtensa-esp32-elf)]
  ignore line: [	compiled by GNU C version 4.9.2  GMP version 6.2.1  MPFR version 4.1.0  MPC version 1.2.1  isl version isl-0.24-GMP]
  ignore line: []
  ignore line: [GGC heuristics: --param ggc-min-expand=100 --param ggc-min-heapsize=131072]
  ignore line: [Compiler executable checksum: 14c3d3463b249927e358e8af6e36a201]
  ignore line: [COLLECT_GCC_OPTIONS='-mlongcalls' '-Wno-frame-address' '-v' '-o' 'CMakeFiles/cmTC_7bc07.dir/CMakeCXXCompilerABI.cpp.obj' '-c' '-dumpdir' 'CMakeFiles/cmTC_7bc07.dir/']
  ignore line: [ /home/ian/TStickProject/sygaldry/nixenv/esp-idf-tools/tools/xtensa-esp32-elf/esp-12.2.0_20230208/xtensa-esp32-elf/bin/../lib/gcc/xtensa-esp32-elf/12.2.0/../../../../xtensa-esp32-elf/bin/as --traditional-format --longcalls -o CMakeFiles/cmTC_7bc07.dir/CMakeCXXCompilerABI.cpp.obj /run/user/1000/cclZc1Y0.s]
  ignore line: [COMPILER_PATH=/home/ian/TStickProject/sygaldry/nixenv/esp-idf-tools/tools/xtensa-esp32-elf/esp-12.2.0_20230208/xtensa-esp32-elf/bin/../libexec/gcc/xtensa-esp32-elf/12.2.0/:/home/ian/TStickProject/sygaldry/nixenv/esp-idf-tools/tools/xtensa-esp32-elf/esp-12.2.0_20230208/xtensa-esp32-elf/bin/../libexec/gcc/:/home/ian/TStickProject/sygaldry/nixenv/esp-idf-tools/tools/xtensa-esp32-elf/esp-12.2.0_20230208/xtensa-esp32-elf/bin/../lib/gcc/xtensa-esp32-elf/12.2.0/../../../../xtensa-esp32-elf/bin/]
  ignore line: [LIBRARY_PATH=/home/ian/TStickProject/sygaldry/nixenv/esp-idf-tools/tools/xtensa-esp32-elf/esp-12.2.0_20230208/xtensa-esp32-elf/bin/../lib/gcc/xtensa-esp32-elf/12.2.0/:/home/ian/TStickProject/sygaldry/nixenv/esp-idf-tools/tools/xtensa-esp32-elf/esp-12.2.0_20230208/xtensa-esp32-elf/bin/../lib/gcc/:/home/ian/TStickProject/sygaldry/nixenv/esp-idf-tools/tools/xtensa-esp32-elf/esp-12.2.0_20230208/xtensa-esp32-elf/bin/../lib/gcc/xtensa-esp32-elf/12.2.0/../../../../xtensa-esp32-elf/lib/]
  ignore line: [COLLECT_GCC_OPTIONS='-mlongcalls' '-Wno-frame-address' '-v' '-o' 'CMakeFiles/cmTC_7bc07.dir/CMakeCXXCompilerABI.cpp.obj' '-c' '-dumpdir' 'CMakeFiles/cmTC_7bc07.dir/CMakeCXXCompilerABI.cpp.']
  ignore line: [[2/2] Linking CXX executable cmTC_7bc07]
  ignore line: [Using built-in specs.]
  ignore line: [COLLECT_GCC=/home/ian/TStickProject/sygaldry/nixenv/esp-idf-tools/tools/xtensa-esp32-elf/esp-12.2.0_20230208/xtensa-esp32-elf/bin/xtensa-esp32-elf-g++]
  ignore line: [COLLECT_LTO_WRAPPER=/home/ian/TStickProject/sygaldry/nixenv/esp-idf-tools/tools/xtensa-esp32-elf/esp-12.2.0_20230208/xtensa-esp32-elf/bin/../libexec/gcc/xtensa-esp32-elf/12.2.0/lto-wrapper]
  ignore line: [Target: xtensa-esp32-elf]
  ignore line: [Configured with: /builds/idf/crosstool-NG/.build/xtensa-esp32-elf/src/gcc/configure --build=x86_64-build_pc-linux-gnu --host=x86_64-build_pc-linux-gnu --target=xtensa-esp32-elf --prefix=/builds/idf/crosstool-NG/builds/xtensa-esp32-elf --exec_prefix=/builds/idf/crosstool-NG/builds/xtensa-esp32-elf --with-local-prefix=/builds/idf/crosstool-NG/builds/xtensa-esp32-elf/xtensa-esp32-elf --with-headers=/builds/idf/crosstool-NG/builds/xtensa-esp32-elf/xtensa-esp32-elf/include --with-newlib --enable-threads=no --disable-shared --with-pkgversion='crosstool-NG esp-12.2.0_20230208' --disable-__cxa_atexit --enable-cxx-flags=-ffunction-sections --disable-libgomp --disable-libmudflap --disable-libmpx --disable-libssp --disable-libquadmath --disable-libquadmath-support --disable-libstdcxx-verbose --with-gmp=/builds/idf/crosstool-NG/.build/xtensa-esp32-elf/buildtools --with-mpfr=/builds/idf/crosstool-NG/.build/xtensa-esp32-elf/buildtools --with-mpc=/builds/idf/crosstool-NG/.build/xtensa-esp32-elf/buildtools --with-isl=/builds/idf/crosstool-NG/.build/xtensa-esp32-elf/buildtools --enable-lto --enable-target-optspace --without-long-double-128 --disable-nls --enable-multiarch --enable-languages=c c++ --disable-libstdcxx-verbose --enable-threads=posix --enable-gcov-custom-rtio --enable-libstdcxx-time=yes]
  ignore line: [Thread model: posix]
  ignore line: [Supported LTO compression algorithms: zlib]
  ignore line: [gcc version 12.2.0 (crosstool-NG esp-12.2.0_20230208) ]
  ignore line: [COMPILER_PATH=/home/ian/TStickProject/sygaldry/nixenv/esp-idf-tools/tools/xtensa-esp32-elf/esp-12.2.0_20230208/xtensa-esp32-elf/bin/../libexec/gcc/xtensa-esp32-elf/12.2.0/:/home/ian/TStickProject/sygaldry/nixenv/esp-idf-tools/tools/xtensa-esp32-elf/esp-12.2.0_20230208/xtensa-esp32-elf/bin/../libexec/gcc/:/home/ian/TStickProject/sygaldry/nixenv/esp-idf-tools/tools/xtensa-esp32-elf/esp-12.2.0_20230208/xtensa-esp32-elf/bin/../lib/gcc/xtensa-esp32-elf/12.2.0/../../../../xtensa-esp32-elf/bin/]
  ignore line: [LIBRARY_PATH=/home/ian/TStickProject/sygaldry/nixenv/esp-idf-tools/tools/xtensa-esp32-elf/esp-12.2.0_20230208/xtensa-esp32-elf/bin/../lib/gcc/xtensa-esp32-elf/12.2.0/:/home/ian/TStickProject/sygaldry/nixenv/esp-idf-tools/tools/xtensa-esp32-elf/esp-12.2.0_20230208/xtensa-esp32-elf/bin/../lib/gcc/:/home/ian/TStickProject/sygaldry/nixenv/esp-idf-tools/tools/xtensa-esp32-elf/esp-12.2.0_20230208/xtensa-esp32-elf/bin/../lib/gcc/xtensa-esp32-elf/12.2.0/../../../../xtensa-esp32-elf/lib/]
  ignore line: [COLLECT_GCC_OPTIONS='-mlongcalls' '-Wno-frame-address' '-v' '-o' 'cmTC_7bc07' '-dumpdir' 'cmTC_7bc07.']
  link line: [ /home/ian/TStickProject/sygaldry/nixenv/esp-idf-tools/tools/xtensa-esp32-elf/esp-12.2.0_20230208/xtensa-esp32-elf/bin/../libexec/gcc/xtensa-esp32-elf/12.2.0/collect2 -plugin /home/ian/TStickProject/sygaldry/nixenv/esp-idf-tools/tools/xtensa-esp32-elf/esp-12.2.0_20230208/xtensa-esp32-elf/bin/../libexec/gcc/xtensa-esp32-elf/12.2.0/liblto_plugin.so -plugin-opt=/home/ian/TStickProject/sygaldry/nixenv/esp-idf-tools/tools/xtensa-esp32-elf/esp-12.2.0_20230208/xtensa-esp32-elf/bin/../libexec/gcc/xtensa-esp32-elf/12.2.0/lto-wrapper -plugin-opt=-fresolution=/run/user/1000/ccfaY143.res -plugin-opt=-pass-through=-lgcc -plugin-opt=-pass-through=-lc -plugin-opt=-pass-through=-lnosys -plugin-opt=-pass-through=-lc -plugin-opt=-pass-through=-lgcc -o cmTC_7bc07 /home/ian/TStickProject/sygaldry/nixenv/esp-idf-tools/tools/xtensa-esp32-elf/esp-12.2.0_20230208/xtensa-esp32-elf/bin/../lib/gcc/xtensa-esp32-elf/12.2.0/../../../../xtensa-esp32-elf/lib/crt0.o /home/ian/TStickProject/sygaldry/nixenv/esp-idf-tools/tools/xtensa-esp32-elf/esp-12.2.0_20230208/xtensa-esp32-elf/bin/../lib/gcc/xtensa-esp32-elf/12.2.0/crti.o /home/ian/TStickProject/sygaldry/nixenv/esp-idf-tools/tools/xtensa-esp32-elf/esp-12.2.0_20230208/xtensa-esp32-elf/bin/../lib/gcc/xtensa-esp32-elf/12.2.0/crtbegin.o -L/home/ian/TStickProject/sygaldry/nixenv/esp-idf-tools/tools/xtensa-esp32-elf/esp-12.2.0_20230208/xtensa-esp32-elf/bin/../lib/gcc/xtensa-esp32-elf/12.2.0 -L/home/ian/TStickProject/sygaldry/nixenv/esp-idf-tools/tools/xtensa-esp32-elf/esp-12.2.0_20230208/xtensa-esp32-elf/bin/../lib/gcc -L/home/ian/TStickProject/sygaldry/nixenv/esp-idf-tools/tools/xtensa-esp32-elf/esp-12.2.0_20230208/xtensa-esp32-elf/bin/../lib/gcc/xtensa-esp32-elf/12.2.0/../../../../xtensa-esp32-elf/lib CMakeFiles/cmTC_7bc07.dir/CMakeCXXCompilerABI.cpp.obj -lstdc++ -lm -lgcc -lc -lnosys -lc -lgcc /home/ian/TStickProject/sygaldry/nixenv/esp-idf-tools/tools/xtensa-esp32-elf/esp-12.2.0_20230208/xtensa-esp32-elf/bin/../lib/gcc/xtensa-esp32-elf/12.2.0/crtend.o /home/ian/TStickProject/sygaldry/nixenv/esp-idf-tools/tools/xtensa-esp32-elf/esp-12.2.0_20230208/xtensa-esp32-elf/bin/../lib/gcc/xtensa-esp32-elf/12.2.0/crtn.o]
    arg [/home/ian/TStickProject/sygaldry/nixenv/esp-idf-tools/tools/xtensa-esp32-elf/esp-12.2.0_20230208/xtensa-esp32-elf/bin/../libexec/gcc/xtensa-esp32-elf/12.2.0/collect2] ==> ignore
    arg [-plugin] ==> ignore
    arg [/home/ian/TStickProject/sygaldry/nixenv/esp-idf-tools/tools/xtensa-esp32-elf/esp-12.2.0_20230208/xtensa-esp32-elf/bin/../libexec/gcc/xtensa-esp32-elf/12.2.0/liblto_plugin.so] ==> ignore
    arg [-plugin-opt=/home/ian/TStickProject/sygaldry/nixenv/esp-idf-tools/tools/xtensa-esp32-elf/esp-12.2.0_20230208/xtensa-esp32-elf/bin/../libexec/gcc/xtensa-esp32-elf/12.2.0/lto-wrapper] ==> ignore
    arg [-plugin-opt=-fresolution=/run/user/1000/ccfaY143.res] ==> ignore
    arg [-plugin-opt=-pass-through=-lgcc] ==> ignore
    arg [-plugin-opt=-pass-through=-lc] ==> ignore
    arg [-plugin-opt=-pass-through=-lnosys] ==> ignore
    arg [-plugin-opt=-pass-through=-lc] ==> ignore
    arg [-plugin-opt=-pass-through=-lgcc] ==> ignore
    arg [-o] ==> ignore
    arg [cmTC_7bc07] ==> ignore
    arg [/home/ian/TStickProject/sygaldry/nixenv/esp-idf-tools/tools/xtensa-esp32-elf/esp-12.2.0_20230208/xtensa-esp32-elf/bin/../lib/gcc/xtensa-esp32-elf/12.2.0/../../../../xtensa-esp32-elf/lib/crt0.o] ==> obj [/home/ian/TStickProject/sygaldry/nixenv/esp-idf-tools/tools/xtensa-esp32-elf/esp-12.2.0_20230208/xtensa-esp32-elf/bin/../lib/gcc/xtensa-esp32-elf/12.2.0/../../../../xtensa-esp32-elf/lib/crt0.o]
    arg [/home/ian/TStickProject/sygaldry/nixenv/esp-idf-tools/tools/xtensa-esp32-elf/esp-12.2.0_20230208/xtensa-esp32-elf/bin/../lib/gcc/xtensa-esp32-elf/12.2.0/crti.o] ==> obj [/home/ian/TStickProject/sygaldry/nixenv/esp-idf-tools/tools/xtensa-esp32-elf/esp-12.2.0_20230208/xtensa-esp32-elf/bin/../lib/gcc/xtensa-esp32-elf/12.2.0/crti.o]
    arg [/home/ian/TStickProject/sygaldry/nixenv/esp-idf-tools/tools/xtensa-esp32-elf/esp-12.2.0_20230208/xtensa-esp32-elf/bin/../lib/gcc/xtensa-esp32-elf/12.2.0/crtbegin.o] ==> obj [/home/ian/TStickProject/sygaldry/nixenv/esp-idf-tools/tools/xtensa-esp32-elf/esp-12.2.0_20230208/xtensa-esp32-elf/bin/../lib/gcc/xtensa-esp32-elf/12.2.0/crtbegin.o]
    arg [-L/home/ian/TStickProject/sygaldry/nixenv/esp-idf-tools/tools/xtensa-esp32-elf/esp-12.2.0_20230208/xtensa-esp32-elf/bin/../lib/gcc/xtensa-esp32-elf/12.2.0] ==> dir [/home/ian/TStickProject/sygaldry/nixenv/esp-idf-tools/tools/xtensa-esp32-elf/esp-12.2.0_20230208/xtensa-esp32-elf/bin/../lib/gcc/xtensa-esp32-elf/12.2.0]
    arg [-L/home/ian/TStickProject/sygaldry/nixenv/esp-idf-tools/tools/xtensa-esp32-elf/esp-12.2.0_20230208/xtensa-esp32-elf/bin/../lib/gcc] ==> dir [/home/ian/TStickProject/sygaldry/nixenv/esp-idf-tools/tools/xtensa-esp32-elf/esp-12.2.0_20230208/xtensa-esp32-elf/bin/../lib/gcc]
    arg [-L/home/ian/TStickProject/sygaldry/nixenv/esp-idf-tools/tools/xtensa-esp32-elf/esp-12.2.0_20230208/xtensa-esp32-elf/bin/../lib/gcc/xtensa-esp32-elf/12.2.0/../../../../xtensa-esp32-elf/lib] ==> dir [/home/ian/TStickProject/sygaldry/nixenv/esp-idf-tools/tools/xtensa-esp32-elf/esp-12.2.0_20230208/xtensa-esp32-elf/bin/../lib/gcc/xtensa-esp32-elf/12.2.0/../../../../xtensa-esp32-elf/lib]
    arg [CMakeFiles/cmTC_7bc07.dir/CMakeCXXCompilerABI.cpp.obj] ==> ignore
    arg [-lstdc++] ==> lib [stdc++]
    arg [-lm] ==> lib [m]
    arg [-lgcc] ==> lib [gcc]
    arg [-lc] ==> lib [c]
    arg [-lnosys] ==> lib [nosys]
    arg [-lc] ==> lib [c]
    arg [-lgcc] ==> lib [gcc]
    arg [/home/ian/TStickProject/sygaldry/nixenv/esp-idf-tools/tools/xtensa-esp32-elf/esp-12.2.0_20230208/xtensa-esp32-elf/bin/../lib/gcc/xtensa-esp32-elf/12.2.0/crtend.o] ==> obj [/home/ian/TStickProject/sygaldry/nixenv/esp-idf-tools/tools/xtensa-esp32-elf/esp-12.2.0_20230208/xtensa-esp32-elf/bin/../lib/gcc/xtensa-esp32-elf/12.2.0/crtend.o]
    arg [/home/ian/TStickProject/sygaldry/nixenv/esp-idf-tools/tools/xtensa-esp32-elf/esp-12.2.0_20230208/xtensa-esp32-elf/bin/../lib/gcc/xtensa-esp32-elf/12.2.0/crtn.o] ==> obj [/home/ian/TStickProject/sygaldry/nixenv/esp-idf-tools/tools/xtensa-esp32-elf/esp-12.2.0_20230208/xtensa-esp32-elf/bin/../lib/gcc/xtensa-esp32-elf/12.2.0/crtn.o]
  collapse obj [/home/ian/TStickProject/sygaldry/nixenv/esp-idf-tools/tools/xtensa-esp32-elf/esp-12.2.0_20230208/xtensa-esp32-elf/bin/../lib/gcc/xtensa-esp32-elf/12.2.0/../../../../xtensa-esp32-elf/lib/crt0.o] ==> [/home/ian/TStickProject/sygaldry/nixenv/esp-idf-tools/tools/xtensa-esp32-elf/esp-12.2.0_20230208/xtensa-esp32-elf/xtensa-esp32-elf/lib/crt0.o]
  collapse obj [/home/ian/TStickProject/sygaldry/nixenv/esp-idf-tools/tools/xtensa-esp32-elf/esp-12.2.0_20230208/xtensa-esp32-elf/bin/../lib/gcc/xtensa-esp32-elf/12.2.0/crti.o] ==> [/home/ian/TStickProject/sygaldry/nixenv/esp-idf-tools/tools/xtensa-esp32-elf/esp-12.2.0_20230208/xtensa-esp32-elf/lib/gcc/xtensa-esp32-elf/12.2.0/crti.o]
  collapse obj [/home/ian/TStickProject/sygaldry/nixenv/esp-idf-tools/tools/xtensa-esp32-elf/esp-12.2.0_20230208/xtensa-esp32-elf/bin/../lib/gcc/xtensa-esp32-elf/12.2.0/crtbegin.o] ==> [/home/ian/TStickProject/sygaldry/nixenv/esp-idf-tools/tools/xtensa-esp32-elf/esp-12.2.0_20230208/xtensa-esp32-elf/lib/gcc/xtensa-esp32-elf/12.2.0/crtbegin.o]
  collapse obj [/home/ian/TStickProject/sygaldry/nixenv/esp-idf-tools/tools/xtensa-esp32-elf/esp-12.2.0_20230208/xtensa-esp32-elf/bin/../lib/gcc/xtensa-esp32-elf/12.2.0/crtend.o] ==> [/home/ian/TStickProject/sygaldry/nixenv/esp-idf-tools/tools/xtensa-esp32-elf/esp-12.2.0_20230208/xtensa-esp32-elf/lib/gcc/xtensa-esp32-elf/12.2.0/crtend.o]
  collapse obj [/home/ian/TStickProject/sygaldry/nixenv/esp-idf-tools/tools/xtensa-esp32-elf/esp-12.2.0_20230208/xtensa-esp32-elf/bin/../lib/gcc/xtensa-esp32-elf/12.2.0/crtn.o] ==> [/home/ian/TStickProject/sygaldry/nixenv/esp-idf-tools/tools/xtensa-esp32-elf/esp-12.2.0_20230208/xtensa-esp32-elf/lib/gcc/xtensa-esp32-elf/12.2.0/crtn.o]
  collapse library dir [/home/ian/TStickProject/sygaldry/nixenv/esp-idf-tools/tools/xtensa-esp32-elf/esp-12.2.0_20230208/xtensa-esp32-elf/bin/../lib/gcc/xtensa-esp32-elf/12.2.0] ==> [/home/ian/TStickProject/sygaldry/nixenv/esp-idf-tools/tools/xtensa-esp32-elf/esp-12.2.0_20230208/xtensa-esp32-elf/lib/gcc/xtensa-esp32-elf/12.2.0]
  collapse library dir [/home/ian/TStickProject/sygaldry/nixenv/esp-idf-tools/tools/xtensa-esp32-elf/esp-12.2.0_20230208/xtensa-esp32-elf/bin/../lib/gcc] ==> [/home/ian/TStickProject/sygaldry/nixenv/esp-idf-tools/tools/xtensa-esp32-elf/esp-12.2.0_20230208/xtensa-esp32-elf/lib/gcc]
  collapse library dir [/home/ian/TStickProject/sygaldry/nixenv/esp-idf-tools/tools/xtensa-esp32-elf/esp-12.2.0_20230208/xtensa-esp32-elf/bin/../lib/gcc/xtensa-esp32-elf/12.2.0/../../../../xtensa-esp32-elf/lib] ==> [/home/ian/TStickProject/sygaldry/nixenv/esp-idf-tools/tools/xtensa-esp32-elf/esp-12.2.0_20230208/xtensa-esp32-elf/xtensa-esp32-elf/lib]
  implicit libs: [stdc++;m;gcc;c;nosys;c;gcc]
  implicit objs: [/home/ian/TStickProject/sygaldry/nixenv/esp-idf-tools/tools/xtensa-esp32-elf/esp-12.2.0_20230208/xtensa-esp32-elf/xtensa-esp32-elf/lib/crt0.o;/home/ian/TStickProject/sygaldry/nixenv/esp-idf-tools/tools/xtensa-esp32-elf/esp-12.2.0_20230208/xtensa-esp32-elf/lib/gcc/xtensa-esp32-elf/12.2.0/crti.o;/home/ian/TStickProject/sygaldry/nixenv/esp-idf-tools/tools/xtensa-esp32-elf/esp-12.2.0_20230208/xtensa-esp32-elf/lib/gcc/xtensa-esp32-elf/12.2.0/crtbegin.o;/home/ian/TStickProject/sygaldry/nixenv/esp-idf-tools/tools/xtensa-esp32-elf/esp-12.2.0_20230208/xtensa-esp32-elf/lib/gcc/xtensa-esp32-elf/12.2.0/crtend.o;/home/ian/TStickProject/sygaldry/nixenv/esp-idf-tools/tools/xtensa-esp32-elf/esp-12.2.0_20230208/xtensa-esp32-elf/lib/gcc/xtensa-esp32-elf/12.2.0/crtn.o]
  implicit dirs: [/home/ian/TStickProject/sygaldry/nixenv/esp-idf-tools/tools/xtensa-esp32-elf/esp-12.2.0_20230208/xtensa-esp32-elf/lib/gcc/xtensa-esp32-elf/12.2.0;/home/ian/TStickProject/sygaldry/nixenv/esp-idf-tools/tools/xtensa-esp32-elf/esp-12.2.0_20230208/xtensa-esp32-elf/lib/gcc;/home/ian/TStickProject/sygaldry/nixenv/esp-idf-tools/tools/xtensa-esp32-elf/esp-12.2.0_20230208/xtensa-esp32-elf/xtensa-esp32-elf/lib]
  implicit fwks: []


Determining if the include file sys/types.h exists passed with the following output:
Change Dir: /home/ian/TStickProject/sygaldry/sygaldry-instruments/t_stick_synth/build/bootloader/CMakeFiles/CMakeScratch/TryCompile-El1Lpe

Run Build Command(s):/nix/store/rcakkm09fivblba082qb6jch02926qhq-ninja-1.11.1/bin/ninja cmTC_d2271 && [1/2] Building C object CMakeFiles/cmTC_d2271.dir/CheckIncludeFile.c.obj
[2/2] Linking C executable cmTC_d2271



Determining if the include file stdint.h exists passed with the following output:
Change Dir: /home/ian/TStickProject/sygaldry/sygaldry-instruments/t_stick_synth/build/bootloader/CMakeFiles/CMakeScratch/TryCompile-Gos4fE

Run Build Command(s):/nix/store/rcakkm09fivblba082qb6jch02926qhq-ninja-1.11.1/bin/ninja cmTC_03606 && [1/2] Building C object CMakeFiles/cmTC_03606.dir/CheckIncludeFile.c.obj
[2/2] Linking C executable cmTC_03606



Determining if the include file stddef.h exists passed with the following output:
Change Dir: /home/ian/TStickProject/sygaldry/sygaldry-instruments/t_stick_synth/build/bootloader/CMakeFiles/CMakeScratch/TryCompile-L298bR

Run Build Command(s):/nix/store/rcakkm09fivblba082qb6jch02926qhq-ninja-1.11.1/bin/ninja cmTC_a0f59 && [1/2] Building C object CMakeFiles/cmTC_a0f59.dir/CheckIncludeFile.c.obj
[2/2] Linking C executable cmTC_a0f59



Determining size of time_t passed with the following output:
Change Dir: /home/ian/TStickProject/sygaldry/sygaldry-instruments/t_stick_synth/build/bootloader/CMakeFiles/CMakeScratch/TryCompile-yZv9d5

Run Build Command(s):/nix/store/rcakkm09fivblba082qb6jch02926qhq-ninja-1.11.1/bin/ninja cmTC_9a334 && [1/2] Building C object CMakeFiles/cmTC_9a334.dir/TIME_T_SIZE.c.obj
[2/2] Linking C executable cmTC_9a334



