The system is: Linux - 6.2.0-35-generic - x86_64
Compiling the C compiler identification source file "CMakeCCompilerId.c" succeeded.
Compiler: /nix/store/f9q9ifxzrfaacn6dsw7n9qggq2jfcmd0-gcc-wrapper-13.1.0/bin/gcc 
Build flags: 
Id flags:  

The output was:
0


Compilation of the C compiler identification source "CMakeCCompilerId.c" produced "a.out"

The C compiler identification is GNU, found in "/home/ian/TStickProject/sygaldry/sygaldry/sygxy-wave_synth/build/CMakeFiles/3.25.3/CompilerIdC/a.out"

Compiling the CXX compiler identification source file "CMakeCXXCompilerId.cpp" succeeded.
Compiler: /nix/store/f9q9ifxzrfaacn6dsw7n9qggq2jfcmd0-gcc-wrapper-13.1.0/bin/g++ 
Build flags: 
Id flags:  

The output was:
0


Compilation of the CXX compiler identification source "CMakeCXXCompilerId.cpp" produced "a.out"

The CXX compiler identification is GNU, found in "/home/ian/TStickProject/sygaldry/sygaldry/sygxy-wave_synth/build/CMakeFiles/3.25.3/CompilerIdCXX/a.out"

Detecting C compiler ABI info compiled with the following output:
Change Dir: /home/ian/TStickProject/sygaldry/sygaldry/sygxy-wave_synth/build/CMakeFiles/CMakeScratch/TryCompile-Hh8jzR

Run Build Command(s):/nix/store/rcakkm09fivblba082qb6jch02926qhq-ninja-1.11.1/bin/ninja cmTC_5c50b && [1/2] Building C object CMakeFiles/cmTC_5c50b.dir/CMakeCCompilerABI.c.o
Using built-in specs.
COLLECT_GCC=/nix/store/73z104zi47lnk6km2rl7sn51j6cnnp80-gcc-13.1.0/bin/gcc
Target: x86_64-unknown-linux-gnu
Configured with: 
Thread model: posix
Supported LTO compression algorithms: zlib
gcc version 13.1.0 (GCC) 
COLLECT_GCC_OPTIONS='-fPIC' '-Wformat=1' '-Wformat-security' '-Werror=format-security' '-fstack-protector-strong' '--param=ssp-buffer-size=4' '-O2' '-U' '_FORTIFY_SOURCE' '-D' '_FORTIFY_SOURCE=2' '-fno-strict-overflow' '-v' '-o' 'CMakeFiles/cmTC_5c50b.dir/CMakeCCompilerABI.c.o' '-c' '-B' '/nix/store/yaz7pyf0ah88g2v505l38n0f3wg2vzdj-glibc-2.37-8/lib/' '-idirafter' '/nix/store/rfw51dqr3qn7b6fjy8hmx6f0x3hfwbx6-glibc-2.37-8-dev/include' '-idirafter' '/nix/store/73z104zi47lnk6km2rl7sn51j6cnnp80-gcc-13.1.0/lib/gcc/x86_64-unknown-linux-gnu/13.1.0/include-fixed' '-B' '/nix/store/0358z2psmx7f56d47n9f2xlkjd5zs39q-gcc-13.1.0-lib/lib' '-B' '/nix/store/f9q9ifxzrfaacn6dsw7n9qggq2jfcmd0-gcc-wrapper-13.1.0/bin/' '-frandom-seed=yqxzjjhfzs' '-isystem' '/nix/store/v2fwqbg81ag29an3vasmm0h61ch8jjyb-liblo-0.31/include' '-isystem' '/nix/store/8l0vwfj72dv2rxwchsznn7m1ici8j483-gnumake-4.4.1/include' '-isystem' '/nix/store/p3z1jjczsi0vgnv4icr2brlvs07c4z25-flex-2.6.4/include' '-isystem' '/nix/store/95cxzy2hpizr23343b8bskl4yacf4b3l-python3-3.10.11/include' '-isystem' '/nix/store/v2fwqbg81ag29an3vasmm0h61ch8jjyb-liblo-0.31/include' '-isystem' '/nix/store/8l0vwfj72dv2rxwchsznn7m1ici8j483-gnumake-4.4.1/include' '-isystem' '/nix/store/p3z1jjczsi0vgnv4icr2brlvs07c4z25-flex-2.6.4/include' '-isystem' '/nix/store/95cxzy2hpizr23343b8bskl4yacf4b3l-python3-3.10.11/include' '-mtune=generic' '-march=x86-64' '-dumpdir' 'CMakeFiles/cmTC_5c50b.dir/'
 /nix/store/73z104zi47lnk6km2rl7sn51j6cnnp80-gcc-13.1.0/libexec/gcc/x86_64-unknown-linux-gnu/13.1.0/cc1 -quiet -v -U _FORTIFY_SOURCE -D _FORTIFY_SOURCE=2 -idirafter /nix/store/rfw51dqr3qn7b6fjy8hmx6f0x3hfwbx6-glibc-2.37-8-dev/include -idirafter /nix/store/73z104zi47lnk6km2rl7sn51j6cnnp80-gcc-13.1.0/lib/gcc/x86_64-unknown-linux-gnu/13.1.0/include-fixed -isystem /nix/store/v2fwqbg81ag29an3vasmm0h61ch8jjyb-liblo-0.31/include -isystem /nix/store/8l0vwfj72dv2rxwchsznn7m1ici8j483-gnumake-4.4.1/include -isystem /nix/store/p3z1jjczsi0vgnv4icr2brlvs07c4z25-flex-2.6.4/include -isystem /nix/store/95cxzy2hpizr23343b8bskl4yacf4b3l-python3-3.10.11/include -isystem /nix/store/v2fwqbg81ag29an3vasmm0h61ch8jjyb-liblo-0.31/include -isystem /nix/store/8l0vwfj72dv2rxwchsznn7m1ici8j483-gnumake-4.4.1/include -isystem /nix/store/p3z1jjczsi0vgnv4icr2brlvs07c4z25-flex-2.6.4/include -isystem /nix/store/95cxzy2hpizr23343b8bskl4yacf4b3l-python3-3.10.11/include /nix/store/fic9avx8yabwb3ib8m49ld3kq9fkwwwd-cmake-3.25.3/share/cmake-3.25/Modules/CMakeCCompilerABI.c -quiet -dumpdir CMakeFiles/cmTC_5c50b.dir/ -dumpbase CMakeCCompilerABI.c.c -dumpbase-ext .c -mtune=generic -march=x86-64 -O2 -Wformat=1 -Wformat-security -Werror=format-security -version -fPIC -fstack-protector-strong -fno-strict-overflow -frandom-seed=yqxzjjhfzs --param=ssp-buffer-size=4 -o /run/user/1000/ccENM4hE.s
GNU C17 (GCC) version 13.1.0 (x86_64-unknown-linux-gnu)
	compiled by GNU C version 12.2.0, GMP version 6.2.1, MPFR version 4.2.0, MPC version 1.3.1, isl version isl-0.20-GMP

GGC heuristics: --param ggc-min-expand=100 --param ggc-min-heapsize=131072
ignoring duplicate directory "/nix/store/v2fwqbg81ag29an3vasmm0h61ch8jjyb-liblo-0.31/include"
ignoring duplicate directory "/nix/store/8l0vwfj72dv2rxwchsznn7m1ici8j483-gnumake-4.4.1/include"
ignoring duplicate directory "/nix/store/p3z1jjczsi0vgnv4icr2brlvs07c4z25-flex-2.6.4/include"
ignoring duplicate directory "/nix/store/95cxzy2hpizr23343b8bskl4yacf4b3l-python3-3.10.11/include"
ignoring nonexistent directory "/nix/store/73z104zi47lnk6km2rl7sn51j6cnnp80-gcc-13.1.0/lib/gcc/x86_64-unknown-linux-gnu/13.1.0/../../../../x86_64-unknown-linux-gnu/include"
ignoring duplicate directory "/nix/store/rfw51dqr3qn7b6fjy8hmx6f0x3hfwbx6-glibc-2.37-8-dev/include"
ignoring duplicate directory "/nix/store/73z104zi47lnk6km2rl7sn51j6cnnp80-gcc-13.1.0/lib/gcc/x86_64-unknown-linux-gnu/13.1.0/include-fixed"
#include "..." search starts here:
#include <...> search starts here:
 /nix/store/v2fwqbg81ag29an3vasmm0h61ch8jjyb-liblo-0.31/include
 /nix/store/8l0vwfj72dv2rxwchsznn7m1ici8j483-gnumake-4.4.1/include
 /nix/store/p3z1jjczsi0vgnv4icr2brlvs07c4z25-flex-2.6.4/include
 /nix/store/95cxzy2hpizr23343b8bskl4yacf4b3l-python3-3.10.11/include
 /nix/store/73z104zi47lnk6km2rl7sn51j6cnnp80-gcc-13.1.0/lib/gcc/x86_64-unknown-linux-gnu/13.1.0/include
 /nix/store/73z104zi47lnk6km2rl7sn51j6cnnp80-gcc-13.1.0/include
 /nix/store/73z104zi47lnk6km2rl7sn51j6cnnp80-gcc-13.1.0/lib/gcc/x86_64-unknown-linux-gnu/13.1.0/include-fixed
 /nix/store/rfw51dqr3qn7b6fjy8hmx6f0x3hfwbx6-glibc-2.37-8-dev/include
End of search list.
Compiler executable checksum: 2ceebfb5a2d7e9e68033cff4b9d0f060
COLLECT_GCC_OPTIONS='-fPIC' '-Wformat=1' '-Wformat-security' '-Werror=format-security' '-fstack-protector-strong' '--param=ssp-buffer-size=4' '-O2' '-U' '_FORTIFY_SOURCE' '-D' '_FORTIFY_SOURCE=2' '-fno-strict-overflow' '-v' '-o' 'CMakeFiles/cmTC_5c50b.dir/CMakeCCompilerABI.c.o' '-c' '-B' '/nix/store/yaz7pyf0ah88g2v505l38n0f3wg2vzdj-glibc-2.37-8/lib/' '-idirafter' '/nix/store/rfw51dqr3qn7b6fjy8hmx6f0x3hfwbx6-glibc-2.37-8-dev/include' '-idirafter' '/nix/store/73z104zi47lnk6km2rl7sn51j6cnnp80-gcc-13.1.0/lib/gcc/x86_64-unknown-linux-gnu/13.1.0/include-fixed' '-B' '/nix/store/0358z2psmx7f56d47n9f2xlkjd5zs39q-gcc-13.1.0-lib/lib' '-B' '/nix/store/f9q9ifxzrfaacn6dsw7n9qggq2jfcmd0-gcc-wrapper-13.1.0/bin/' '-frandom-seed=yqxzjjhfzs' '-isystem' '/nix/store/v2fwqbg81ag29an3vasmm0h61ch8jjyb-liblo-0.31/include' '-isystem' '/nix/store/8l0vwfj72dv2rxwchsznn7m1ici8j483-gnumake-4.4.1/include' '-isystem' '/nix/store/p3z1jjczsi0vgnv4icr2brlvs07c4z25-flex-2.6.4/include' '-isystem' '/nix/store/95cxzy2hpizr23343b8bskl4yacf4b3l-python3-3.10.11/include' '-isystem' '/nix/store/v2fwqbg81ag29an3vasmm0h61ch8jjyb-liblo-0.31/include' '-isystem' '/nix/store/8l0vwfj72dv2rxwchsznn7m1ici8j483-gnumake-4.4.1/include' '-isystem' '/nix/store/p3z1jjczsi0vgnv4icr2brlvs07c4z25-flex-2.6.4/include' '-isystem' '/nix/store/95cxzy2hpizr23343b8bskl4yacf4b3l-python3-3.10.11/include' '-mtune=generic' '-march=x86-64' '-dumpdir' 'CMakeFiles/cmTC_5c50b.dir/'
 /nix/store/f9q9ifxzrfaacn6dsw7n9qggq2jfcmd0-gcc-wrapper-13.1.0/bin/as -v --64 -o CMakeFiles/cmTC_5c50b.dir/CMakeCCompilerABI.c.o /run/user/1000/ccENM4hE.s
GNU assembler version 2.40 (x86_64-unknown-linux-gnu) using BFD version (GNU Binutils) 2.40
COMPILER_PATH=/nix/store/yaz7pyf0ah88g2v505l38n0f3wg2vzdj-glibc-2.37-8/lib/:/nix/store/0358z2psmx7f56d47n9f2xlkjd5zs39q-gcc-13.1.0-lib/lib/:/nix/store/f9q9ifxzrfaacn6dsw7n9qggq2jfcmd0-gcc-wrapper-13.1.0/bin/:/nix/store/73z104zi47lnk6km2rl7sn51j6cnnp80-gcc-13.1.0/libexec/gcc/x86_64-unknown-linux-gnu/13.1.0/:/nix/store/73z104zi47lnk6km2rl7sn51j6cnnp80-gcc-13.1.0/libexec/gcc/x86_64-unknown-linux-gnu/13.1.0/:/nix/store/73z104zi47lnk6km2rl7sn51j6cnnp80-gcc-13.1.0/libexec/gcc/x86_64-unknown-linux-gnu/:/nix/store/73z104zi47lnk6km2rl7sn51j6cnnp80-gcc-13.1.0/lib/gcc/x86_64-unknown-linux-gnu/13.1.0/:/nix/store/73z104zi47lnk6km2rl7sn51j6cnnp80-gcc-13.1.0/lib/gcc/x86_64-unknown-linux-gnu/
LIBRARY_PATH=/nix/store/yaz7pyf0ah88g2v505l38n0f3wg2vzdj-glibc-2.37-8/lib/:/nix/store/0358z2psmx7f56d47n9f2xlkjd5zs39q-gcc-13.1.0-lib/lib/:/nix/store/f9q9ifxzrfaacn6dsw7n9qggq2jfcmd0-gcc-wrapper-13.1.0/bin/:/nix/store/73z104zi47lnk6km2rl7sn51j6cnnp80-gcc-13.1.0/lib/gcc/x86_64-unknown-linux-gnu/13.1.0/:/nix/store/73z104zi47lnk6km2rl7sn51j6cnnp80-gcc-13.1.0/lib/gcc/x86_64-unknown-linux-gnu/13.1.0/../../../../lib64/:/nix/store/73z104zi47lnk6km2rl7sn51j6cnnp80-gcc-13.1.0/lib/gcc/x86_64-unknown-linux-gnu/13.1.0/../../../
COLLECT_GCC_OPTIONS='-fPIC' '-Wformat=1' '-Wformat-security' '-Werror=format-security' '-fstack-protector-strong' '--param=ssp-buffer-size=4' '-O2' '-U' '_FORTIFY_SOURCE' '-D' '_FORTIFY_SOURCE=2' '-fno-strict-overflow' '-v' '-o' 'CMakeFiles/cmTC_5c50b.dir/CMakeCCompilerABI.c.o' '-c' '-B' '/nix/store/yaz7pyf0ah88g2v505l38n0f3wg2vzdj-glibc-2.37-8/lib/' '-idirafter' '/nix/store/rfw51dqr3qn7b6fjy8hmx6f0x3hfwbx6-glibc-2.37-8-dev/include' '-idirafter' '/nix/store/73z104zi47lnk6km2rl7sn51j6cnnp80-gcc-13.1.0/lib/gcc/x86_64-unknown-linux-gnu/13.1.0/include-fixed' '-B' '/nix/store/0358z2psmx7f56d47n9f2xlkjd5zs39q-gcc-13.1.0-lib/lib' '-B' '/nix/store/f9q9ifxzrfaacn6dsw7n9qggq2jfcmd0-gcc-wrapper-13.1.0/bin/' '-frandom-seed=yqxzjjhfzs' '-isystem' '/nix/store/v2fwqbg81ag29an3vasmm0h61ch8jjyb-liblo-0.31/include' '-isystem' '/nix/store/8l0vwfj72dv2rxwchsznn7m1ici8j483-gnumake-4.4.1/include' '-isystem' '/nix/store/p3z1jjczsi0vgnv4icr2brlvs07c4z25-flex-2.6.4/include' '-isystem' '/nix/store/95cxzy2hpizr23343b8bskl4yacf4b3l-python3-3.10.11/include' '-isystem' '/nix/store/v2fwqbg81ag29an3vasmm0h61ch8jjyb-liblo-0.31/include' '-isystem' '/nix/store/8l0vwfj72dv2rxwchsznn7m1ici8j483-gnumake-4.4.1/include' '-isystem' '/nix/store/p3z1jjczsi0vgnv4icr2brlvs07c4z25-flex-2.6.4/include' '-isystem' '/nix/store/95cxzy2hpizr23343b8bskl4yacf4b3l-python3-3.10.11/include' '-mtune=generic' '-march=x86-64' '-dumpdir' 'CMakeFiles/cmTC_5c50b.dir/CMakeCCompilerABI.c.'
[2/2] Linking C executable cmTC_5c50b
Using built-in specs.
COLLECT_GCC=/nix/store/73z104zi47lnk6km2rl7sn51j6cnnp80-gcc-13.1.0/bin/gcc
COLLECT_LTO_WRAPPER=/nix/store/73z104zi47lnk6km2rl7sn51j6cnnp80-gcc-13.1.0/libexec/gcc/x86_64-unknown-linux-gnu/13.1.0/lto-wrapper
Target: x86_64-unknown-linux-gnu
Configured with: 
Thread model: posix
Supported LTO compression algorithms: zlib
gcc version 13.1.0 (GCC) 
COMPILER_PATH=/nix/store/yaz7pyf0ah88g2v505l38n0f3wg2vzdj-glibc-2.37-8/lib/:/nix/store/0358z2psmx7f56d47n9f2xlkjd5zs39q-gcc-13.1.0-lib/lib/:/nix/store/f9q9ifxzrfaacn6dsw7n9qggq2jfcmd0-gcc-wrapper-13.1.0/bin/:/nix/store/73z104zi47lnk6km2rl7sn51j6cnnp80-gcc-13.1.0/libexec/gcc/x86_64-unknown-linux-gnu/13.1.0/:/nix/store/73z104zi47lnk6km2rl7sn51j6cnnp80-gcc-13.1.0/libexec/gcc/x86_64-unknown-linux-gnu/13.1.0/:/nix/store/73z104zi47lnk6km2rl7sn51j6cnnp80-gcc-13.1.0/libexec/gcc/x86_64-unknown-linux-gnu/:/nix/store/73z104zi47lnk6km2rl7sn51j6cnnp80-gcc-13.1.0/lib/gcc/x86_64-unknown-linux-gnu/13.1.0/:/nix/store/73z104zi47lnk6km2rl7sn51j6cnnp80-gcc-13.1.0/lib/gcc/x86_64-unknown-linux-gnu/
LIBRARY_PATH=/nix/store/yaz7pyf0ah88g2v505l38n0f3wg2vzdj-glibc-2.37-8/lib/:/nix/store/0358z2psmx7f56d47n9f2xlkjd5zs39q-gcc-13.1.0-lib/lib/:/nix/store/f9q9ifxzrfaacn6dsw7n9qggq2jfcmd0-gcc-wrapper-13.1.0/bin/:/nix/store/73z104zi47lnk6km2rl7sn51j6cnnp80-gcc-13.1.0/lib/gcc/x86_64-unknown-linux-gnu/13.1.0/:/nix/store/73z104zi47lnk6km2rl7sn51j6cnnp80-gcc-13.1.0/lib/gcc/x86_64-unknown-linux-gnu/13.1.0/../../../../lib64/:/nix/store/73z104zi47lnk6km2rl7sn51j6cnnp80-gcc-13.1.0/lib/gcc/x86_64-unknown-linux-gnu/13.1.0/../../../
COLLECT_GCC_OPTIONS='-fPIC' '-Wformat=1' '-Wformat-security' '-Werror=format-security' '-fstack-protector-strong' '--param=ssp-buffer-size=4' '-O2' '-U' '_FORTIFY_SOURCE' '-D' '_FORTIFY_SOURCE=2' '-fno-strict-overflow' '-v' '-rdynamic' '-o' 'cmTC_5c50b' '-B' '/nix/store/yaz7pyf0ah88g2v505l38n0f3wg2vzdj-glibc-2.37-8/lib/' '-idirafter' '/nix/store/rfw51dqr3qn7b6fjy8hmx6f0x3hfwbx6-glibc-2.37-8-dev/include' '-idirafter' '/nix/store/73z104zi47lnk6km2rl7sn51j6cnnp80-gcc-13.1.0/lib/gcc/x86_64-unknown-linux-gnu/13.1.0/include-fixed' '-B' '/nix/store/0358z2psmx7f56d47n9f2xlkjd5zs39q-gcc-13.1.0-lib/lib' '-B' '/nix/store/f9q9ifxzrfaacn6dsw7n9qggq2jfcmd0-gcc-wrapper-13.1.0/bin/' '-frandom-seed=yqxzjjhfzs' '-isystem' '/nix/store/v2fwqbg81ag29an3vasmm0h61ch8jjyb-liblo-0.31/include' '-isystem' '/nix/store/8l0vwfj72dv2rxwchsznn7m1ici8j483-gnumake-4.4.1/include' '-isystem' '/nix/store/p3z1jjczsi0vgnv4icr2brlvs07c4z25-flex-2.6.4/include' '-isystem' '/nix/store/95cxzy2hpizr23343b8bskl4yacf4b3l-python3-3.10.11/include' '-isystem' '/nix/store/v2fwqbg81ag29an3vasmm0h61ch8jjyb-liblo-0.31/include' '-isystem' '/nix/store/8l0vwfj72dv2rxwchsznn7m1ici8j483-gnumake-4.4.1/include' '-isystem' '/nix/store/p3z1jjczsi0vgnv4icr2brlvs07c4z25-flex-2.6.4/include' '-isystem' '/nix/store/95cxzy2hpizr23343b8bskl4yacf4b3l-python3-3.10.11/include' '-L/nix/store/v2fwqbg81ag29an3vasmm0h61ch8jjyb-liblo-0.31/lib' '-L/nix/store/p3z1jjczsi0vgnv4icr2brlvs07c4z25-flex-2.6.4/lib' '-L/nix/store/87ab06c2dssvdz7rxri45n4x8nv9699n-bison-3.8.2/lib' '-L/nix/store/95cxzy2hpizr23343b8bskl4yacf4b3l-python3-3.10.11/lib' '-L/nix/store/v2fwqbg81ag29an3vasmm0h61ch8jjyb-liblo-0.31/lib' '-L/nix/store/p3z1jjczsi0vgnv4icr2brlvs07c4z25-flex-2.6.4/lib' '-L/nix/store/87ab06c2dssvdz7rxri45n4x8nv9699n-bison-3.8.2/lib' '-L/nix/store/95cxzy2hpizr23343b8bskl4yacf4b3l-python3-3.10.11/lib' '-L/nix/store/yaz7pyf0ah88g2v505l38n0f3wg2vzdj-glibc-2.37-8/lib' '-L/nix/store/0358z2psmx7f56d47n9f2xlkjd5zs39q-gcc-13.1.0-lib/lib' '-mtune=generic' '-march=x86-64' '-dumpdir' 'cmTC_5c50b.'
 /nix/store/73z104zi47lnk6km2rl7sn51j6cnnp80-gcc-13.1.0/libexec/gcc/x86_64-unknown-linux-gnu/13.1.0/collect2 -plugin /nix/store/73z104zi47lnk6km2rl7sn51j6cnnp80-gcc-13.1.0/libexec/gcc/x86_64-unknown-linux-gnu/13.1.0/liblto_plugin.so -plugin-opt=/nix/store/73z104zi47lnk6km2rl7sn51j6cnnp80-gcc-13.1.0/libexec/gcc/x86_64-unknown-linux-gnu/13.1.0/lto-wrapper -plugin-opt=-fresolution=/run/user/1000/cc8sySQD.res -plugin-opt=-pass-through=-lgcc -plugin-opt=-pass-through=-lgcc_s -plugin-opt=-pass-through=-lc -plugin-opt=-pass-through=-lgcc -plugin-opt=-pass-through=-lgcc_s --eh-frame-hdr -m elf_x86_64 -export-dynamic -dynamic-linker /nix/store/yaz7pyf0ah88g2v505l38n0f3wg2vzdj-glibc-2.37-8/lib64/ld-linux-x86-64.so.2 -o cmTC_5c50b /nix/store/yaz7pyf0ah88g2v505l38n0f3wg2vzdj-glibc-2.37-8/lib/crt1.o /nix/store/yaz7pyf0ah88g2v505l38n0f3wg2vzdj-glibc-2.37-8/lib/crti.o /nix/store/73z104zi47lnk6km2rl7sn51j6cnnp80-gcc-13.1.0/lib/gcc/x86_64-unknown-linux-gnu/13.1.0/crtbegin.o -L/nix/store/v2fwqbg81ag29an3vasmm0h61ch8jjyb-liblo-0.31/lib -L/nix/store/p3z1jjczsi0vgnv4icr2brlvs07c4z25-flex-2.6.4/lib -L/nix/store/87ab06c2dssvdz7rxri45n4x8nv9699n-bison-3.8.2/lib -L/nix/store/95cxzy2hpizr23343b8bskl4yacf4b3l-python3-3.10.11/lib -L/nix/store/v2fwqbg81ag29an3vasmm0h61ch8jjyb-liblo-0.31/lib -L/nix/store/p3z1jjczsi0vgnv4icr2brlvs07c4z25-flex-2.6.4/lib -L/nix/store/87ab06c2dssvdz7rxri45n4x8nv9699n-bison-3.8.2/lib -L/nix/store/95cxzy2hpizr23343b8bskl4yacf4b3l-python3-3.10.11/lib -L/nix/store/yaz7pyf0ah88g2v505l38n0f3wg2vzdj-glibc-2.37-8/lib -L/nix/store/0358z2psmx7f56d47n9f2xlkjd5zs39q-gcc-13.1.0-lib/lib -L/nix/store/yaz7pyf0ah88g2v505l38n0f3wg2vzdj-glibc-2.37-8/lib -L/nix/store/0358z2psmx7f56d47n9f2xlkjd5zs39q-gcc-13.1.0-lib/lib -L/nix/store/f9q9ifxzrfaacn6dsw7n9qggq2jfcmd0-gcc-wrapper-13.1.0/bin -L/nix/store/73z104zi47lnk6km2rl7sn51j6cnnp80-gcc-13.1.0/lib/gcc/x86_64-unknown-linux-gnu/13.1.0 -L/nix/store/73z104zi47lnk6km2rl7sn51j6cnnp80-gcc-13.1.0/lib/gcc/x86_64-unknown-linux-gnu/13.1.0/../../../../lib64 -L/nix/store/73z104zi47lnk6km2rl7sn51j6cnnp80-gcc-13.1.0/lib/gcc/x86_64-unknown-linux-gnu/13.1.0/../../.. -dynamic-linker=/nix/store/yaz7pyf0ah88g2v505l38n0f3wg2vzdj-glibc-2.37-8/lib/ld-linux-x86-64.so.2 CMakeFiles/cmTC_5c50b.dir/CMakeCCompilerABI.c.o -rpath /nix/store/yqxzjjhfzswchv856zjm63qlmba266wc-sygaldry/lib64 -rpath /nix/store/yqxzjjhfzswchv856zjm63qlmba266wc-sygaldry/lib -lgcc --push-state --as-needed -lgcc_s --pop-state -lc -lgcc --push-state --as-needed -lgcc_s --pop-state /nix/store/73z104zi47lnk6km2rl7sn51j6cnnp80-gcc-13.1.0/lib/gcc/x86_64-unknown-linux-gnu/13.1.0/crtend.o /nix/store/yaz7pyf0ah88g2v505l38n0f3wg2vzdj-glibc-2.37-8/lib/crtn.o
COLLECT_GCC_OPTIONS='-fPIC' '-Wformat=1' '-Wformat-security' '-Werror=format-security' '-fstack-protector-strong' '--param=ssp-buffer-size=4' '-O2' '-U' '_FORTIFY_SOURCE' '-D' '_FORTIFY_SOURCE=2' '-fno-strict-overflow' '-v' '-rdynamic' '-o' 'cmTC_5c50b' '-B' '/nix/store/yaz7pyf0ah88g2v505l38n0f3wg2vzdj-glibc-2.37-8/lib/' '-idirafter' '/nix/store/rfw51dqr3qn7b6fjy8hmx6f0x3hfwbx6-glibc-2.37-8-dev/include' '-idirafter' '/nix/store/73z104zi47lnk6km2rl7sn51j6cnnp80-gcc-13.1.0/lib/gcc/x86_64-unknown-linux-gnu/13.1.0/include-fixed' '-B' '/nix/store/0358z2psmx7f56d47n9f2xlkjd5zs39q-gcc-13.1.0-lib/lib' '-B' '/nix/store/f9q9ifxzrfaacn6dsw7n9qggq2jfcmd0-gcc-wrapper-13.1.0/bin/' '-frandom-seed=yqxzjjhfzs' '-isystem' '/nix/store/v2fwqbg81ag29an3vasmm0h61ch8jjyb-liblo-0.31/include' '-isystem' '/nix/store/8l0vwfj72dv2rxwchsznn7m1ici8j483-gnumake-4.4.1/include' '-isystem' '/nix/store/p3z1jjczsi0vgnv4icr2brlvs07c4z25-flex-2.6.4/include' '-isystem' '/nix/store/95cxzy2hpizr23343b8bskl4yacf4b3l-python3-3.10.11/include' '-isystem' '/nix/store/v2fwqbg81ag29an3vasmm0h61ch8jjyb-liblo-0.31/include' '-isystem' '/nix/store/8l0vwfj72dv2rxwchsznn7m1ici8j483-gnumake-4.4.1/include' '-isystem' '/nix/store/p3z1jjczsi0vgnv4icr2brlvs07c4z25-flex-2.6.4/include' '-isystem' '/nix/store/95cxzy2hpizr23343b8bskl4yacf4b3l-python3-3.10.11/include' '-L/nix/store/v2fwqbg81ag29an3vasmm0h61ch8jjyb-liblo-0.31/lib' '-L/nix/store/p3z1jjczsi0vgnv4icr2brlvs07c4z25-flex-2.6.4/lib' '-L/nix/store/87ab06c2dssvdz7rxri45n4x8nv9699n-bison-3.8.2/lib' '-L/nix/store/95cxzy2hpizr23343b8bskl4yacf4b3l-python3-3.10.11/lib' '-L/nix/store/v2fwqbg81ag29an3vasmm0h61ch8jjyb-liblo-0.31/lib' '-L/nix/store/p3z1jjczsi0vgnv4icr2brlvs07c4z25-flex-2.6.4/lib' '-L/nix/store/87ab06c2dssvdz7rxri45n4x8nv9699n-bison-3.8.2/lib' '-L/nix/store/95cxzy2hpizr23343b8bskl4yacf4b3l-python3-3.10.11/lib' '-L/nix/store/yaz7pyf0ah88g2v505l38n0f3wg2vzdj-glibc-2.37-8/lib' '-L/nix/store/0358z2psmx7f56d47n9f2xlkjd5zs39q-gcc-13.1.0-lib/lib' '-mtune=generic' '-march=x86-64' '-dumpdir' 'cmTC_5c50b.'



Parsed C implicit include dir info from above output: rv=done
  found start of include info
  found start of implicit include info
    add: [/nix/store/v2fwqbg81ag29an3vasmm0h61ch8jjyb-liblo-0.31/include]
    add: [/nix/store/8l0vwfj72dv2rxwchsznn7m1ici8j483-gnumake-4.4.1/include]
    add: [/nix/store/p3z1jjczsi0vgnv4icr2brlvs07c4z25-flex-2.6.4/include]
    add: [/nix/store/95cxzy2hpizr23343b8bskl4yacf4b3l-python3-3.10.11/include]
    add: [/nix/store/73z104zi47lnk6km2rl7sn51j6cnnp80-gcc-13.1.0/lib/gcc/x86_64-unknown-linux-gnu/13.1.0/include]
    add: [/nix/store/73z104zi47lnk6km2rl7sn51j6cnnp80-gcc-13.1.0/include]
    add: [/nix/store/73z104zi47lnk6km2rl7sn51j6cnnp80-gcc-13.1.0/lib/gcc/x86_64-unknown-linux-gnu/13.1.0/include-fixed]
    add: [/nix/store/rfw51dqr3qn7b6fjy8hmx6f0x3hfwbx6-glibc-2.37-8-dev/include]
  end of search list found
  collapse include dir [/nix/store/v2fwqbg81ag29an3vasmm0h61ch8jjyb-liblo-0.31/include] ==> [/nix/store/v2fwqbg81ag29an3vasmm0h61ch8jjyb-liblo-0.31/include]
  collapse include dir [/nix/store/8l0vwfj72dv2rxwchsznn7m1ici8j483-gnumake-4.4.1/include] ==> [/nix/store/8l0vwfj72dv2rxwchsznn7m1ici8j483-gnumake-4.4.1/include]
  collapse include dir [/nix/store/p3z1jjczsi0vgnv4icr2brlvs07c4z25-flex-2.6.4/include] ==> [/nix/store/p3z1jjczsi0vgnv4icr2brlvs07c4z25-flex-2.6.4/include]
  collapse include dir [/nix/store/95cxzy2hpizr23343b8bskl4yacf4b3l-python3-3.10.11/include] ==> [/nix/store/95cxzy2hpizr23343b8bskl4yacf4b3l-python3-3.10.11/include]
  collapse include dir [/nix/store/73z104zi47lnk6km2rl7sn51j6cnnp80-gcc-13.1.0/lib/gcc/x86_64-unknown-linux-gnu/13.1.0/include] ==> [/nix/store/73z104zi47lnk6km2rl7sn51j6cnnp80-gcc-13.1.0/lib/gcc/x86_64-unknown-linux-gnu/13.1.0/include]
  collapse include dir [/nix/store/73z104zi47lnk6km2rl7sn51j6cnnp80-gcc-13.1.0/include] ==> [/nix/store/73z104zi47lnk6km2rl7sn51j6cnnp80-gcc-13.1.0/include]
  collapse include dir [/nix/store/73z104zi47lnk6km2rl7sn51j6cnnp80-gcc-13.1.0/lib/gcc/x86_64-unknown-linux-gnu/13.1.0/include-fixed] ==> [/nix/store/73z104zi47lnk6km2rl7sn51j6cnnp80-gcc-13.1.0/lib/gcc/x86_64-unknown-linux-gnu/13.1.0/include-fixed]
  collapse include dir [/nix/store/rfw51dqr3qn7b6fjy8hmx6f0x3hfwbx6-glibc-2.37-8-dev/include] ==> [/nix/store/rfw51dqr3qn7b6fjy8hmx6f0x3hfwbx6-glibc-2.37-8-dev/include]
  implicit include dirs: [/nix/store/v2fwqbg81ag29an3vasmm0h61ch8jjyb-liblo-0.31/include;/nix/store/8l0vwfj72dv2rxwchsznn7m1ici8j483-gnumake-4.4.1/include;/nix/store/p3z1jjczsi0vgnv4icr2brlvs07c4z25-flex-2.6.4/include;/nix/store/95cxzy2hpizr23343b8bskl4yacf4b3l-python3-3.10.11/include;/nix/store/73z104zi47lnk6km2rl7sn51j6cnnp80-gcc-13.1.0/lib/gcc/x86_64-unknown-linux-gnu/13.1.0/include;/nix/store/73z104zi47lnk6km2rl7sn51j6cnnp80-gcc-13.1.0/include;/nix/store/73z104zi47lnk6km2rl7sn51j6cnnp80-gcc-13.1.0/lib/gcc/x86_64-unknown-linux-gnu/13.1.0/include-fixed;/nix/store/rfw51dqr3qn7b6fjy8hmx6f0x3hfwbx6-glibc-2.37-8-dev/include]


Parsed C implicit link information from above output:
  link line regex: [^( *|.*[/\])(ld|CMAKE_LINK_STARTFILE-NOTFOUND|([^/\]+-)?ld|collect2)[^/\]*( |$)]
  ignore line: [Change Dir: /home/ian/TStickProject/sygaldry/sygaldry/sygxy-wave_synth/build/CMakeFiles/CMakeScratch/TryCompile-Hh8jzR]
  ignore line: []
  ignore line: [Run Build Command(s):/nix/store/rcakkm09fivblba082qb6jch02926qhq-ninja-1.11.1/bin/ninja cmTC_5c50b && [1/2] Building C object CMakeFiles/cmTC_5c50b.dir/CMakeCCompilerABI.c.o]
  ignore line: [Using built-in specs.]
  ignore line: [COLLECT_GCC=/nix/store/73z104zi47lnk6km2rl7sn51j6cnnp80-gcc-13.1.0/bin/gcc]
  ignore line: [Target: x86_64-unknown-linux-gnu]
  ignore line: [Configured with: ]
  ignore line: [Thread model: posix]
  ignore line: [Supported LTO compression algorithms: zlib]
  ignore line: [gcc version 13.1.0 (GCC) ]
  ignore line: [COLLECT_GCC_OPTIONS='-fPIC' '-Wformat=1' '-Wformat-security' '-Werror=format-security' '-fstack-protector-strong' '--param=ssp-buffer-size=4' '-O2' '-U' '_FORTIFY_SOURCE' '-D' '_FORTIFY_SOURCE=2' '-fno-strict-overflow' '-v' '-o' 'CMakeFiles/cmTC_5c50b.dir/CMakeCCompilerABI.c.o' '-c' '-B' '/nix/store/yaz7pyf0ah88g2v505l38n0f3wg2vzdj-glibc-2.37-8/lib/' '-idirafter' '/nix/store/rfw51dqr3qn7b6fjy8hmx6f0x3hfwbx6-glibc-2.37-8-dev/include' '-idirafter' '/nix/store/73z104zi47lnk6km2rl7sn51j6cnnp80-gcc-13.1.0/lib/gcc/x86_64-unknown-linux-gnu/13.1.0/include-fixed' '-B' '/nix/store/0358z2psmx7f56d47n9f2xlkjd5zs39q-gcc-13.1.0-lib/lib' '-B' '/nix/store/f9q9ifxzrfaacn6dsw7n9qggq2jfcmd0-gcc-wrapper-13.1.0/bin/' '-frandom-seed=yqxzjjhfzs' '-isystem' '/nix/store/v2fwqbg81ag29an3vasmm0h61ch8jjyb-liblo-0.31/include' '-isystem' '/nix/store/8l0vwfj72dv2rxwchsznn7m1ici8j483-gnumake-4.4.1/include' '-isystem' '/nix/store/p3z1jjczsi0vgnv4icr2brlvs07c4z25-flex-2.6.4/include' '-isystem' '/nix/store/95cxzy2hpizr23343b8bskl4yacf4b3l-python3-3.10.11/include' '-isystem' '/nix/store/v2fwqbg81ag29an3vasmm0h61ch8jjyb-liblo-0.31/include' '-isystem' '/nix/store/8l0vwfj72dv2rxwchsznn7m1ici8j483-gnumake-4.4.1/include' '-isystem' '/nix/store/p3z1jjczsi0vgnv4icr2brlvs07c4z25-flex-2.6.4/include' '-isystem' '/nix/store/95cxzy2hpizr23343b8bskl4yacf4b3l-python3-3.10.11/include' '-mtune=generic' '-march=x86-64' '-dumpdir' 'CMakeFiles/cmTC_5c50b.dir/']
  ignore line: [ /nix/store/73z104zi47lnk6km2rl7sn51j6cnnp80-gcc-13.1.0/libexec/gcc/x86_64-unknown-linux-gnu/13.1.0/cc1 -quiet -v -U _FORTIFY_SOURCE -D _FORTIFY_SOURCE=2 -idirafter /nix/store/rfw51dqr3qn7b6fjy8hmx6f0x3hfwbx6-glibc-2.37-8-dev/include -idirafter /nix/store/73z104zi47lnk6km2rl7sn51j6cnnp80-gcc-13.1.0/lib/gcc/x86_64-unknown-linux-gnu/13.1.0/include-fixed -isystem /nix/store/v2fwqbg81ag29an3vasmm0h61ch8jjyb-liblo-0.31/include -isystem /nix/store/8l0vwfj72dv2rxwchsznn7m1ici8j483-gnumake-4.4.1/include -isystem /nix/store/p3z1jjczsi0vgnv4icr2brlvs07c4z25-flex-2.6.4/include -isystem /nix/store/95cxzy2hpizr23343b8bskl4yacf4b3l-python3-3.10.11/include -isystem /nix/store/v2fwqbg81ag29an3vasmm0h61ch8jjyb-liblo-0.31/include -isystem /nix/store/8l0vwfj72dv2rxwchsznn7m1ici8j483-gnumake-4.4.1/include -isystem /nix/store/p3z1jjczsi0vgnv4icr2brlvs07c4z25-flex-2.6.4/include -isystem /nix/store/95cxzy2hpizr23343b8bskl4yacf4b3l-python3-3.10.11/include /nix/store/fic9avx8yabwb3ib8m49ld3kq9fkwwwd-cmake-3.25.3/share/cmake-3.25/Modules/CMakeCCompilerABI.c -quiet -dumpdir CMakeFiles/cmTC_5c50b.dir/ -dumpbase CMakeCCompilerABI.c.c -dumpbase-ext .c -mtune=generic -march=x86-64 -O2 -Wformat=1 -Wformat-security -Werror=format-security -version -fPIC -fstack-protector-strong -fno-strict-overflow -frandom-seed=yqxzjjhfzs --param=ssp-buffer-size=4 -o /run/user/1000/ccENM4hE.s]
  ignore line: [GNU C17 (GCC) version 13.1.0 (x86_64-unknown-linux-gnu)]
  ignore line: [	compiled by GNU C version 12.2.0  GMP version 6.2.1  MPFR version 4.2.0  MPC version 1.3.1  isl version isl-0.20-GMP]
  ignore line: []
  ignore line: [GGC heuristics: --param ggc-min-expand=100 --param ggc-min-heapsize=131072]
  ignore line: [ignoring duplicate directory "/nix/store/v2fwqbg81ag29an3vasmm0h61ch8jjyb-liblo-0.31/include"]
  ignore line: [ignoring duplicate directory "/nix/store/8l0vwfj72dv2rxwchsznn7m1ici8j483-gnumake-4.4.1/include"]
  ignore line: [ignoring duplicate directory "/nix/store/p3z1jjczsi0vgnv4icr2brlvs07c4z25-flex-2.6.4/include"]
  ignore line: [ignoring duplicate directory "/nix/store/95cxzy2hpizr23343b8bskl4yacf4b3l-python3-3.10.11/include"]
  ignore line: [ignoring nonexistent directory "/nix/store/73z104zi47lnk6km2rl7sn51j6cnnp80-gcc-13.1.0/lib/gcc/x86_64-unknown-linux-gnu/13.1.0/../../../../x86_64-unknown-linux-gnu/include"]
  ignore line: [ignoring duplicate directory "/nix/store/rfw51dqr3qn7b6fjy8hmx6f0x3hfwbx6-glibc-2.37-8-dev/include"]
  ignore line: [ignoring duplicate directory "/nix/store/73z104zi47lnk6km2rl7sn51j6cnnp80-gcc-13.1.0/lib/gcc/x86_64-unknown-linux-gnu/13.1.0/include-fixed"]
  ignore line: [#include "..." search starts here:]
  ignore line: [#include <...> search starts here:]
  ignore line: [ /nix/store/v2fwqbg81ag29an3vasmm0h61ch8jjyb-liblo-0.31/include]
  ignore line: [ /nix/store/8l0vwfj72dv2rxwchsznn7m1ici8j483-gnumake-4.4.1/include]
  ignore line: [ /nix/store/p3z1jjczsi0vgnv4icr2brlvs07c4z25-flex-2.6.4/include]
  ignore line: [ /nix/store/95cxzy2hpizr23343b8bskl4yacf4b3l-python3-3.10.11/include]
  ignore line: [ /nix/store/73z104zi47lnk6km2rl7sn51j6cnnp80-gcc-13.1.0/lib/gcc/x86_64-unknown-linux-gnu/13.1.0/include]
  ignore line: [ /nix/store/73z104zi47lnk6km2rl7sn51j6cnnp80-gcc-13.1.0/include]
  ignore line: [ /nix/store/73z104zi47lnk6km2rl7sn51j6cnnp80-gcc-13.1.0/lib/gcc/x86_64-unknown-linux-gnu/13.1.0/include-fixed]
  ignore line: [ /nix/store/rfw51dqr3qn7b6fjy8hmx6f0x3hfwbx6-glibc-2.37-8-dev/include]
  ignore line: [End of search list.]
  ignore line: [Compiler executable checksum: 2ceebfb5a2d7e9e68033cff4b9d0f060]
  ignore line: [COLLECT_GCC_OPTIONS='-fPIC' '-Wformat=1' '-Wformat-security' '-Werror=format-security' '-fstack-protector-strong' '--param=ssp-buffer-size=4' '-O2' '-U' '_FORTIFY_SOURCE' '-D' '_FORTIFY_SOURCE=2' '-fno-strict-overflow' '-v' '-o' 'CMakeFiles/cmTC_5c50b.dir/CMakeCCompilerABI.c.o' '-c' '-B' '/nix/store/yaz7pyf0ah88g2v505l38n0f3wg2vzdj-glibc-2.37-8/lib/' '-idirafter' '/nix/store/rfw51dqr3qn7b6fjy8hmx6f0x3hfwbx6-glibc-2.37-8-dev/include' '-idirafter' '/nix/store/73z104zi47lnk6km2rl7sn51j6cnnp80-gcc-13.1.0/lib/gcc/x86_64-unknown-linux-gnu/13.1.0/include-fixed' '-B' '/nix/store/0358z2psmx7f56d47n9f2xlkjd5zs39q-gcc-13.1.0-lib/lib' '-B' '/nix/store/f9q9ifxzrfaacn6dsw7n9qggq2jfcmd0-gcc-wrapper-13.1.0/bin/' '-frandom-seed=yqxzjjhfzs' '-isystem' '/nix/store/v2fwqbg81ag29an3vasmm0h61ch8jjyb-liblo-0.31/include' '-isystem' '/nix/store/8l0vwfj72dv2rxwchsznn7m1ici8j483-gnumake-4.4.1/include' '-isystem' '/nix/store/p3z1jjczsi0vgnv4icr2brlvs07c4z25-flex-2.6.4/include' '-isystem' '/nix/store/95cxzy2hpizr23343b8bskl4yacf4b3l-python3-3.10.11/include' '-isystem' '/nix/store/v2fwqbg81ag29an3vasmm0h61ch8jjyb-liblo-0.31/include' '-isystem' '/nix/store/8l0vwfj72dv2rxwchsznn7m1ici8j483-gnumake-4.4.1/include' '-isystem' '/nix/store/p3z1jjczsi0vgnv4icr2brlvs07c4z25-flex-2.6.4/include' '-isystem' '/nix/store/95cxzy2hpizr23343b8bskl4yacf4b3l-python3-3.10.11/include' '-mtune=generic' '-march=x86-64' '-dumpdir' 'CMakeFiles/cmTC_5c50b.dir/']
  ignore line: [ /nix/store/f9q9ifxzrfaacn6dsw7n9qggq2jfcmd0-gcc-wrapper-13.1.0/bin/as -v --64 -o CMakeFiles/cmTC_5c50b.dir/CMakeCCompilerABI.c.o /run/user/1000/ccENM4hE.s]
  ignore line: [GNU assembler version 2.40 (x86_64-unknown-linux-gnu) using BFD version (GNU Binutils) 2.40]
  ignore line: [COMPILER_PATH=/nix/store/yaz7pyf0ah88g2v505l38n0f3wg2vzdj-glibc-2.37-8/lib/:/nix/store/0358z2psmx7f56d47n9f2xlkjd5zs39q-gcc-13.1.0-lib/lib/:/nix/store/f9q9ifxzrfaacn6dsw7n9qggq2jfcmd0-gcc-wrapper-13.1.0/bin/:/nix/store/73z104zi47lnk6km2rl7sn51j6cnnp80-gcc-13.1.0/libexec/gcc/x86_64-unknown-linux-gnu/13.1.0/:/nix/store/73z104zi47lnk6km2rl7sn51j6cnnp80-gcc-13.1.0/libexec/gcc/x86_64-unknown-linux-gnu/13.1.0/:/nix/store/73z104zi47lnk6km2rl7sn51j6cnnp80-gcc-13.1.0/libexec/gcc/x86_64-unknown-linux-gnu/:/nix/store/73z104zi47lnk6km2rl7sn51j6cnnp80-gcc-13.1.0/lib/gcc/x86_64-unknown-linux-gnu/13.1.0/:/nix/store/73z104zi47lnk6km2rl7sn51j6cnnp80-gcc-13.1.0/lib/gcc/x86_64-unknown-linux-gnu/]
  ignore line: [LIBRARY_PATH=/nix/store/yaz7pyf0ah88g2v505l38n0f3wg2vzdj-glibc-2.37-8/lib/:/nix/store/0358z2psmx7f56d47n9f2xlkjd5zs39q-gcc-13.1.0-lib/lib/:/nix/store/f9q9ifxzrfaacn6dsw7n9qggq2jfcmd0-gcc-wrapper-13.1.0/bin/:/nix/store/73z104zi47lnk6km2rl7sn51j6cnnp80-gcc-13.1.0/lib/gcc/x86_64-unknown-linux-gnu/13.1.0/:/nix/store/73z104zi47lnk6km2rl7sn51j6cnnp80-gcc-13.1.0/lib/gcc/x86_64-unknown-linux-gnu/13.1.0/../../../../lib64/:/nix/store/73z104zi47lnk6km2rl7sn51j6cnnp80-gcc-13.1.0/lib/gcc/x86_64-unknown-linux-gnu/13.1.0/../../../]
  ignore line: [COLLECT_GCC_OPTIONS='-fPIC' '-Wformat=1' '-Wformat-security' '-Werror=format-security' '-fstack-protector-strong' '--param=ssp-buffer-size=4' '-O2' '-U' '_FORTIFY_SOURCE' '-D' '_FORTIFY_SOURCE=2' '-fno-strict-overflow' '-v' '-o' 'CMakeFiles/cmTC_5c50b.dir/CMakeCCompilerABI.c.o' '-c' '-B' '/nix/store/yaz7pyf0ah88g2v505l38n0f3wg2vzdj-glibc-2.37-8/lib/' '-idirafter' '/nix/store/rfw51dqr3qn7b6fjy8hmx6f0x3hfwbx6-glibc-2.37-8-dev/include' '-idirafter' '/nix/store/73z104zi47lnk6km2rl7sn51j6cnnp80-gcc-13.1.0/lib/gcc/x86_64-unknown-linux-gnu/13.1.0/include-fixed' '-B' '/nix/store/0358z2psmx7f56d47n9f2xlkjd5zs39q-gcc-13.1.0-lib/lib' '-B' '/nix/store/f9q9ifxzrfaacn6dsw7n9qggq2jfcmd0-gcc-wrapper-13.1.0/bin/' '-frandom-seed=yqxzjjhfzs' '-isystem' '/nix/store/v2fwqbg81ag29an3vasmm0h61ch8jjyb-liblo-0.31/include' '-isystem' '/nix/store/8l0vwfj72dv2rxwchsznn7m1ici8j483-gnumake-4.4.1/include' '-isystem' '/nix/store/p3z1jjczsi0vgnv4icr2brlvs07c4z25-flex-2.6.4/include' '-isystem' '/nix/store/95cxzy2hpizr23343b8bskl4yacf4b3l-python3-3.10.11/include' '-isystem' '/nix/store/v2fwqbg81ag29an3vasmm0h61ch8jjyb-liblo-0.31/include' '-isystem' '/nix/store/8l0vwfj72dv2rxwchsznn7m1ici8j483-gnumake-4.4.1/include' '-isystem' '/nix/store/p3z1jjczsi0vgnv4icr2brlvs07c4z25-flex-2.6.4/include' '-isystem' '/nix/store/95cxzy2hpizr23343b8bskl4yacf4b3l-python3-3.10.11/include' '-mtune=generic' '-march=x86-64' '-dumpdir' 'CMakeFiles/cmTC_5c50b.dir/CMakeCCompilerABI.c.']
  ignore line: [[2/2] Linking C executable cmTC_5c50b]
  ignore line: [Using built-in specs.]
  ignore line: [COLLECT_GCC=/nix/store/73z104zi47lnk6km2rl7sn51j6cnnp80-gcc-13.1.0/bin/gcc]
  ignore line: [COLLECT_LTO_WRAPPER=/nix/store/73z104zi47lnk6km2rl7sn51j6cnnp80-gcc-13.1.0/libexec/gcc/x86_64-unknown-linux-gnu/13.1.0/lto-wrapper]
  ignore line: [Target: x86_64-unknown-linux-gnu]
  ignore line: [Configured with: ]
  ignore line: [Thread model: posix]
  ignore line: [Supported LTO compression algorithms: zlib]
  ignore line: [gcc version 13.1.0 (GCC) ]
  ignore line: [COMPILER_PATH=/nix/store/yaz7pyf0ah88g2v505l38n0f3wg2vzdj-glibc-2.37-8/lib/:/nix/store/0358z2psmx7f56d47n9f2xlkjd5zs39q-gcc-13.1.0-lib/lib/:/nix/store/f9q9ifxzrfaacn6dsw7n9qggq2jfcmd0-gcc-wrapper-13.1.0/bin/:/nix/store/73z104zi47lnk6km2rl7sn51j6cnnp80-gcc-13.1.0/libexec/gcc/x86_64-unknown-linux-gnu/13.1.0/:/nix/store/73z104zi47lnk6km2rl7sn51j6cnnp80-gcc-13.1.0/libexec/gcc/x86_64-unknown-linux-gnu/13.1.0/:/nix/store/73z104zi47lnk6km2rl7sn51j6cnnp80-gcc-13.1.0/libexec/gcc/x86_64-unknown-linux-gnu/:/nix/store/73z104zi47lnk6km2rl7sn51j6cnnp80-gcc-13.1.0/lib/gcc/x86_64-unknown-linux-gnu/13.1.0/:/nix/store/73z104zi47lnk6km2rl7sn51j6cnnp80-gcc-13.1.0/lib/gcc/x86_64-unknown-linux-gnu/]
  ignore line: [LIBRARY_PATH=/nix/store/yaz7pyf0ah88g2v505l38n0f3wg2vzdj-glibc-2.37-8/lib/:/nix/store/0358z2psmx7f56d47n9f2xlkjd5zs39q-gcc-13.1.0-lib/lib/:/nix/store/f9q9ifxzrfaacn6dsw7n9qggq2jfcmd0-gcc-wrapper-13.1.0/bin/:/nix/store/73z104zi47lnk6km2rl7sn51j6cnnp80-gcc-13.1.0/lib/gcc/x86_64-unknown-linux-gnu/13.1.0/:/nix/store/73z104zi47lnk6km2rl7sn51j6cnnp80-gcc-13.1.0/lib/gcc/x86_64-unknown-linux-gnu/13.1.0/../../../../lib64/:/nix/store/73z104zi47lnk6km2rl7sn51j6cnnp80-gcc-13.1.0/lib/gcc/x86_64-unknown-linux-gnu/13.1.0/../../../]
  ignore line: [COLLECT_GCC_OPTIONS='-fPIC' '-Wformat=1' '-Wformat-security' '-Werror=format-security' '-fstack-protector-strong' '--param=ssp-buffer-size=4' '-O2' '-U' '_FORTIFY_SOURCE' '-D' '_FORTIFY_SOURCE=2' '-fno-strict-overflow' '-v' '-rdynamic' '-o' 'cmTC_5c50b' '-B' '/nix/store/yaz7pyf0ah88g2v505l38n0f3wg2vzdj-glibc-2.37-8/lib/' '-idirafter' '/nix/store/rfw51dqr3qn7b6fjy8hmx6f0x3hfwbx6-glibc-2.37-8-dev/include' '-idirafter' '/nix/store/73z104zi47lnk6km2rl7sn51j6cnnp80-gcc-13.1.0/lib/gcc/x86_64-unknown-linux-gnu/13.1.0/include-fixed' '-B' '/nix/store/0358z2psmx7f56d47n9f2xlkjd5zs39q-gcc-13.1.0-lib/lib' '-B' '/nix/store/f9q9ifxzrfaacn6dsw7n9qggq2jfcmd0-gcc-wrapper-13.1.0/bin/' '-frandom-seed=yqxzjjhfzs' '-isystem' '/nix/store/v2fwqbg81ag29an3vasmm0h61ch8jjyb-liblo-0.31/include' '-isystem' '/nix/store/8l0vwfj72dv2rxwchsznn7m1ici8j483-gnumake-4.4.1/include' '-isystem' '/nix/store/p3z1jjczsi0vgnv4icr2brlvs07c4z25-flex-2.6.4/include' '-isystem' '/nix/store/95cxzy2hpizr23343b8bskl4yacf4b3l-python3-3.10.11/include' '-isystem' '/nix/store/v2fwqbg81ag29an3vasmm0h61ch8jjyb-liblo-0.31/include' '-isystem' '/nix/store/8l0vwfj72dv2rxwchsznn7m1ici8j483-gnumake-4.4.1/include' '-isystem' '/nix/store/p3z1jjczsi0vgnv4icr2brlvs07c4z25-flex-2.6.4/include' '-isystem' '/nix/store/95cxzy2hpizr23343b8bskl4yacf4b3l-python3-3.10.11/include' '-L/nix/store/v2fwqbg81ag29an3vasmm0h61ch8jjyb-liblo-0.31/lib' '-L/nix/store/p3z1jjczsi0vgnv4icr2brlvs07c4z25-flex-2.6.4/lib' '-L/nix/store/87ab06c2dssvdz7rxri45n4x8nv9699n-bison-3.8.2/lib' '-L/nix/store/95cxzy2hpizr23343b8bskl4yacf4b3l-python3-3.10.11/lib' '-L/nix/store/v2fwqbg81ag29an3vasmm0h61ch8jjyb-liblo-0.31/lib' '-L/nix/store/p3z1jjczsi0vgnv4icr2brlvs07c4z25-flex-2.6.4/lib' '-L/nix/store/87ab06c2dssvdz7rxri45n4x8nv9699n-bison-3.8.2/lib' '-L/nix/store/95cxzy2hpizr23343b8bskl4yacf4b3l-python3-3.10.11/lib' '-L/nix/store/yaz7pyf0ah88g2v505l38n0f3wg2vzdj-glibc-2.37-8/lib' '-L/nix/store/0358z2psmx7f56d47n9f2xlkjd5zs39q-gcc-13.1.0-lib/lib' '-mtune=generic' '-march=x86-64' '-dumpdir' 'cmTC_5c50b.']
  link line: [ /nix/store/73z104zi47lnk6km2rl7sn51j6cnnp80-gcc-13.1.0/libexec/gcc/x86_64-unknown-linux-gnu/13.1.0/collect2 -plugin /nix/store/73z104zi47lnk6km2rl7sn51j6cnnp80-gcc-13.1.0/libexec/gcc/x86_64-unknown-linux-gnu/13.1.0/liblto_plugin.so -plugin-opt=/nix/store/73z104zi47lnk6km2rl7sn51j6cnnp80-gcc-13.1.0/libexec/gcc/x86_64-unknown-linux-gnu/13.1.0/lto-wrapper -plugin-opt=-fresolution=/run/user/1000/cc8sySQD.res -plugin-opt=-pass-through=-lgcc -plugin-opt=-pass-through=-lgcc_s -plugin-opt=-pass-through=-lc -plugin-opt=-pass-through=-lgcc -plugin-opt=-pass-through=-lgcc_s --eh-frame-hdr -m elf_x86_64 -export-dynamic -dynamic-linker /nix/store/yaz7pyf0ah88g2v505l38n0f3wg2vzdj-glibc-2.37-8/lib64/ld-linux-x86-64.so.2 -o cmTC_5c50b /nix/store/yaz7pyf0ah88g2v505l38n0f3wg2vzdj-glibc-2.37-8/lib/crt1.o /nix/store/yaz7pyf0ah88g2v505l38n0f3wg2vzdj-glibc-2.37-8/lib/crti.o /nix/store/73z104zi47lnk6km2rl7sn51j6cnnp80-gcc-13.1.0/lib/gcc/x86_64-unknown-linux-gnu/13.1.0/crtbegin.o -L/nix/store/v2fwqbg81ag29an3vasmm0h61ch8jjyb-liblo-0.31/lib -L/nix/store/p3z1jjczsi0vgnv4icr2brlvs07c4z25-flex-2.6.4/lib -L/nix/store/87ab06c2dssvdz7rxri45n4x8nv9699n-bison-3.8.2/lib -L/nix/store/95cxzy2hpizr23343b8bskl4yacf4b3l-python3-3.10.11/lib -L/nix/store/v2fwqbg81ag29an3vasmm0h61ch8jjyb-liblo-0.31/lib -L/nix/store/p3z1jjczsi0vgnv4icr2brlvs07c4z25-flex-2.6.4/lib -L/nix/store/87ab06c2dssvdz7rxri45n4x8nv9699n-bison-3.8.2/lib -L/nix/store/95cxzy2hpizr23343b8bskl4yacf4b3l-python3-3.10.11/lib -L/nix/store/yaz7pyf0ah88g2v505l38n0f3wg2vzdj-glibc-2.37-8/lib -L/nix/store/0358z2psmx7f56d47n9f2xlkjd5zs39q-gcc-13.1.0-lib/lib -L/nix/store/yaz7pyf0ah88g2v505l38n0f3wg2vzdj-glibc-2.37-8/lib -L/nix/store/0358z2psmx7f56d47n9f2xlkjd5zs39q-gcc-13.1.0-lib/lib -L/nix/store/f9q9ifxzrfaacn6dsw7n9qggq2jfcmd0-gcc-wrapper-13.1.0/bin -L/nix/store/73z104zi47lnk6km2rl7sn51j6cnnp80-gcc-13.1.0/lib/gcc/x86_64-unknown-linux-gnu/13.1.0 -L/nix/store/73z104zi47lnk6km2rl7sn51j6cnnp80-gcc-13.1.0/lib/gcc/x86_64-unknown-linux-gnu/13.1.0/../../../../lib64 -L/nix/store/73z104zi47lnk6km2rl7sn51j6cnnp80-gcc-13.1.0/lib/gcc/x86_64-unknown-linux-gnu/13.1.0/../../.. -dynamic-linker=/nix/store/yaz7pyf0ah88g2v505l38n0f3wg2vzdj-glibc-2.37-8/lib/ld-linux-x86-64.so.2 CMakeFiles/cmTC_5c50b.dir/CMakeCCompilerABI.c.o -rpath /nix/store/yqxzjjhfzswchv856zjm63qlmba266wc-sygaldry/lib64 -rpath /nix/store/yqxzjjhfzswchv856zjm63qlmba266wc-sygaldry/lib -lgcc --push-state --as-needed -lgcc_s --pop-state -lc -lgcc --push-state --as-needed -lgcc_s --pop-state /nix/store/73z104zi47lnk6km2rl7sn51j6cnnp80-gcc-13.1.0/lib/gcc/x86_64-unknown-linux-gnu/13.1.0/crtend.o /nix/store/yaz7pyf0ah88g2v505l38n0f3wg2vzdj-glibc-2.37-8/lib/crtn.o]
    arg [/nix/store/73z104zi47lnk6km2rl7sn51j6cnnp80-gcc-13.1.0/libexec/gcc/x86_64-unknown-linux-gnu/13.1.0/collect2] ==> ignore
    arg [-plugin] ==> ignore
    arg [/nix/store/73z104zi47lnk6km2rl7sn51j6cnnp80-gcc-13.1.0/libexec/gcc/x86_64-unknown-linux-gnu/13.1.0/liblto_plugin.so] ==> ignore
    arg [-plugin-opt=/nix/store/73z104zi47lnk6km2rl7sn51j6cnnp80-gcc-13.1.0/libexec/gcc/x86_64-unknown-linux-gnu/13.1.0/lto-wrapper] ==> ignore
    arg [-plugin-opt=-fresolution=/run/user/1000/cc8sySQD.res] ==> ignore
    arg [-plugin-opt=-pass-through=-lgcc] ==> ignore
    arg [-plugin-opt=-pass-through=-lgcc_s] ==> ignore
    arg [-plugin-opt=-pass-through=-lc] ==> ignore
    arg [-plugin-opt=-pass-through=-lgcc] ==> ignore
    arg [-plugin-opt=-pass-through=-lgcc_s] ==> ignore
    arg [--eh-frame-hdr] ==> ignore
    arg [-m] ==> ignore
    arg [elf_x86_64] ==> ignore
    arg [-export-dynamic] ==> ignore
    arg [-dynamic-linker] ==> ignore
    arg [/nix/store/yaz7pyf0ah88g2v505l38n0f3wg2vzdj-glibc-2.37-8/lib64/ld-linux-x86-64.so.2] ==> ignore
    arg [-o] ==> ignore
    arg [cmTC_5c50b] ==> ignore
    arg [/nix/store/yaz7pyf0ah88g2v505l38n0f3wg2vzdj-glibc-2.37-8/lib/crt1.o] ==> obj [/nix/store/yaz7pyf0ah88g2v505l38n0f3wg2vzdj-glibc-2.37-8/lib/crt1.o]
    arg [/nix/store/yaz7pyf0ah88g2v505l38n0f3wg2vzdj-glibc-2.37-8/lib/crti.o] ==> obj [/nix/store/yaz7pyf0ah88g2v505l38n0f3wg2vzdj-glibc-2.37-8/lib/crti.o]
    arg [/nix/store/73z104zi47lnk6km2rl7sn51j6cnnp80-gcc-13.1.0/lib/gcc/x86_64-unknown-linux-gnu/13.1.0/crtbegin.o] ==> obj [/nix/store/73z104zi47lnk6km2rl7sn51j6cnnp80-gcc-13.1.0/lib/gcc/x86_64-unknown-linux-gnu/13.1.0/crtbegin.o]
    arg [-L/nix/store/v2fwqbg81ag29an3vasmm0h61ch8jjyb-liblo-0.31/lib] ==> dir [/nix/store/v2fwqbg81ag29an3vasmm0h61ch8jjyb-liblo-0.31/lib]
    arg [-L/nix/store/p3z1jjczsi0vgnv4icr2brlvs07c4z25-flex-2.6.4/lib] ==> dir [/nix/store/p3z1jjczsi0vgnv4icr2brlvs07c4z25-flex-2.6.4/lib]
    arg [-L/nix/store/87ab06c2dssvdz7rxri45n4x8nv9699n-bison-3.8.2/lib] ==> dir [/nix/store/87ab06c2dssvdz7rxri45n4x8nv9699n-bison-3.8.2/lib]
    arg [-L/nix/store/95cxzy2hpizr23343b8bskl4yacf4b3l-python3-3.10.11/lib] ==> dir [/nix/store/95cxzy2hpizr23343b8bskl4yacf4b3l-python3-3.10.11/lib]
    arg [-L/nix/store/v2fwqbg81ag29an3vasmm0h61ch8jjyb-liblo-0.31/lib] ==> dir [/nix/store/v2fwqbg81ag29an3vasmm0h61ch8jjyb-liblo-0.31/lib]
    arg [-L/nix/store/p3z1jjczsi0vgnv4icr2brlvs07c4z25-flex-2.6.4/lib] ==> dir [/nix/store/p3z1jjczsi0vgnv4icr2brlvs07c4z25-flex-2.6.4/lib]
    arg [-L/nix/store/87ab06c2dssvdz7rxri45n4x8nv9699n-bison-3.8.2/lib] ==> dir [/nix/store/87ab06c2dssvdz7rxri45n4x8nv9699n-bison-3.8.2/lib]
    arg [-L/nix/store/95cxzy2hpizr23343b8bskl4yacf4b3l-python3-3.10.11/lib] ==> dir [/nix/store/95cxzy2hpizr23343b8bskl4yacf4b3l-python3-3.10.11/lib]
    arg [-L/nix/store/yaz7pyf0ah88g2v505l38n0f3wg2vzdj-glibc-2.37-8/lib] ==> dir [/nix/store/yaz7pyf0ah88g2v505l38n0f3wg2vzdj-glibc-2.37-8/lib]
    arg [-L/nix/store/0358z2psmx7f56d47n9f2xlkjd5zs39q-gcc-13.1.0-lib/lib] ==> dir [/nix/store/0358z2psmx7f56d47n9f2xlkjd5zs39q-gcc-13.1.0-lib/lib]
    arg [-L/nix/store/yaz7pyf0ah88g2v505l38n0f3wg2vzdj-glibc-2.37-8/lib] ==> dir [/nix/store/yaz7pyf0ah88g2v505l38n0f3wg2vzdj-glibc-2.37-8/lib]
    arg [-L/nix/store/0358z2psmx7f56d47n9f2xlkjd5zs39q-gcc-13.1.0-lib/lib] ==> dir [/nix/store/0358z2psmx7f56d47n9f2xlkjd5zs39q-gcc-13.1.0-lib/lib]
    arg [-L/nix/store/f9q9ifxzrfaacn6dsw7n9qggq2jfcmd0-gcc-wrapper-13.1.0/bin] ==> dir [/nix/store/f9q9ifxzrfaacn6dsw7n9qggq2jfcmd0-gcc-wrapper-13.1.0/bin]
    arg [-L/nix/store/73z104zi47lnk6km2rl7sn51j6cnnp80-gcc-13.1.0/lib/gcc/x86_64-unknown-linux-gnu/13.1.0] ==> dir [/nix/store/73z104zi47lnk6km2rl7sn51j6cnnp80-gcc-13.1.0/lib/gcc/x86_64-unknown-linux-gnu/13.1.0]
    arg [-L/nix/store/73z104zi47lnk6km2rl7sn51j6cnnp80-gcc-13.1.0/lib/gcc/x86_64-unknown-linux-gnu/13.1.0/../../../../lib64] ==> dir [/nix/store/73z104zi47lnk6km2rl7sn51j6cnnp80-gcc-13.1.0/lib/gcc/x86_64-unknown-linux-gnu/13.1.0/../../../../lib64]
    arg [-L/nix/store/73z104zi47lnk6km2rl7sn51j6cnnp80-gcc-13.1.0/lib/gcc/x86_64-unknown-linux-gnu/13.1.0/../../..] ==> dir [/nix/store/73z104zi47lnk6km2rl7sn51j6cnnp80-gcc-13.1.0/lib/gcc/x86_64-unknown-linux-gnu/13.1.0/../../..]
    arg [-dynamic-linker=/nix/store/yaz7pyf0ah88g2v505l38n0f3wg2vzdj-glibc-2.37-8/lib/ld-linux-x86-64.so.2] ==> ignore
    arg [CMakeFiles/cmTC_5c50b.dir/CMakeCCompilerABI.c.o] ==> ignore
    arg [-rpath] ==> ignore
    arg [/nix/store/yqxzjjhfzswchv856zjm63qlmba266wc-sygaldry/lib64] ==> ignore
    arg [-rpath] ==> ignore
    arg [/nix/store/yqxzjjhfzswchv856zjm63qlmba266wc-sygaldry/lib] ==> ignore
    arg [-lgcc] ==> lib [gcc]
    arg [--push-state] ==> ignore
    arg [--as-needed] ==> ignore
    arg [-lgcc_s] ==> lib [gcc_s]
    arg [--pop-state] ==> ignore
    arg [-lc] ==> lib [c]
    arg [-lgcc] ==> lib [gcc]
    arg [--push-state] ==> ignore
    arg [--as-needed] ==> ignore
    arg [-lgcc_s] ==> lib [gcc_s]
    arg [--pop-state] ==> ignore
    arg [/nix/store/73z104zi47lnk6km2rl7sn51j6cnnp80-gcc-13.1.0/lib/gcc/x86_64-unknown-linux-gnu/13.1.0/crtend.o] ==> obj [/nix/store/73z104zi47lnk6km2rl7sn51j6cnnp80-gcc-13.1.0/lib/gcc/x86_64-unknown-linux-gnu/13.1.0/crtend.o]
    arg [/nix/store/yaz7pyf0ah88g2v505l38n0f3wg2vzdj-glibc-2.37-8/lib/crtn.o] ==> obj [/nix/store/yaz7pyf0ah88g2v505l38n0f3wg2vzdj-glibc-2.37-8/lib/crtn.o]
  collapse library dir [/nix/store/v2fwqbg81ag29an3vasmm0h61ch8jjyb-liblo-0.31/lib] ==> [/nix/store/v2fwqbg81ag29an3vasmm0h61ch8jjyb-liblo-0.31/lib]
  collapse library dir [/nix/store/p3z1jjczsi0vgnv4icr2brlvs07c4z25-flex-2.6.4/lib] ==> [/nix/store/p3z1jjczsi0vgnv4icr2brlvs07c4z25-flex-2.6.4/lib]
  collapse library dir [/nix/store/87ab06c2dssvdz7rxri45n4x8nv9699n-bison-3.8.2/lib] ==> [/nix/store/87ab06c2dssvdz7rxri45n4x8nv9699n-bison-3.8.2/lib]
  collapse library dir [/nix/store/95cxzy2hpizr23343b8bskl4yacf4b3l-python3-3.10.11/lib] ==> [/nix/store/95cxzy2hpizr23343b8bskl4yacf4b3l-python3-3.10.11/lib]
  collapse library dir [/nix/store/v2fwqbg81ag29an3vasmm0h61ch8jjyb-liblo-0.31/lib] ==> [/nix/store/v2fwqbg81ag29an3vasmm0h61ch8jjyb-liblo-0.31/lib]
  collapse library dir [/nix/store/p3z1jjczsi0vgnv4icr2brlvs07c4z25-flex-2.6.4/lib] ==> [/nix/store/p3z1jjczsi0vgnv4icr2brlvs07c4z25-flex-2.6.4/lib]
  collapse library dir [/nix/store/87ab06c2dssvdz7rxri45n4x8nv9699n-bison-3.8.2/lib] ==> [/nix/store/87ab06c2dssvdz7rxri45n4x8nv9699n-bison-3.8.2/lib]
  collapse library dir [/nix/store/95cxzy2hpizr23343b8bskl4yacf4b3l-python3-3.10.11/lib] ==> [/nix/store/95cxzy2hpizr23343b8bskl4yacf4b3l-python3-3.10.11/lib]
  collapse library dir [/nix/store/yaz7pyf0ah88g2v505l38n0f3wg2vzdj-glibc-2.37-8/lib] ==> [/nix/store/yaz7pyf0ah88g2v505l38n0f3wg2vzdj-glibc-2.37-8/lib]
  collapse library dir [/nix/store/0358z2psmx7f56d47n9f2xlkjd5zs39q-gcc-13.1.0-lib/lib] ==> [/nix/store/0358z2psmx7f56d47n9f2xlkjd5zs39q-gcc-13.1.0-lib/lib]
  collapse library dir [/nix/store/yaz7pyf0ah88g2v505l38n0f3wg2vzdj-glibc-2.37-8/lib] ==> [/nix/store/yaz7pyf0ah88g2v505l38n0f3wg2vzdj-glibc-2.37-8/lib]
  collapse library dir [/nix/store/0358z2psmx7f56d47n9f2xlkjd5zs39q-gcc-13.1.0-lib/lib] ==> [/nix/store/0358z2psmx7f56d47n9f2xlkjd5zs39q-gcc-13.1.0-lib/lib]
  collapse library dir [/nix/store/f9q9ifxzrfaacn6dsw7n9qggq2jfcmd0-gcc-wrapper-13.1.0/bin] ==> [/nix/store/f9q9ifxzrfaacn6dsw7n9qggq2jfcmd0-gcc-wrapper-13.1.0/bin]
  collapse library dir [/nix/store/73z104zi47lnk6km2rl7sn51j6cnnp80-gcc-13.1.0/lib/gcc/x86_64-unknown-linux-gnu/13.1.0] ==> [/nix/store/73z104zi47lnk6km2rl7sn51j6cnnp80-gcc-13.1.0/lib/gcc/x86_64-unknown-linux-gnu/13.1.0]
  collapse library dir [/nix/store/73z104zi47lnk6km2rl7sn51j6cnnp80-gcc-13.1.0/lib/gcc/x86_64-unknown-linux-gnu/13.1.0/../../../../lib64] ==> [/nix/store/73z104zi47lnk6km2rl7sn51j6cnnp80-gcc-13.1.0/lib64]
  collapse library dir [/nix/store/73z104zi47lnk6km2rl7sn51j6cnnp80-gcc-13.1.0/lib/gcc/x86_64-unknown-linux-gnu/13.1.0/../../..] ==> [/nix/store/73z104zi47lnk6km2rl7sn51j6cnnp80-gcc-13.1.0/lib]
  implicit libs: [gcc;gcc_s;c;gcc;gcc_s]
  implicit objs: [/nix/store/yaz7pyf0ah88g2v505l38n0f3wg2vzdj-glibc-2.37-8/lib/crt1.o;/nix/store/yaz7pyf0ah88g2v505l38n0f3wg2vzdj-glibc-2.37-8/lib/crti.o;/nix/store/73z104zi47lnk6km2rl7sn51j6cnnp80-gcc-13.1.0/lib/gcc/x86_64-unknown-linux-gnu/13.1.0/crtbegin.o;/nix/store/73z104zi47lnk6km2rl7sn51j6cnnp80-gcc-13.1.0/lib/gcc/x86_64-unknown-linux-gnu/13.1.0/crtend.o;/nix/store/yaz7pyf0ah88g2v505l38n0f3wg2vzdj-glibc-2.37-8/lib/crtn.o]
  implicit dirs: [/nix/store/v2fwqbg81ag29an3vasmm0h61ch8jjyb-liblo-0.31/lib;/nix/store/p3z1jjczsi0vgnv4icr2brlvs07c4z25-flex-2.6.4/lib;/nix/store/87ab06c2dssvdz7rxri45n4x8nv9699n-bison-3.8.2/lib;/nix/store/95cxzy2hpizr23343b8bskl4yacf4b3l-python3-3.10.11/lib;/nix/store/yaz7pyf0ah88g2v505l38n0f3wg2vzdj-glibc-2.37-8/lib;/nix/store/0358z2psmx7f56d47n9f2xlkjd5zs39q-gcc-13.1.0-lib/lib;/nix/store/f9q9ifxzrfaacn6dsw7n9qggq2jfcmd0-gcc-wrapper-13.1.0/bin;/nix/store/73z104zi47lnk6km2rl7sn51j6cnnp80-gcc-13.1.0/lib/gcc/x86_64-unknown-linux-gnu/13.1.0;/nix/store/73z104zi47lnk6km2rl7sn51j6cnnp80-gcc-13.1.0/lib64;/nix/store/73z104zi47lnk6km2rl7sn51j6cnnp80-gcc-13.1.0/lib]
  implicit fwks: []


Detecting CXX compiler ABI info compiled with the following output:
Change Dir: /home/ian/TStickProject/sygaldry/sygaldry/sygxy-wave_synth/build/CMakeFiles/CMakeScratch/TryCompile-PdwxsI

Run Build Command(s):/nix/store/rcakkm09fivblba082qb6jch02926qhq-ninja-1.11.1/bin/ninja cmTC_36094 && [1/2] Building CXX object CMakeFiles/cmTC_36094.dir/CMakeCXXCompilerABI.cpp.o
Using built-in specs.
COLLECT_GCC=/nix/store/73z104zi47lnk6km2rl7sn51j6cnnp80-gcc-13.1.0/bin/g++
Target: x86_64-unknown-linux-gnu
Configured with: 
Thread model: posix
Supported LTO compression algorithms: zlib
gcc version 13.1.0 (GCC) 
COLLECT_GCC_OPTIONS='-fPIC' '-Wformat=1' '-Wformat-security' '-Werror=format-security' '-fstack-protector-strong' '--param=ssp-buffer-size=4' '-O2' '-U' '_FORTIFY_SOURCE' '-D' '_FORTIFY_SOURCE=2' '-fno-strict-overflow' '-v' '-o' 'CMakeFiles/cmTC_36094.dir/CMakeCXXCompilerABI.cpp.o' '-c' '-B' '/nix/store/yaz7pyf0ah88g2v505l38n0f3wg2vzdj-glibc-2.37-8/lib/' '-idirafter' '/nix/store/rfw51dqr3qn7b6fjy8hmx6f0x3hfwbx6-glibc-2.37-8-dev/include' '-idirafter' '/nix/store/73z104zi47lnk6km2rl7sn51j6cnnp80-gcc-13.1.0/lib/gcc/x86_64-unknown-linux-gnu/13.1.0/include-fixed' '-B' '/nix/store/0358z2psmx7f56d47n9f2xlkjd5zs39q-gcc-13.1.0-lib/lib' '-B' '/nix/store/f9q9ifxzrfaacn6dsw7n9qggq2jfcmd0-gcc-wrapper-13.1.0/bin/' '-frandom-seed=yqxzjjhfzs' '-isystem' '/nix/store/v2fwqbg81ag29an3vasmm0h61ch8jjyb-liblo-0.31/include' '-isystem' '/nix/store/8l0vwfj72dv2rxwchsznn7m1ici8j483-gnumake-4.4.1/include' '-isystem' '/nix/store/p3z1jjczsi0vgnv4icr2brlvs07c4z25-flex-2.6.4/include' '-isystem' '/nix/store/95cxzy2hpizr23343b8bskl4yacf4b3l-python3-3.10.11/include' '-isystem' '/nix/store/v2fwqbg81ag29an3vasmm0h61ch8jjyb-liblo-0.31/include' '-isystem' '/nix/store/8l0vwfj72dv2rxwchsznn7m1ici8j483-gnumake-4.4.1/include' '-isystem' '/nix/store/p3z1jjczsi0vgnv4icr2brlvs07c4z25-flex-2.6.4/include' '-isystem' '/nix/store/95cxzy2hpizr23343b8bskl4yacf4b3l-python3-3.10.11/include' '-shared-libgcc' '-mtune=generic' '-march=x86-64' '-dumpdir' 'CMakeFiles/cmTC_36094.dir/'
 /nix/store/73z104zi47lnk6km2rl7sn51j6cnnp80-gcc-13.1.0/libexec/gcc/x86_64-unknown-linux-gnu/13.1.0/cc1plus -quiet -v -D_GNU_SOURCE -U _FORTIFY_SOURCE -D _FORTIFY_SOURCE=2 -idirafter /nix/store/rfw51dqr3qn7b6fjy8hmx6f0x3hfwbx6-glibc-2.37-8-dev/include -idirafter /nix/store/73z104zi47lnk6km2rl7sn51j6cnnp80-gcc-13.1.0/lib/gcc/x86_64-unknown-linux-gnu/13.1.0/include-fixed -isystem /nix/store/v2fwqbg81ag29an3vasmm0h61ch8jjyb-liblo-0.31/include -isystem /nix/store/8l0vwfj72dv2rxwchsznn7m1ici8j483-gnumake-4.4.1/include -isystem /nix/store/p3z1jjczsi0vgnv4icr2brlvs07c4z25-flex-2.6.4/include -isystem /nix/store/95cxzy2hpizr23343b8bskl4yacf4b3l-python3-3.10.11/include -isystem /nix/store/v2fwqbg81ag29an3vasmm0h61ch8jjyb-liblo-0.31/include -isystem /nix/store/8l0vwfj72dv2rxwchsznn7m1ici8j483-gnumake-4.4.1/include -isystem /nix/store/p3z1jjczsi0vgnv4icr2brlvs07c4z25-flex-2.6.4/include -isystem /nix/store/95cxzy2hpizr23343b8bskl4yacf4b3l-python3-3.10.11/include /nix/store/fic9avx8yabwb3ib8m49ld3kq9fkwwwd-cmake-3.25.3/share/cmake-3.25/Modules/CMakeCXXCompilerABI.cpp -quiet -dumpdir CMakeFiles/cmTC_36094.dir/ -dumpbase CMakeCXXCompilerABI.cpp.cpp -dumpbase-ext .cpp -mtune=generic -march=x86-64 -O2 -Wformat=1 -Wformat-security -Werror=format-security -version -fPIC -fstack-protector-strong -fno-strict-overflow -frandom-seed=yqxzjjhfzs --param=ssp-buffer-size=4 -o /run/user/1000/ccfgRySD.s
GNU C++17 (GCC) version 13.1.0 (x86_64-unknown-linux-gnu)
	compiled by GNU C version 12.2.0, GMP version 6.2.1, MPFR version 4.2.0, MPC version 1.3.1, isl version isl-0.20-GMP

GGC heuristics: --param ggc-min-expand=100 --param ggc-min-heapsize=131072
ignoring duplicate directory "/nix/store/v2fwqbg81ag29an3vasmm0h61ch8jjyb-liblo-0.31/include"
ignoring duplicate directory "/nix/store/8l0vwfj72dv2rxwchsznn7m1ici8j483-gnumake-4.4.1/include"
ignoring duplicate directory "/nix/store/p3z1jjczsi0vgnv4icr2brlvs07c4z25-flex-2.6.4/include"
ignoring duplicate directory "/nix/store/95cxzy2hpizr23343b8bskl4yacf4b3l-python3-3.10.11/include"
ignoring nonexistent directory "/nix/store/73z104zi47lnk6km2rl7sn51j6cnnp80-gcc-13.1.0/lib/gcc/x86_64-unknown-linux-gnu/13.1.0/../../../../x86_64-unknown-linux-gnu/include"
ignoring duplicate directory "/nix/store/rfw51dqr3qn7b6fjy8hmx6f0x3hfwbx6-glibc-2.37-8-dev/include"
ignoring duplicate directory "/nix/store/73z104zi47lnk6km2rl7sn51j6cnnp80-gcc-13.1.0/lib/gcc/x86_64-unknown-linux-gnu/13.1.0/include-fixed"
#include "..." search starts here:
#include <...> search starts here:
 /nix/store/v2fwqbg81ag29an3vasmm0h61ch8jjyb-liblo-0.31/include
 /nix/store/8l0vwfj72dv2rxwchsznn7m1ici8j483-gnumake-4.4.1/include
 /nix/store/p3z1jjczsi0vgnv4icr2brlvs07c4z25-flex-2.6.4/include
 /nix/store/95cxzy2hpizr23343b8bskl4yacf4b3l-python3-3.10.11/include
 /nix/store/73z104zi47lnk6km2rl7sn51j6cnnp80-gcc-13.1.0/lib/gcc/x86_64-unknown-linux-gnu/13.1.0/../../../../include/c++/13.1.0
 /nix/store/73z104zi47lnk6km2rl7sn51j6cnnp80-gcc-13.1.0/lib/gcc/x86_64-unknown-linux-gnu/13.1.0/../../../../include/c++/13.1.0/x86_64-unknown-linux-gnu
 /nix/store/73z104zi47lnk6km2rl7sn51j6cnnp80-gcc-13.1.0/lib/gcc/x86_64-unknown-linux-gnu/13.1.0/../../../../include/c++/13.1.0/backward
 /nix/store/73z104zi47lnk6km2rl7sn51j6cnnp80-gcc-13.1.0/lib/gcc/x86_64-unknown-linux-gnu/13.1.0/include
 /nix/store/73z104zi47lnk6km2rl7sn51j6cnnp80-gcc-13.1.0/include
 /nix/store/73z104zi47lnk6km2rl7sn51j6cnnp80-gcc-13.1.0/lib/gcc/x86_64-unknown-linux-gnu/13.1.0/include-fixed
 /nix/store/rfw51dqr3qn7b6fjy8hmx6f0x3hfwbx6-glibc-2.37-8-dev/include
End of search list.
Compiler executable checksum: ca1f3c78c6a9dd69c157c0a484ff0201
COLLECT_GCC_OPTIONS='-fPIC' '-Wformat=1' '-Wformat-security' '-Werror=format-security' '-fstack-protector-strong' '--param=ssp-buffer-size=4' '-O2' '-U' '_FORTIFY_SOURCE' '-D' '_FORTIFY_SOURCE=2' '-fno-strict-overflow' '-v' '-o' 'CMakeFiles/cmTC_36094.dir/CMakeCXXCompilerABI.cpp.o' '-c' '-B' '/nix/store/yaz7pyf0ah88g2v505l38n0f3wg2vzdj-glibc-2.37-8/lib/' '-idirafter' '/nix/store/rfw51dqr3qn7b6fjy8hmx6f0x3hfwbx6-glibc-2.37-8-dev/include' '-idirafter' '/nix/store/73z104zi47lnk6km2rl7sn51j6cnnp80-gcc-13.1.0/lib/gcc/x86_64-unknown-linux-gnu/13.1.0/include-fixed' '-B' '/nix/store/0358z2psmx7f56d47n9f2xlkjd5zs39q-gcc-13.1.0-lib/lib' '-B' '/nix/store/f9q9ifxzrfaacn6dsw7n9qggq2jfcmd0-gcc-wrapper-13.1.0/bin/' '-frandom-seed=yqxzjjhfzs' '-isystem' '/nix/store/v2fwqbg81ag29an3vasmm0h61ch8jjyb-liblo-0.31/include' '-isystem' '/nix/store/8l0vwfj72dv2rxwchsznn7m1ici8j483-gnumake-4.4.1/include' '-isystem' '/nix/store/p3z1jjczsi0vgnv4icr2brlvs07c4z25-flex-2.6.4/include' '-isystem' '/nix/store/95cxzy2hpizr23343b8bskl4yacf4b3l-python3-3.10.11/include' '-isystem' '/nix/store/v2fwqbg81ag29an3vasmm0h61ch8jjyb-liblo-0.31/include' '-isystem' '/nix/store/8l0vwfj72dv2rxwchsznn7m1ici8j483-gnumake-4.4.1/include' '-isystem' '/nix/store/p3z1jjczsi0vgnv4icr2brlvs07c4z25-flex-2.6.4/include' '-isystem' '/nix/store/95cxzy2hpizr23343b8bskl4yacf4b3l-python3-3.10.11/include' '-shared-libgcc' '-mtune=generic' '-march=x86-64' '-dumpdir' 'CMakeFiles/cmTC_36094.dir/'
 /nix/store/f9q9ifxzrfaacn6dsw7n9qggq2jfcmd0-gcc-wrapper-13.1.0/bin/as -v --64 -o CMakeFiles/cmTC_36094.dir/CMakeCXXCompilerABI.cpp.o /run/user/1000/ccfgRySD.s
GNU assembler version 2.40 (x86_64-unknown-linux-gnu) using BFD version (GNU Binutils) 2.40
COMPILER_PATH=/nix/store/yaz7pyf0ah88g2v505l38n0f3wg2vzdj-glibc-2.37-8/lib/:/nix/store/0358z2psmx7f56d47n9f2xlkjd5zs39q-gcc-13.1.0-lib/lib/:/nix/store/f9q9ifxzrfaacn6dsw7n9qggq2jfcmd0-gcc-wrapper-13.1.0/bin/:/nix/store/73z104zi47lnk6km2rl7sn51j6cnnp80-gcc-13.1.0/libexec/gcc/x86_64-unknown-linux-gnu/13.1.0/:/nix/store/73z104zi47lnk6km2rl7sn51j6cnnp80-gcc-13.1.0/libexec/gcc/x86_64-unknown-linux-gnu/13.1.0/:/nix/store/73z104zi47lnk6km2rl7sn51j6cnnp80-gcc-13.1.0/libexec/gcc/x86_64-unknown-linux-gnu/:/nix/store/73z104zi47lnk6km2rl7sn51j6cnnp80-gcc-13.1.0/lib/gcc/x86_64-unknown-linux-gnu/13.1.0/:/nix/store/73z104zi47lnk6km2rl7sn51j6cnnp80-gcc-13.1.0/lib/gcc/x86_64-unknown-linux-gnu/
LIBRARY_PATH=/nix/store/yaz7pyf0ah88g2v505l38n0f3wg2vzdj-glibc-2.37-8/lib/:/nix/store/0358z2psmx7f56d47n9f2xlkjd5zs39q-gcc-13.1.0-lib/lib/:/nix/store/f9q9ifxzrfaacn6dsw7n9qggq2jfcmd0-gcc-wrapper-13.1.0/bin/:/nix/store/73z104zi47lnk6km2rl7sn51j6cnnp80-gcc-13.1.0/lib/gcc/x86_64-unknown-linux-gnu/13.1.0/:/nix/store/73z104zi47lnk6km2rl7sn51j6cnnp80-gcc-13.1.0/lib/gcc/x86_64-unknown-linux-gnu/13.1.0/../../../../lib64/:/nix/store/73z104zi47lnk6km2rl7sn51j6cnnp80-gcc-13.1.0/lib/gcc/x86_64-unknown-linux-gnu/13.1.0/../../../
COLLECT_GCC_OPTIONS='-fPIC' '-Wformat=1' '-Wformat-security' '-Werror=format-security' '-fstack-protector-strong' '--param=ssp-buffer-size=4' '-O2' '-U' '_FORTIFY_SOURCE' '-D' '_FORTIFY_SOURCE=2' '-fno-strict-overflow' '-v' '-o' 'CMakeFiles/cmTC_36094.dir/CMakeCXXCompilerABI.cpp.o' '-c' '-B' '/nix/store/yaz7pyf0ah88g2v505l38n0f3wg2vzdj-glibc-2.37-8/lib/' '-idirafter' '/nix/store/rfw51dqr3qn7b6fjy8hmx6f0x3hfwbx6-glibc-2.37-8-dev/include' '-idirafter' '/nix/store/73z104zi47lnk6km2rl7sn51j6cnnp80-gcc-13.1.0/lib/gcc/x86_64-unknown-linux-gnu/13.1.0/include-fixed' '-B' '/nix/store/0358z2psmx7f56d47n9f2xlkjd5zs39q-gcc-13.1.0-lib/lib' '-B' '/nix/store/f9q9ifxzrfaacn6dsw7n9qggq2jfcmd0-gcc-wrapper-13.1.0/bin/' '-frandom-seed=yqxzjjhfzs' '-isystem' '/nix/store/v2fwqbg81ag29an3vasmm0h61ch8jjyb-liblo-0.31/include' '-isystem' '/nix/store/8l0vwfj72dv2rxwchsznn7m1ici8j483-gnumake-4.4.1/include' '-isystem' '/nix/store/p3z1jjczsi0vgnv4icr2brlvs07c4z25-flex-2.6.4/include' '-isystem' '/nix/store/95cxzy2hpizr23343b8bskl4yacf4b3l-python3-3.10.11/include' '-isystem' '/nix/store/v2fwqbg81ag29an3vasmm0h61ch8jjyb-liblo-0.31/include' '-isystem' '/nix/store/8l0vwfj72dv2rxwchsznn7m1ici8j483-gnumake-4.4.1/include' '-isystem' '/nix/store/p3z1jjczsi0vgnv4icr2brlvs07c4z25-flex-2.6.4/include' '-isystem' '/nix/store/95cxzy2hpizr23343b8bskl4yacf4b3l-python3-3.10.11/include' '-shared-libgcc' '-mtune=generic' '-march=x86-64' '-dumpdir' 'CMakeFiles/cmTC_36094.dir/CMakeCXXCompilerABI.cpp.'
[2/2] Linking CXX executable cmTC_36094
Using built-in specs.
COLLECT_GCC=/nix/store/73z104zi47lnk6km2rl7sn51j6cnnp80-gcc-13.1.0/bin/g++
COLLECT_LTO_WRAPPER=/nix/store/73z104zi47lnk6km2rl7sn51j6cnnp80-gcc-13.1.0/libexec/gcc/x86_64-unknown-linux-gnu/13.1.0/lto-wrapper
Target: x86_64-unknown-linux-gnu
Configured with: 
Thread model: posix
Supported LTO compression algorithms: zlib
gcc version 13.1.0 (GCC) 
COMPILER_PATH=/nix/store/yaz7pyf0ah88g2v505l38n0f3wg2vzdj-glibc-2.37-8/lib/:/nix/store/0358z2psmx7f56d47n9f2xlkjd5zs39q-gcc-13.1.0-lib/lib/:/nix/store/f9q9ifxzrfaacn6dsw7n9qggq2jfcmd0-gcc-wrapper-13.1.0/bin/:/nix/store/73z104zi47lnk6km2rl7sn51j6cnnp80-gcc-13.1.0/libexec/gcc/x86_64-unknown-linux-gnu/13.1.0/:/nix/store/73z104zi47lnk6km2rl7sn51j6cnnp80-gcc-13.1.0/libexec/gcc/x86_64-unknown-linux-gnu/13.1.0/:/nix/store/73z104zi47lnk6km2rl7sn51j6cnnp80-gcc-13.1.0/libexec/gcc/x86_64-unknown-linux-gnu/:/nix/store/73z104zi47lnk6km2rl7sn51j6cnnp80-gcc-13.1.0/lib/gcc/x86_64-unknown-linux-gnu/13.1.0/:/nix/store/73z104zi47lnk6km2rl7sn51j6cnnp80-gcc-13.1.0/lib/gcc/x86_64-unknown-linux-gnu/
LIBRARY_PATH=/nix/store/yaz7pyf0ah88g2v505l38n0f3wg2vzdj-glibc-2.37-8/lib/:/nix/store/0358z2psmx7f56d47n9f2xlkjd5zs39q-gcc-13.1.0-lib/lib/:/nix/store/f9q9ifxzrfaacn6dsw7n9qggq2jfcmd0-gcc-wrapper-13.1.0/bin/:/nix/store/73z104zi47lnk6km2rl7sn51j6cnnp80-gcc-13.1.0/lib/gcc/x86_64-unknown-linux-gnu/13.1.0/:/nix/store/73z104zi47lnk6km2rl7sn51j6cnnp80-gcc-13.1.0/lib/gcc/x86_64-unknown-linux-gnu/13.1.0/../../../../lib64/:/nix/store/73z104zi47lnk6km2rl7sn51j6cnnp80-gcc-13.1.0/lib/gcc/x86_64-unknown-linux-gnu/13.1.0/../../../
COLLECT_GCC_OPTIONS='-fPIC' '-Wformat=1' '-Wformat-security' '-Werror=format-security' '-fstack-protector-strong' '--param=ssp-buffer-size=4' '-O2' '-U' '_FORTIFY_SOURCE' '-D' '_FORTIFY_SOURCE=2' '-fno-strict-overflow' '-v' '-rdynamic' '-o' 'cmTC_36094' '-B' '/nix/store/yaz7pyf0ah88g2v505l38n0f3wg2vzdj-glibc-2.37-8/lib/' '-idirafter' '/nix/store/rfw51dqr3qn7b6fjy8hmx6f0x3hfwbx6-glibc-2.37-8-dev/include' '-idirafter' '/nix/store/73z104zi47lnk6km2rl7sn51j6cnnp80-gcc-13.1.0/lib/gcc/x86_64-unknown-linux-gnu/13.1.0/include-fixed' '-B' '/nix/store/0358z2psmx7f56d47n9f2xlkjd5zs39q-gcc-13.1.0-lib/lib' '-B' '/nix/store/f9q9ifxzrfaacn6dsw7n9qggq2jfcmd0-gcc-wrapper-13.1.0/bin/' '-frandom-seed=yqxzjjhfzs' '-isystem' '/nix/store/v2fwqbg81ag29an3vasmm0h61ch8jjyb-liblo-0.31/include' '-isystem' '/nix/store/8l0vwfj72dv2rxwchsznn7m1ici8j483-gnumake-4.4.1/include' '-isystem' '/nix/store/p3z1jjczsi0vgnv4icr2brlvs07c4z25-flex-2.6.4/include' '-isystem' '/nix/store/95cxzy2hpizr23343b8bskl4yacf4b3l-python3-3.10.11/include' '-isystem' '/nix/store/v2fwqbg81ag29an3vasmm0h61ch8jjyb-liblo-0.31/include' '-isystem' '/nix/store/8l0vwfj72dv2rxwchsznn7m1ici8j483-gnumake-4.4.1/include' '-isystem' '/nix/store/p3z1jjczsi0vgnv4icr2brlvs07c4z25-flex-2.6.4/include' '-isystem' '/nix/store/95cxzy2hpizr23343b8bskl4yacf4b3l-python3-3.10.11/include' '-L/nix/store/v2fwqbg81ag29an3vasmm0h61ch8jjyb-liblo-0.31/lib' '-L/nix/store/p3z1jjczsi0vgnv4icr2brlvs07c4z25-flex-2.6.4/lib' '-L/nix/store/87ab06c2dssvdz7rxri45n4x8nv9699n-bison-3.8.2/lib' '-L/nix/store/95cxzy2hpizr23343b8bskl4yacf4b3l-python3-3.10.11/lib' '-L/nix/store/v2fwqbg81ag29an3vasmm0h61ch8jjyb-liblo-0.31/lib' '-L/nix/store/p3z1jjczsi0vgnv4icr2brlvs07c4z25-flex-2.6.4/lib' '-L/nix/store/87ab06c2dssvdz7rxri45n4x8nv9699n-bison-3.8.2/lib' '-L/nix/store/95cxzy2hpizr23343b8bskl4yacf4b3l-python3-3.10.11/lib' '-L/nix/store/yaz7pyf0ah88g2v505l38n0f3wg2vzdj-glibc-2.37-8/lib' '-L/nix/store/0358z2psmx7f56d47n9f2xlkjd5zs39q-gcc-13.1.0-lib/lib' '-shared-libgcc' '-mtune=generic' '-march=x86-64' '-dumpdir' 'cmTC_36094.'
 /nix/store/73z104zi47lnk6km2rl7sn51j6cnnp80-gcc-13.1.0/libexec/gcc/x86_64-unknown-linux-gnu/13.1.0/collect2 -plugin /nix/store/73z104zi47lnk6km2rl7sn51j6cnnp80-gcc-13.1.0/libexec/gcc/x86_64-unknown-linux-gnu/13.1.0/liblto_plugin.so -plugin-opt=/nix/store/73z104zi47lnk6km2rl7sn51j6cnnp80-gcc-13.1.0/libexec/gcc/x86_64-unknown-linux-gnu/13.1.0/lto-wrapper -plugin-opt=-fresolution=/run/user/1000/ccWF3Rp3.res -plugin-opt=-pass-through=-lgcc_s -plugin-opt=-pass-through=-lgcc -plugin-opt=-pass-through=-lc -plugin-opt=-pass-through=-lgcc_s -plugin-opt=-pass-through=-lgcc --eh-frame-hdr -m elf_x86_64 -export-dynamic -dynamic-linker /nix/store/yaz7pyf0ah88g2v505l38n0f3wg2vzdj-glibc-2.37-8/lib64/ld-linux-x86-64.so.2 -o cmTC_36094 /nix/store/yaz7pyf0ah88g2v505l38n0f3wg2vzdj-glibc-2.37-8/lib/crt1.o /nix/store/yaz7pyf0ah88g2v505l38n0f3wg2vzdj-glibc-2.37-8/lib/crti.o /nix/store/73z104zi47lnk6km2rl7sn51j6cnnp80-gcc-13.1.0/lib/gcc/x86_64-unknown-linux-gnu/13.1.0/crtbegin.o -L/nix/store/v2fwqbg81ag29an3vasmm0h61ch8jjyb-liblo-0.31/lib -L/nix/store/p3z1jjczsi0vgnv4icr2brlvs07c4z25-flex-2.6.4/lib -L/nix/store/87ab06c2dssvdz7rxri45n4x8nv9699n-bison-3.8.2/lib -L/nix/store/95cxzy2hpizr23343b8bskl4yacf4b3l-python3-3.10.11/lib -L/nix/store/v2fwqbg81ag29an3vasmm0h61ch8jjyb-liblo-0.31/lib -L/nix/store/p3z1jjczsi0vgnv4icr2brlvs07c4z25-flex-2.6.4/lib -L/nix/store/87ab06c2dssvdz7rxri45n4x8nv9699n-bison-3.8.2/lib -L/nix/store/95cxzy2hpizr23343b8bskl4yacf4b3l-python3-3.10.11/lib -L/nix/store/yaz7pyf0ah88g2v505l38n0f3wg2vzdj-glibc-2.37-8/lib -L/nix/store/0358z2psmx7f56d47n9f2xlkjd5zs39q-gcc-13.1.0-lib/lib -L/nix/store/yaz7pyf0ah88g2v505l38n0f3wg2vzdj-glibc-2.37-8/lib -L/nix/store/0358z2psmx7f56d47n9f2xlkjd5zs39q-gcc-13.1.0-lib/lib -L/nix/store/f9q9ifxzrfaacn6dsw7n9qggq2jfcmd0-gcc-wrapper-13.1.0/bin -L/nix/store/73z104zi47lnk6km2rl7sn51j6cnnp80-gcc-13.1.0/lib/gcc/x86_64-unknown-linux-gnu/13.1.0 -L/nix/store/73z104zi47lnk6km2rl7sn51j6cnnp80-gcc-13.1.0/lib/gcc/x86_64-unknown-linux-gnu/13.1.0/../../../../lib64 -L/nix/store/73z104zi47lnk6km2rl7sn51j6cnnp80-gcc-13.1.0/lib/gcc/x86_64-unknown-linux-gnu/13.1.0/../../.. -dynamic-linker=/nix/store/yaz7pyf0ah88g2v505l38n0f3wg2vzdj-glibc-2.37-8/lib/ld-linux-x86-64.so.2 CMakeFiles/cmTC_36094.dir/CMakeCXXCompilerABI.cpp.o -rpath /nix/store/yqxzjjhfzswchv856zjm63qlmba266wc-sygaldry/lib64 -rpath /nix/store/yqxzjjhfzswchv856zjm63qlmba266wc-sygaldry/lib -lstdc++ -lm -lgcc_s -lgcc -lc -lgcc_s -lgcc /nix/store/73z104zi47lnk6km2rl7sn51j6cnnp80-gcc-13.1.0/lib/gcc/x86_64-unknown-linux-gnu/13.1.0/crtend.o /nix/store/yaz7pyf0ah88g2v505l38n0f3wg2vzdj-glibc-2.37-8/lib/crtn.o
COLLECT_GCC_OPTIONS='-fPIC' '-Wformat=1' '-Wformat-security' '-Werror=format-security' '-fstack-protector-strong' '--param=ssp-buffer-size=4' '-O2' '-U' '_FORTIFY_SOURCE' '-D' '_FORTIFY_SOURCE=2' '-fno-strict-overflow' '-v' '-rdynamic' '-o' 'cmTC_36094' '-B' '/nix/store/yaz7pyf0ah88g2v505l38n0f3wg2vzdj-glibc-2.37-8/lib/' '-idirafter' '/nix/store/rfw51dqr3qn7b6fjy8hmx6f0x3hfwbx6-glibc-2.37-8-dev/include' '-idirafter' '/nix/store/73z104zi47lnk6km2rl7sn51j6cnnp80-gcc-13.1.0/lib/gcc/x86_64-unknown-linux-gnu/13.1.0/include-fixed' '-B' '/nix/store/0358z2psmx7f56d47n9f2xlkjd5zs39q-gcc-13.1.0-lib/lib' '-B' '/nix/store/f9q9ifxzrfaacn6dsw7n9qggq2jfcmd0-gcc-wrapper-13.1.0/bin/' '-frandom-seed=yqxzjjhfzs' '-isystem' '/nix/store/v2fwqbg81ag29an3vasmm0h61ch8jjyb-liblo-0.31/include' '-isystem' '/nix/store/8l0vwfj72dv2rxwchsznn7m1ici8j483-gnumake-4.4.1/include' '-isystem' '/nix/store/p3z1jjczsi0vgnv4icr2brlvs07c4z25-flex-2.6.4/include' '-isystem' '/nix/store/95cxzy2hpizr23343b8bskl4yacf4b3l-python3-3.10.11/include' '-isystem' '/nix/store/v2fwqbg81ag29an3vasmm0h61ch8jjyb-liblo-0.31/include' '-isystem' '/nix/store/8l0vwfj72dv2rxwchsznn7m1ici8j483-gnumake-4.4.1/include' '-isystem' '/nix/store/p3z1jjczsi0vgnv4icr2brlvs07c4z25-flex-2.6.4/include' '-isystem' '/nix/store/95cxzy2hpizr23343b8bskl4yacf4b3l-python3-3.10.11/include' '-L/nix/store/v2fwqbg81ag29an3vasmm0h61ch8jjyb-liblo-0.31/lib' '-L/nix/store/p3z1jjczsi0vgnv4icr2brlvs07c4z25-flex-2.6.4/lib' '-L/nix/store/87ab06c2dssvdz7rxri45n4x8nv9699n-bison-3.8.2/lib' '-L/nix/store/95cxzy2hpizr23343b8bskl4yacf4b3l-python3-3.10.11/lib' '-L/nix/store/v2fwqbg81ag29an3vasmm0h61ch8jjyb-liblo-0.31/lib' '-L/nix/store/p3z1jjczsi0vgnv4icr2brlvs07c4z25-flex-2.6.4/lib' '-L/nix/store/87ab06c2dssvdz7rxri45n4x8nv9699n-bison-3.8.2/lib' '-L/nix/store/95cxzy2hpizr23343b8bskl4yacf4b3l-python3-3.10.11/lib' '-L/nix/store/yaz7pyf0ah88g2v505l38n0f3wg2vzdj-glibc-2.37-8/lib' '-L/nix/store/0358z2psmx7f56d47n9f2xlkjd5zs39q-gcc-13.1.0-lib/lib' '-shared-libgcc' '-mtune=generic' '-march=x86-64' '-dumpdir' 'cmTC_36094.'



Parsed CXX implicit include dir info from above output: rv=done
  found start of include info
  found start of implicit include info
    add: [/nix/store/v2fwqbg81ag29an3vasmm0h61ch8jjyb-liblo-0.31/include]
    add: [/nix/store/8l0vwfj72dv2rxwchsznn7m1ici8j483-gnumake-4.4.1/include]
    add: [/nix/store/p3z1jjczsi0vgnv4icr2brlvs07c4z25-flex-2.6.4/include]
    add: [/nix/store/95cxzy2hpizr23343b8bskl4yacf4b3l-python3-3.10.11/include]
    add: [/nix/store/73z104zi47lnk6km2rl7sn51j6cnnp80-gcc-13.1.0/lib/gcc/x86_64-unknown-linux-gnu/13.1.0/../../../../include/c++/13.1.0]
    add: [/nix/store/73z104zi47lnk6km2rl7sn51j6cnnp80-gcc-13.1.0/lib/gcc/x86_64-unknown-linux-gnu/13.1.0/../../../../include/c++/13.1.0/x86_64-unknown-linux-gnu]
    add: [/nix/store/73z104zi47lnk6km2rl7sn51j6cnnp80-gcc-13.1.0/lib/gcc/x86_64-unknown-linux-gnu/13.1.0/../../../../include/c++/13.1.0/backward]
    add: [/nix/store/73z104zi47lnk6km2rl7sn51j6cnnp80-gcc-13.1.0/lib/gcc/x86_64-unknown-linux-gnu/13.1.0/include]
    add: [/nix/store/73z104zi47lnk6km2rl7sn51j6cnnp80-gcc-13.1.0/include]
    add: [/nix/store/73z104zi47lnk6km2rl7sn51j6cnnp80-gcc-13.1.0/lib/gcc/x86_64-unknown-linux-gnu/13.1.0/include-fixed]
    add: [/nix/store/rfw51dqr3qn7b6fjy8hmx6f0x3hfwbx6-glibc-2.37-8-dev/include]
  end of search list found
  collapse include dir [/nix/store/v2fwqbg81ag29an3vasmm0h61ch8jjyb-liblo-0.31/include] ==> [/nix/store/v2fwqbg81ag29an3vasmm0h61ch8jjyb-liblo-0.31/include]
  collapse include dir [/nix/store/8l0vwfj72dv2rxwchsznn7m1ici8j483-gnumake-4.4.1/include] ==> [/nix/store/8l0vwfj72dv2rxwchsznn7m1ici8j483-gnumake-4.4.1/include]
  collapse include dir [/nix/store/p3z1jjczsi0vgnv4icr2brlvs07c4z25-flex-2.6.4/include] ==> [/nix/store/p3z1jjczsi0vgnv4icr2brlvs07c4z25-flex-2.6.4/include]
  collapse include dir [/nix/store/95cxzy2hpizr23343b8bskl4yacf4b3l-python3-3.10.11/include] ==> [/nix/store/95cxzy2hpizr23343b8bskl4yacf4b3l-python3-3.10.11/include]
  collapse include dir [/nix/store/73z104zi47lnk6km2rl7sn51j6cnnp80-gcc-13.1.0/lib/gcc/x86_64-unknown-linux-gnu/13.1.0/../../../../include/c++/13.1.0] ==> [/nix/store/73z104zi47lnk6km2rl7sn51j6cnnp80-gcc-13.1.0/include/c++/13.1.0]
  collapse include dir [/nix/store/73z104zi47lnk6km2rl7sn51j6cnnp80-gcc-13.1.0/lib/gcc/x86_64-unknown-linux-gnu/13.1.0/../../../../include/c++/13.1.0/x86_64-unknown-linux-gnu] ==> [/nix/store/73z104zi47lnk6km2rl7sn51j6cnnp80-gcc-13.1.0/include/c++/13.1.0/x86_64-unknown-linux-gnu]
  collapse include dir [/nix/store/73z104zi47lnk6km2rl7sn51j6cnnp80-gcc-13.1.0/lib/gcc/x86_64-unknown-linux-gnu/13.1.0/../../../../include/c++/13.1.0/backward] ==> [/nix/store/73z104zi47lnk6km2rl7sn51j6cnnp80-gcc-13.1.0/include/c++/13.1.0/backward]
  collapse include dir [/nix/store/73z104zi47lnk6km2rl7sn51j6cnnp80-gcc-13.1.0/lib/gcc/x86_64-unknown-linux-gnu/13.1.0/include] ==> [/nix/store/73z104zi47lnk6km2rl7sn51j6cnnp80-gcc-13.1.0/lib/gcc/x86_64-unknown-linux-gnu/13.1.0/include]
  collapse include dir [/nix/store/73z104zi47lnk6km2rl7sn51j6cnnp80-gcc-13.1.0/include] ==> [/nix/store/73z104zi47lnk6km2rl7sn51j6cnnp80-gcc-13.1.0/include]
  collapse include dir [/nix/store/73z104zi47lnk6km2rl7sn51j6cnnp80-gcc-13.1.0/lib/gcc/x86_64-unknown-linux-gnu/13.1.0/include-fixed] ==> [/nix/store/73z104zi47lnk6km2rl7sn51j6cnnp80-gcc-13.1.0/lib/gcc/x86_64-unknown-linux-gnu/13.1.0/include-fixed]
  collapse include dir [/nix/store/rfw51dqr3qn7b6fjy8hmx6f0x3hfwbx6-glibc-2.37-8-dev/include] ==> [/nix/store/rfw51dqr3qn7b6fjy8hmx6f0x3hfwbx6-glibc-2.37-8-dev/include]
  implicit include dirs: [/nix/store/v2fwqbg81ag29an3vasmm0h61ch8jjyb-liblo-0.31/include;/nix/store/8l0vwfj72dv2rxwchsznn7m1ici8j483-gnumake-4.4.1/include;/nix/store/p3z1jjczsi0vgnv4icr2brlvs07c4z25-flex-2.6.4/include;/nix/store/95cxzy2hpizr23343b8bskl4yacf4b3l-python3-3.10.11/include;/nix/store/73z104zi47lnk6km2rl7sn51j6cnnp80-gcc-13.1.0/include/c++/13.1.0;/nix/store/73z104zi47lnk6km2rl7sn51j6cnnp80-gcc-13.1.0/include/c++/13.1.0/x86_64-unknown-linux-gnu;/nix/store/73z104zi47lnk6km2rl7sn51j6cnnp80-gcc-13.1.0/include/c++/13.1.0/backward;/nix/store/73z104zi47lnk6km2rl7sn51j6cnnp80-gcc-13.1.0/lib/gcc/x86_64-unknown-linux-gnu/13.1.0/include;/nix/store/73z104zi47lnk6km2rl7sn51j6cnnp80-gcc-13.1.0/include;/nix/store/73z104zi47lnk6km2rl7sn51j6cnnp80-gcc-13.1.0/lib/gcc/x86_64-unknown-linux-gnu/13.1.0/include-fixed;/nix/store/rfw51dqr3qn7b6fjy8hmx6f0x3hfwbx6-glibc-2.37-8-dev/include]


Parsed CXX implicit link information from above output:
  link line regex: [^( *|.*[/\])(ld|CMAKE_LINK_STARTFILE-NOTFOUND|([^/\]+-)?ld|collect2)[^/\]*( |$)]
  ignore line: [Change Dir: /home/ian/TStickProject/sygaldry/sygaldry/sygxy-wave_synth/build/CMakeFiles/CMakeScratch/TryCompile-PdwxsI]
  ignore line: []
  ignore line: [Run Build Command(s):/nix/store/rcakkm09fivblba082qb6jch02926qhq-ninja-1.11.1/bin/ninja cmTC_36094 && [1/2] Building CXX object CMakeFiles/cmTC_36094.dir/CMakeCXXCompilerABI.cpp.o]
  ignore line: [Using built-in specs.]
  ignore line: [COLLECT_GCC=/nix/store/73z104zi47lnk6km2rl7sn51j6cnnp80-gcc-13.1.0/bin/g++]
  ignore line: [Target: x86_64-unknown-linux-gnu]
  ignore line: [Configured with: ]
  ignore line: [Thread model: posix]
  ignore line: [Supported LTO compression algorithms: zlib]
  ignore line: [gcc version 13.1.0 (GCC) ]
  ignore line: [COLLECT_GCC_OPTIONS='-fPIC' '-Wformat=1' '-Wformat-security' '-Werror=format-security' '-fstack-protector-strong' '--param=ssp-buffer-size=4' '-O2' '-U' '_FORTIFY_SOURCE' '-D' '_FORTIFY_SOURCE=2' '-fno-strict-overflow' '-v' '-o' 'CMakeFiles/cmTC_36094.dir/CMakeCXXCompilerABI.cpp.o' '-c' '-B' '/nix/store/yaz7pyf0ah88g2v505l38n0f3wg2vzdj-glibc-2.37-8/lib/' '-idirafter' '/nix/store/rfw51dqr3qn7b6fjy8hmx6f0x3hfwbx6-glibc-2.37-8-dev/include' '-idirafter' '/nix/store/73z104zi47lnk6km2rl7sn51j6cnnp80-gcc-13.1.0/lib/gcc/x86_64-unknown-linux-gnu/13.1.0/include-fixed' '-B' '/nix/store/0358z2psmx7f56d47n9f2xlkjd5zs39q-gcc-13.1.0-lib/lib' '-B' '/nix/store/f9q9ifxzrfaacn6dsw7n9qggq2jfcmd0-gcc-wrapper-13.1.0/bin/' '-frandom-seed=yqxzjjhfzs' '-isystem' '/nix/store/v2fwqbg81ag29an3vasmm0h61ch8jjyb-liblo-0.31/include' '-isystem' '/nix/store/8l0vwfj72dv2rxwchsznn7m1ici8j483-gnumake-4.4.1/include' '-isystem' '/nix/store/p3z1jjczsi0vgnv4icr2brlvs07c4z25-flex-2.6.4/include' '-isystem' '/nix/store/95cxzy2hpizr23343b8bskl4yacf4b3l-python3-3.10.11/include' '-isystem' '/nix/store/v2fwqbg81ag29an3vasmm0h61ch8jjyb-liblo-0.31/include' '-isystem' '/nix/store/8l0vwfj72dv2rxwchsznn7m1ici8j483-gnumake-4.4.1/include' '-isystem' '/nix/store/p3z1jjczsi0vgnv4icr2brlvs07c4z25-flex-2.6.4/include' '-isystem' '/nix/store/95cxzy2hpizr23343b8bskl4yacf4b3l-python3-3.10.11/include' '-shared-libgcc' '-mtune=generic' '-march=x86-64' '-dumpdir' 'CMakeFiles/cmTC_36094.dir/']
  ignore line: [ /nix/store/73z104zi47lnk6km2rl7sn51j6cnnp80-gcc-13.1.0/libexec/gcc/x86_64-unknown-linux-gnu/13.1.0/cc1plus -quiet -v -D_GNU_SOURCE -U _FORTIFY_SOURCE -D _FORTIFY_SOURCE=2 -idirafter /nix/store/rfw51dqr3qn7b6fjy8hmx6f0x3hfwbx6-glibc-2.37-8-dev/include -idirafter /nix/store/73z104zi47lnk6km2rl7sn51j6cnnp80-gcc-13.1.0/lib/gcc/x86_64-unknown-linux-gnu/13.1.0/include-fixed -isystem /nix/store/v2fwqbg81ag29an3vasmm0h61ch8jjyb-liblo-0.31/include -isystem /nix/store/8l0vwfj72dv2rxwchsznn7m1ici8j483-gnumake-4.4.1/include -isystem /nix/store/p3z1jjczsi0vgnv4icr2brlvs07c4z25-flex-2.6.4/include -isystem /nix/store/95cxzy2hpizr23343b8bskl4yacf4b3l-python3-3.10.11/include -isystem /nix/store/v2fwqbg81ag29an3vasmm0h61ch8jjyb-liblo-0.31/include -isystem /nix/store/8l0vwfj72dv2rxwchsznn7m1ici8j483-gnumake-4.4.1/include -isystem /nix/store/p3z1jjczsi0vgnv4icr2brlvs07c4z25-flex-2.6.4/include -isystem /nix/store/95cxzy2hpizr23343b8bskl4yacf4b3l-python3-3.10.11/include /nix/store/fic9avx8yabwb3ib8m49ld3kq9fkwwwd-cmake-3.25.3/share/cmake-3.25/Modules/CMakeCXXCompilerABI.cpp -quiet -dumpdir CMakeFiles/cmTC_36094.dir/ -dumpbase CMakeCXXCompilerABI.cpp.cpp -dumpbase-ext .cpp -mtune=generic -march=x86-64 -O2 -Wformat=1 -Wformat-security -Werror=format-security -version -fPIC -fstack-protector-strong -fno-strict-overflow -frandom-seed=yqxzjjhfzs --param=ssp-buffer-size=4 -o /run/user/1000/ccfgRySD.s]
  ignore line: [GNU C++17 (GCC) version 13.1.0 (x86_64-unknown-linux-gnu)]
  ignore line: [	compiled by GNU C version 12.2.0  GMP version 6.2.1  MPFR version 4.2.0  MPC version 1.3.1  isl version isl-0.20-GMP]
  ignore line: []
  ignore line: [GGC heuristics: --param ggc-min-expand=100 --param ggc-min-heapsize=131072]
  ignore line: [ignoring duplicate directory "/nix/store/v2fwqbg81ag29an3vasmm0h61ch8jjyb-liblo-0.31/include"]
  ignore line: [ignoring duplicate directory "/nix/store/8l0vwfj72dv2rxwchsznn7m1ici8j483-gnumake-4.4.1/include"]
  ignore line: [ignoring duplicate directory "/nix/store/p3z1jjczsi0vgnv4icr2brlvs07c4z25-flex-2.6.4/include"]
  ignore line: [ignoring duplicate directory "/nix/store/95cxzy2hpizr23343b8bskl4yacf4b3l-python3-3.10.11/include"]
  ignore line: [ignoring nonexistent directory "/nix/store/73z104zi47lnk6km2rl7sn51j6cnnp80-gcc-13.1.0/lib/gcc/x86_64-unknown-linux-gnu/13.1.0/../../../../x86_64-unknown-linux-gnu/include"]
  ignore line: [ignoring duplicate directory "/nix/store/rfw51dqr3qn7b6fjy8hmx6f0x3hfwbx6-glibc-2.37-8-dev/include"]
  ignore line: [ignoring duplicate directory "/nix/store/73z104zi47lnk6km2rl7sn51j6cnnp80-gcc-13.1.0/lib/gcc/x86_64-unknown-linux-gnu/13.1.0/include-fixed"]
  ignore line: [#include "..." search starts here:]
  ignore line: [#include <...> search starts here:]
  ignore line: [ /nix/store/v2fwqbg81ag29an3vasmm0h61ch8jjyb-liblo-0.31/include]
  ignore line: [ /nix/store/8l0vwfj72dv2rxwchsznn7m1ici8j483-gnumake-4.4.1/include]
  ignore line: [ /nix/store/p3z1jjczsi0vgnv4icr2brlvs07c4z25-flex-2.6.4/include]
  ignore line: [ /nix/store/95cxzy2hpizr23343b8bskl4yacf4b3l-python3-3.10.11/include]
  ignore line: [ /nix/store/73z104zi47lnk6km2rl7sn51j6cnnp80-gcc-13.1.0/lib/gcc/x86_64-unknown-linux-gnu/13.1.0/../../../../include/c++/13.1.0]
  ignore line: [ /nix/store/73z104zi47lnk6km2rl7sn51j6cnnp80-gcc-13.1.0/lib/gcc/x86_64-unknown-linux-gnu/13.1.0/../../../../include/c++/13.1.0/x86_64-unknown-linux-gnu]
  ignore line: [ /nix/store/73z104zi47lnk6km2rl7sn51j6cnnp80-gcc-13.1.0/lib/gcc/x86_64-unknown-linux-gnu/13.1.0/../../../../include/c++/13.1.0/backward]
  ignore line: [ /nix/store/73z104zi47lnk6km2rl7sn51j6cnnp80-gcc-13.1.0/lib/gcc/x86_64-unknown-linux-gnu/13.1.0/include]
  ignore line: [ /nix/store/73z104zi47lnk6km2rl7sn51j6cnnp80-gcc-13.1.0/include]
  ignore line: [ /nix/store/73z104zi47lnk6km2rl7sn51j6cnnp80-gcc-13.1.0/lib/gcc/x86_64-unknown-linux-gnu/13.1.0/include-fixed]
  ignore line: [ /nix/store/rfw51dqr3qn7b6fjy8hmx6f0x3hfwbx6-glibc-2.37-8-dev/include]
  ignore line: [End of search list.]
  ignore line: [Compiler executable checksum: ca1f3c78c6a9dd69c157c0a484ff0201]
  ignore line: [COLLECT_GCC_OPTIONS='-fPIC' '-Wformat=1' '-Wformat-security' '-Werror=format-security' '-fstack-protector-strong' '--param=ssp-buffer-size=4' '-O2' '-U' '_FORTIFY_SOURCE' '-D' '_FORTIFY_SOURCE=2' '-fno-strict-overflow' '-v' '-o' 'CMakeFiles/cmTC_36094.dir/CMakeCXXCompilerABI.cpp.o' '-c' '-B' '/nix/store/yaz7pyf0ah88g2v505l38n0f3wg2vzdj-glibc-2.37-8/lib/' '-idirafter' '/nix/store/rfw51dqr3qn7b6fjy8hmx6f0x3hfwbx6-glibc-2.37-8-dev/include' '-idirafter' '/nix/store/73z104zi47lnk6km2rl7sn51j6cnnp80-gcc-13.1.0/lib/gcc/x86_64-unknown-linux-gnu/13.1.0/include-fixed' '-B' '/nix/store/0358z2psmx7f56d47n9f2xlkjd5zs39q-gcc-13.1.0-lib/lib' '-B' '/nix/store/f9q9ifxzrfaacn6dsw7n9qggq2jfcmd0-gcc-wrapper-13.1.0/bin/' '-frandom-seed=yqxzjjhfzs' '-isystem' '/nix/store/v2fwqbg81ag29an3vasmm0h61ch8jjyb-liblo-0.31/include' '-isystem' '/nix/store/8l0vwfj72dv2rxwchsznn7m1ici8j483-gnumake-4.4.1/include' '-isystem' '/nix/store/p3z1jjczsi0vgnv4icr2brlvs07c4z25-flex-2.6.4/include' '-isystem' '/nix/store/95cxzy2hpizr23343b8bskl4yacf4b3l-python3-3.10.11/include' '-isystem' '/nix/store/v2fwqbg81ag29an3vasmm0h61ch8jjyb-liblo-0.31/include' '-isystem' '/nix/store/8l0vwfj72dv2rxwchsznn7m1ici8j483-gnumake-4.4.1/include' '-isystem' '/nix/store/p3z1jjczsi0vgnv4icr2brlvs07c4z25-flex-2.6.4/include' '-isystem' '/nix/store/95cxzy2hpizr23343b8bskl4yacf4b3l-python3-3.10.11/include' '-shared-libgcc' '-mtune=generic' '-march=x86-64' '-dumpdir' 'CMakeFiles/cmTC_36094.dir/']
  ignore line: [ /nix/store/f9q9ifxzrfaacn6dsw7n9qggq2jfcmd0-gcc-wrapper-13.1.0/bin/as -v --64 -o CMakeFiles/cmTC_36094.dir/CMakeCXXCompilerABI.cpp.o /run/user/1000/ccfgRySD.s]
  ignore line: [GNU assembler version 2.40 (x86_64-unknown-linux-gnu) using BFD version (GNU Binutils) 2.40]
  ignore line: [COMPILER_PATH=/nix/store/yaz7pyf0ah88g2v505l38n0f3wg2vzdj-glibc-2.37-8/lib/:/nix/store/0358z2psmx7f56d47n9f2xlkjd5zs39q-gcc-13.1.0-lib/lib/:/nix/store/f9q9ifxzrfaacn6dsw7n9qggq2jfcmd0-gcc-wrapper-13.1.0/bin/:/nix/store/73z104zi47lnk6km2rl7sn51j6cnnp80-gcc-13.1.0/libexec/gcc/x86_64-unknown-linux-gnu/13.1.0/:/nix/store/73z104zi47lnk6km2rl7sn51j6cnnp80-gcc-13.1.0/libexec/gcc/x86_64-unknown-linux-gnu/13.1.0/:/nix/store/73z104zi47lnk6km2rl7sn51j6cnnp80-gcc-13.1.0/libexec/gcc/x86_64-unknown-linux-gnu/:/nix/store/73z104zi47lnk6km2rl7sn51j6cnnp80-gcc-13.1.0/lib/gcc/x86_64-unknown-linux-gnu/13.1.0/:/nix/store/73z104zi47lnk6km2rl7sn51j6cnnp80-gcc-13.1.0/lib/gcc/x86_64-unknown-linux-gnu/]
  ignore line: [LIBRARY_PATH=/nix/store/yaz7pyf0ah88g2v505l38n0f3wg2vzdj-glibc-2.37-8/lib/:/nix/store/0358z2psmx7f56d47n9f2xlkjd5zs39q-gcc-13.1.0-lib/lib/:/nix/store/f9q9ifxzrfaacn6dsw7n9qggq2jfcmd0-gcc-wrapper-13.1.0/bin/:/nix/store/73z104zi47lnk6km2rl7sn51j6cnnp80-gcc-13.1.0/lib/gcc/x86_64-unknown-linux-gnu/13.1.0/:/nix/store/73z104zi47lnk6km2rl7sn51j6cnnp80-gcc-13.1.0/lib/gcc/x86_64-unknown-linux-gnu/13.1.0/../../../../lib64/:/nix/store/73z104zi47lnk6km2rl7sn51j6cnnp80-gcc-13.1.0/lib/gcc/x86_64-unknown-linux-gnu/13.1.0/../../../]
  ignore line: [COLLECT_GCC_OPTIONS='-fPIC' '-Wformat=1' '-Wformat-security' '-Werror=format-security' '-fstack-protector-strong' '--param=ssp-buffer-size=4' '-O2' '-U' '_FORTIFY_SOURCE' '-D' '_FORTIFY_SOURCE=2' '-fno-strict-overflow' '-v' '-o' 'CMakeFiles/cmTC_36094.dir/CMakeCXXCompilerABI.cpp.o' '-c' '-B' '/nix/store/yaz7pyf0ah88g2v505l38n0f3wg2vzdj-glibc-2.37-8/lib/' '-idirafter' '/nix/store/rfw51dqr3qn7b6fjy8hmx6f0x3hfwbx6-glibc-2.37-8-dev/include' '-idirafter' '/nix/store/73z104zi47lnk6km2rl7sn51j6cnnp80-gcc-13.1.0/lib/gcc/x86_64-unknown-linux-gnu/13.1.0/include-fixed' '-B' '/nix/store/0358z2psmx7f56d47n9f2xlkjd5zs39q-gcc-13.1.0-lib/lib' '-B' '/nix/store/f9q9ifxzrfaacn6dsw7n9qggq2jfcmd0-gcc-wrapper-13.1.0/bin/' '-frandom-seed=yqxzjjhfzs' '-isystem' '/nix/store/v2fwqbg81ag29an3vasmm0h61ch8jjyb-liblo-0.31/include' '-isystem' '/nix/store/8l0vwfj72dv2rxwchsznn7m1ici8j483-gnumake-4.4.1/include' '-isystem' '/nix/store/p3z1jjczsi0vgnv4icr2brlvs07c4z25-flex-2.6.4/include' '-isystem' '/nix/store/95cxzy2hpizr23343b8bskl4yacf4b3l-python3-3.10.11/include' '-isystem' '/nix/store/v2fwqbg81ag29an3vasmm0h61ch8jjyb-liblo-0.31/include' '-isystem' '/nix/store/8l0vwfj72dv2rxwchsznn7m1ici8j483-gnumake-4.4.1/include' '-isystem' '/nix/store/p3z1jjczsi0vgnv4icr2brlvs07c4z25-flex-2.6.4/include' '-isystem' '/nix/store/95cxzy2hpizr23343b8bskl4yacf4b3l-python3-3.10.11/include' '-shared-libgcc' '-mtune=generic' '-march=x86-64' '-dumpdir' 'CMakeFiles/cmTC_36094.dir/CMakeCXXCompilerABI.cpp.']
  ignore line: [[2/2] Linking CXX executable cmTC_36094]
  ignore line: [Using built-in specs.]
  ignore line: [COLLECT_GCC=/nix/store/73z104zi47lnk6km2rl7sn51j6cnnp80-gcc-13.1.0/bin/g++]
  ignore line: [COLLECT_LTO_WRAPPER=/nix/store/73z104zi47lnk6km2rl7sn51j6cnnp80-gcc-13.1.0/libexec/gcc/x86_64-unknown-linux-gnu/13.1.0/lto-wrapper]
  ignore line: [Target: x86_64-unknown-linux-gnu]
  ignore line: [Configured with: ]
  ignore line: [Thread model: posix]
  ignore line: [Supported LTO compression algorithms: zlib]
  ignore line: [gcc version 13.1.0 (GCC) ]
  ignore line: [COMPILER_PATH=/nix/store/yaz7pyf0ah88g2v505l38n0f3wg2vzdj-glibc-2.37-8/lib/:/nix/store/0358z2psmx7f56d47n9f2xlkjd5zs39q-gcc-13.1.0-lib/lib/:/nix/store/f9q9ifxzrfaacn6dsw7n9qggq2jfcmd0-gcc-wrapper-13.1.0/bin/:/nix/store/73z104zi47lnk6km2rl7sn51j6cnnp80-gcc-13.1.0/libexec/gcc/x86_64-unknown-linux-gnu/13.1.0/:/nix/store/73z104zi47lnk6km2rl7sn51j6cnnp80-gcc-13.1.0/libexec/gcc/x86_64-unknown-linux-gnu/13.1.0/:/nix/store/73z104zi47lnk6km2rl7sn51j6cnnp80-gcc-13.1.0/libexec/gcc/x86_64-unknown-linux-gnu/:/nix/store/73z104zi47lnk6km2rl7sn51j6cnnp80-gcc-13.1.0/lib/gcc/x86_64-unknown-linux-gnu/13.1.0/:/nix/store/73z104zi47lnk6km2rl7sn51j6cnnp80-gcc-13.1.0/lib/gcc/x86_64-unknown-linux-gnu/]
  ignore line: [LIBRARY_PATH=/nix/store/yaz7pyf0ah88g2v505l38n0f3wg2vzdj-glibc-2.37-8/lib/:/nix/store/0358z2psmx7f56d47n9f2xlkjd5zs39q-gcc-13.1.0-lib/lib/:/nix/store/f9q9ifxzrfaacn6dsw7n9qggq2jfcmd0-gcc-wrapper-13.1.0/bin/:/nix/store/73z104zi47lnk6km2rl7sn51j6cnnp80-gcc-13.1.0/lib/gcc/x86_64-unknown-linux-gnu/13.1.0/:/nix/store/73z104zi47lnk6km2rl7sn51j6cnnp80-gcc-13.1.0/lib/gcc/x86_64-unknown-linux-gnu/13.1.0/../../../../lib64/:/nix/store/73z104zi47lnk6km2rl7sn51j6cnnp80-gcc-13.1.0/lib/gcc/x86_64-unknown-linux-gnu/13.1.0/../../../]
  ignore line: [COLLECT_GCC_OPTIONS='-fPIC' '-Wformat=1' '-Wformat-security' '-Werror=format-security' '-fstack-protector-strong' '--param=ssp-buffer-size=4' '-O2' '-U' '_FORTIFY_SOURCE' '-D' '_FORTIFY_SOURCE=2' '-fno-strict-overflow' '-v' '-rdynamic' '-o' 'cmTC_36094' '-B' '/nix/store/yaz7pyf0ah88g2v505l38n0f3wg2vzdj-glibc-2.37-8/lib/' '-idirafter' '/nix/store/rfw51dqr3qn7b6fjy8hmx6f0x3hfwbx6-glibc-2.37-8-dev/include' '-idirafter' '/nix/store/73z104zi47lnk6km2rl7sn51j6cnnp80-gcc-13.1.0/lib/gcc/x86_64-unknown-linux-gnu/13.1.0/include-fixed' '-B' '/nix/store/0358z2psmx7f56d47n9f2xlkjd5zs39q-gcc-13.1.0-lib/lib' '-B' '/nix/store/f9q9ifxzrfaacn6dsw7n9qggq2jfcmd0-gcc-wrapper-13.1.0/bin/' '-frandom-seed=yqxzjjhfzs' '-isystem' '/nix/store/v2fwqbg81ag29an3vasmm0h61ch8jjyb-liblo-0.31/include' '-isystem' '/nix/store/8l0vwfj72dv2rxwchsznn7m1ici8j483-gnumake-4.4.1/include' '-isystem' '/nix/store/p3z1jjczsi0vgnv4icr2brlvs07c4z25-flex-2.6.4/include' '-isystem' '/nix/store/95cxzy2hpizr23343b8bskl4yacf4b3l-python3-3.10.11/include' '-isystem' '/nix/store/v2fwqbg81ag29an3vasmm0h61ch8jjyb-liblo-0.31/include' '-isystem' '/nix/store/8l0vwfj72dv2rxwchsznn7m1ici8j483-gnumake-4.4.1/include' '-isystem' '/nix/store/p3z1jjczsi0vgnv4icr2brlvs07c4z25-flex-2.6.4/include' '-isystem' '/nix/store/95cxzy2hpizr23343b8bskl4yacf4b3l-python3-3.10.11/include' '-L/nix/store/v2fwqbg81ag29an3vasmm0h61ch8jjyb-liblo-0.31/lib' '-L/nix/store/p3z1jjczsi0vgnv4icr2brlvs07c4z25-flex-2.6.4/lib' '-L/nix/store/87ab06c2dssvdz7rxri45n4x8nv9699n-bison-3.8.2/lib' '-L/nix/store/95cxzy2hpizr23343b8bskl4yacf4b3l-python3-3.10.11/lib' '-L/nix/store/v2fwqbg81ag29an3vasmm0h61ch8jjyb-liblo-0.31/lib' '-L/nix/store/p3z1jjczsi0vgnv4icr2brlvs07c4z25-flex-2.6.4/lib' '-L/nix/store/87ab06c2dssvdz7rxri45n4x8nv9699n-bison-3.8.2/lib' '-L/nix/store/95cxzy2hpizr23343b8bskl4yacf4b3l-python3-3.10.11/lib' '-L/nix/store/yaz7pyf0ah88g2v505l38n0f3wg2vzdj-glibc-2.37-8/lib' '-L/nix/store/0358z2psmx7f56d47n9f2xlkjd5zs39q-gcc-13.1.0-lib/lib' '-shared-libgcc' '-mtune=generic' '-march=x86-64' '-dumpdir' 'cmTC_36094.']
  link line: [ /nix/store/73z104zi47lnk6km2rl7sn51j6cnnp80-gcc-13.1.0/libexec/gcc/x86_64-unknown-linux-gnu/13.1.0/collect2 -plugin /nix/store/73z104zi47lnk6km2rl7sn51j6cnnp80-gcc-13.1.0/libexec/gcc/x86_64-unknown-linux-gnu/13.1.0/liblto_plugin.so -plugin-opt=/nix/store/73z104zi47lnk6km2rl7sn51j6cnnp80-gcc-13.1.0/libexec/gcc/x86_64-unknown-linux-gnu/13.1.0/lto-wrapper -plugin-opt=-fresolution=/run/user/1000/ccWF3Rp3.res -plugin-opt=-pass-through=-lgcc_s -plugin-opt=-pass-through=-lgcc -plugin-opt=-pass-through=-lc -plugin-opt=-pass-through=-lgcc_s -plugin-opt=-pass-through=-lgcc --eh-frame-hdr -m elf_x86_64 -export-dynamic -dynamic-linker /nix/store/yaz7pyf0ah88g2v505l38n0f3wg2vzdj-glibc-2.37-8/lib64/ld-linux-x86-64.so.2 -o cmTC_36094 /nix/store/yaz7pyf0ah88g2v505l38n0f3wg2vzdj-glibc-2.37-8/lib/crt1.o /nix/store/yaz7pyf0ah88g2v505l38n0f3wg2vzdj-glibc-2.37-8/lib/crti.o /nix/store/73z104zi47lnk6km2rl7sn51j6cnnp80-gcc-13.1.0/lib/gcc/x86_64-unknown-linux-gnu/13.1.0/crtbegin.o -L/nix/store/v2fwqbg81ag29an3vasmm0h61ch8jjyb-liblo-0.31/lib -L/nix/store/p3z1jjczsi0vgnv4icr2brlvs07c4z25-flex-2.6.4/lib -L/nix/store/87ab06c2dssvdz7rxri45n4x8nv9699n-bison-3.8.2/lib -L/nix/store/95cxzy2hpizr23343b8bskl4yacf4b3l-python3-3.10.11/lib -L/nix/store/v2fwqbg81ag29an3vasmm0h61ch8jjyb-liblo-0.31/lib -L/nix/store/p3z1jjczsi0vgnv4icr2brlvs07c4z25-flex-2.6.4/lib -L/nix/store/87ab06c2dssvdz7rxri45n4x8nv9699n-bison-3.8.2/lib -L/nix/store/95cxzy2hpizr23343b8bskl4yacf4b3l-python3-3.10.11/lib -L/nix/store/yaz7pyf0ah88g2v505l38n0f3wg2vzdj-glibc-2.37-8/lib -L/nix/store/0358z2psmx7f56d47n9f2xlkjd5zs39q-gcc-13.1.0-lib/lib -L/nix/store/yaz7pyf0ah88g2v505l38n0f3wg2vzdj-glibc-2.37-8/lib -L/nix/store/0358z2psmx7f56d47n9f2xlkjd5zs39q-gcc-13.1.0-lib/lib -L/nix/store/f9q9ifxzrfaacn6dsw7n9qggq2jfcmd0-gcc-wrapper-13.1.0/bin -L/nix/store/73z104zi47lnk6km2rl7sn51j6cnnp80-gcc-13.1.0/lib/gcc/x86_64-unknown-linux-gnu/13.1.0 -L/nix/store/73z104zi47lnk6km2rl7sn51j6cnnp80-gcc-13.1.0/lib/gcc/x86_64-unknown-linux-gnu/13.1.0/../../../../lib64 -L/nix/store/73z104zi47lnk6km2rl7sn51j6cnnp80-gcc-13.1.0/lib/gcc/x86_64-unknown-linux-gnu/13.1.0/../../.. -dynamic-linker=/nix/store/yaz7pyf0ah88g2v505l38n0f3wg2vzdj-glibc-2.37-8/lib/ld-linux-x86-64.so.2 CMakeFiles/cmTC_36094.dir/CMakeCXXCompilerABI.cpp.o -rpath /nix/store/yqxzjjhfzswchv856zjm63qlmba266wc-sygaldry/lib64 -rpath /nix/store/yqxzjjhfzswchv856zjm63qlmba266wc-sygaldry/lib -lstdc++ -lm -lgcc_s -lgcc -lc -lgcc_s -lgcc /nix/store/73z104zi47lnk6km2rl7sn51j6cnnp80-gcc-13.1.0/lib/gcc/x86_64-unknown-linux-gnu/13.1.0/crtend.o /nix/store/yaz7pyf0ah88g2v505l38n0f3wg2vzdj-glibc-2.37-8/lib/crtn.o]
    arg [/nix/store/73z104zi47lnk6km2rl7sn51j6cnnp80-gcc-13.1.0/libexec/gcc/x86_64-unknown-linux-gnu/13.1.0/collect2] ==> ignore
    arg [-plugin] ==> ignore
    arg [/nix/store/73z104zi47lnk6km2rl7sn51j6cnnp80-gcc-13.1.0/libexec/gcc/x86_64-unknown-linux-gnu/13.1.0/liblto_plugin.so] ==> ignore
    arg [-plugin-opt=/nix/store/73z104zi47lnk6km2rl7sn51j6cnnp80-gcc-13.1.0/libexec/gcc/x86_64-unknown-linux-gnu/13.1.0/lto-wrapper] ==> ignore
    arg [-plugin-opt=-fresolution=/run/user/1000/ccWF3Rp3.res] ==> ignore
    arg [-plugin-opt=-pass-through=-lgcc_s] ==> ignore
    arg [-plugin-opt=-pass-through=-lgcc] ==> ignore
    arg [-plugin-opt=-pass-through=-lc] ==> ignore
    arg [-plugin-opt=-pass-through=-lgcc_s] ==> ignore
    arg [-plugin-opt=-pass-through=-lgcc] ==> ignore
    arg [--eh-frame-hdr] ==> ignore
    arg [-m] ==> ignore
    arg [elf_x86_64] ==> ignore
    arg [-export-dynamic] ==> ignore
    arg [-dynamic-linker] ==> ignore
    arg [/nix/store/yaz7pyf0ah88g2v505l38n0f3wg2vzdj-glibc-2.37-8/lib64/ld-linux-x86-64.so.2] ==> ignore
    arg [-o] ==> ignore
    arg [cmTC_36094] ==> ignore
    arg [/nix/store/yaz7pyf0ah88g2v505l38n0f3wg2vzdj-glibc-2.37-8/lib/crt1.o] ==> obj [/nix/store/yaz7pyf0ah88g2v505l38n0f3wg2vzdj-glibc-2.37-8/lib/crt1.o]
    arg [/nix/store/yaz7pyf0ah88g2v505l38n0f3wg2vzdj-glibc-2.37-8/lib/crti.o] ==> obj [/nix/store/yaz7pyf0ah88g2v505l38n0f3wg2vzdj-glibc-2.37-8/lib/crti.o]
    arg [/nix/store/73z104zi47lnk6km2rl7sn51j6cnnp80-gcc-13.1.0/lib/gcc/x86_64-unknown-linux-gnu/13.1.0/crtbegin.o] ==> obj [/nix/store/73z104zi47lnk6km2rl7sn51j6cnnp80-gcc-13.1.0/lib/gcc/x86_64-unknown-linux-gnu/13.1.0/crtbegin.o]
    arg [-L/nix/store/v2fwqbg81ag29an3vasmm0h61ch8jjyb-liblo-0.31/lib] ==> dir [/nix/store/v2fwqbg81ag29an3vasmm0h61ch8jjyb-liblo-0.31/lib]
    arg [-L/nix/store/p3z1jjczsi0vgnv4icr2brlvs07c4z25-flex-2.6.4/lib] ==> dir [/nix/store/p3z1jjczsi0vgnv4icr2brlvs07c4z25-flex-2.6.4/lib]
    arg [-L/nix/store/87ab06c2dssvdz7rxri45n4x8nv9699n-bison-3.8.2/lib] ==> dir [/nix/store/87ab06c2dssvdz7rxri45n4x8nv9699n-bison-3.8.2/lib]
    arg [-L/nix/store/95cxzy2hpizr23343b8bskl4yacf4b3l-python3-3.10.11/lib] ==> dir [/nix/store/95cxzy2hpizr23343b8bskl4yacf4b3l-python3-3.10.11/lib]
    arg [-L/nix/store/v2fwqbg81ag29an3vasmm0h61ch8jjyb-liblo-0.31/lib] ==> dir [/nix/store/v2fwqbg81ag29an3vasmm0h61ch8jjyb-liblo-0.31/lib]
    arg [-L/nix/store/p3z1jjczsi0vgnv4icr2brlvs07c4z25-flex-2.6.4/lib] ==> dir [/nix/store/p3z1jjczsi0vgnv4icr2brlvs07c4z25-flex-2.6.4/lib]
    arg [-L/nix/store/87ab06c2dssvdz7rxri45n4x8nv9699n-bison-3.8.2/lib] ==> dir [/nix/store/87ab06c2dssvdz7rxri45n4x8nv9699n-bison-3.8.2/lib]
    arg [-L/nix/store/95cxzy2hpizr23343b8bskl4yacf4b3l-python3-3.10.11/lib] ==> dir [/nix/store/95cxzy2hpizr23343b8bskl4yacf4b3l-python3-3.10.11/lib]
    arg [-L/nix/store/yaz7pyf0ah88g2v505l38n0f3wg2vzdj-glibc-2.37-8/lib] ==> dir [/nix/store/yaz7pyf0ah88g2v505l38n0f3wg2vzdj-glibc-2.37-8/lib]
    arg [-L/nix/store/0358z2psmx7f56d47n9f2xlkjd5zs39q-gcc-13.1.0-lib/lib] ==> dir [/nix/store/0358z2psmx7f56d47n9f2xlkjd5zs39q-gcc-13.1.0-lib/lib]
    arg [-L/nix/store/yaz7pyf0ah88g2v505l38n0f3wg2vzdj-glibc-2.37-8/lib] ==> dir [/nix/store/yaz7pyf0ah88g2v505l38n0f3wg2vzdj-glibc-2.37-8/lib]
    arg [-L/nix/store/0358z2psmx7f56d47n9f2xlkjd5zs39q-gcc-13.1.0-lib/lib] ==> dir [/nix/store/0358z2psmx7f56d47n9f2xlkjd5zs39q-gcc-13.1.0-lib/lib]
    arg [-L/nix/store/f9q9ifxzrfaacn6dsw7n9qggq2jfcmd0-gcc-wrapper-13.1.0/bin] ==> dir [/nix/store/f9q9ifxzrfaacn6dsw7n9qggq2jfcmd0-gcc-wrapper-13.1.0/bin]
    arg [-L/nix/store/73z104zi47lnk6km2rl7sn51j6cnnp80-gcc-13.1.0/lib/gcc/x86_64-unknown-linux-gnu/13.1.0] ==> dir [/nix/store/73z104zi47lnk6km2rl7sn51j6cnnp80-gcc-13.1.0/lib/gcc/x86_64-unknown-linux-gnu/13.1.0]
    arg [-L/nix/store/73z104zi47lnk6km2rl7sn51j6cnnp80-gcc-13.1.0/lib/gcc/x86_64-unknown-linux-gnu/13.1.0/../../../../lib64] ==> dir [/nix/store/73z104zi47lnk6km2rl7sn51j6cnnp80-gcc-13.1.0/lib/gcc/x86_64-unknown-linux-gnu/13.1.0/../../../../lib64]
    arg [-L/nix/store/73z104zi47lnk6km2rl7sn51j6cnnp80-gcc-13.1.0/lib/gcc/x86_64-unknown-linux-gnu/13.1.0/../../..] ==> dir [/nix/store/73z104zi47lnk6km2rl7sn51j6cnnp80-gcc-13.1.0/lib/gcc/x86_64-unknown-linux-gnu/13.1.0/../../..]
    arg [-dynamic-linker=/nix/store/yaz7pyf0ah88g2v505l38n0f3wg2vzdj-glibc-2.37-8/lib/ld-linux-x86-64.so.2] ==> ignore
    arg [CMakeFiles/cmTC_36094.dir/CMakeCXXCompilerABI.cpp.o] ==> ignore
    arg [-rpath] ==> ignore
    arg [/nix/store/yqxzjjhfzswchv856zjm63qlmba266wc-sygaldry/lib64] ==> ignore
    arg [-rpath] ==> ignore
    arg [/nix/store/yqxzjjhfzswchv856zjm63qlmba266wc-sygaldry/lib] ==> ignore
    arg [-lstdc++] ==> lib [stdc++]
    arg [-lm] ==> lib [m]
    arg [-lgcc_s] ==> lib [gcc_s]
    arg [-lgcc] ==> lib [gcc]
    arg [-lc] ==> lib [c]
    arg [-lgcc_s] ==> lib [gcc_s]
    arg [-lgcc] ==> lib [gcc]
    arg [/nix/store/73z104zi47lnk6km2rl7sn51j6cnnp80-gcc-13.1.0/lib/gcc/x86_64-unknown-linux-gnu/13.1.0/crtend.o] ==> obj [/nix/store/73z104zi47lnk6km2rl7sn51j6cnnp80-gcc-13.1.0/lib/gcc/x86_64-unknown-linux-gnu/13.1.0/crtend.o]
    arg [/nix/store/yaz7pyf0ah88g2v505l38n0f3wg2vzdj-glibc-2.37-8/lib/crtn.o] ==> obj [/nix/store/yaz7pyf0ah88g2v505l38n0f3wg2vzdj-glibc-2.37-8/lib/crtn.o]
  collapse library dir [/nix/store/v2fwqbg81ag29an3vasmm0h61ch8jjyb-liblo-0.31/lib] ==> [/nix/store/v2fwqbg81ag29an3vasmm0h61ch8jjyb-liblo-0.31/lib]
  collapse library dir [/nix/store/p3z1jjczsi0vgnv4icr2brlvs07c4z25-flex-2.6.4/lib] ==> [/nix/store/p3z1jjczsi0vgnv4icr2brlvs07c4z25-flex-2.6.4/lib]
  collapse library dir [/nix/store/87ab06c2dssvdz7rxri45n4x8nv9699n-bison-3.8.2/lib] ==> [/nix/store/87ab06c2dssvdz7rxri45n4x8nv9699n-bison-3.8.2/lib]
  collapse library dir [/nix/store/95cxzy2hpizr23343b8bskl4yacf4b3l-python3-3.10.11/lib] ==> [/nix/store/95cxzy2hpizr23343b8bskl4yacf4b3l-python3-3.10.11/lib]
  collapse library dir [/nix/store/v2fwqbg81ag29an3vasmm0h61ch8jjyb-liblo-0.31/lib] ==> [/nix/store/v2fwqbg81ag29an3vasmm0h61ch8jjyb-liblo-0.31/lib]
  collapse library dir [/nix/store/p3z1jjczsi0vgnv4icr2brlvs07c4z25-flex-2.6.4/lib] ==> [/nix/store/p3z1jjczsi0vgnv4icr2brlvs07c4z25-flex-2.6.4/lib]
  collapse library dir [/nix/store/87ab06c2dssvdz7rxri45n4x8nv9699n-bison-3.8.2/lib] ==> [/nix/store/87ab06c2dssvdz7rxri45n4x8nv9699n-bison-3.8.2/lib]
  collapse library dir [/nix/store/95cxzy2hpizr23343b8bskl4yacf4b3l-python3-3.10.11/lib] ==> [/nix/store/95cxzy2hpizr23343b8bskl4yacf4b3l-python3-3.10.11/lib]
  collapse library dir [/nix/store/yaz7pyf0ah88g2v505l38n0f3wg2vzdj-glibc-2.37-8/lib] ==> [/nix/store/yaz7pyf0ah88g2v505l38n0f3wg2vzdj-glibc-2.37-8/lib]
  collapse library dir [/nix/store/0358z2psmx7f56d47n9f2xlkjd5zs39q-gcc-13.1.0-lib/lib] ==> [/nix/store/0358z2psmx7f56d47n9f2xlkjd5zs39q-gcc-13.1.0-lib/lib]
  collapse library dir [/nix/store/yaz7pyf0ah88g2v505l38n0f3wg2vzdj-glibc-2.37-8/lib] ==> [/nix/store/yaz7pyf0ah88g2v505l38n0f3wg2vzdj-glibc-2.37-8/lib]
  collapse library dir [/nix/store/0358z2psmx7f56d47n9f2xlkjd5zs39q-gcc-13.1.0-lib/lib] ==> [/nix/store/0358z2psmx7f56d47n9f2xlkjd5zs39q-gcc-13.1.0-lib/lib]
  collapse library dir [/nix/store/f9q9ifxzrfaacn6dsw7n9qggq2jfcmd0-gcc-wrapper-13.1.0/bin] ==> [/nix/store/f9q9ifxzrfaacn6dsw7n9qggq2jfcmd0-gcc-wrapper-13.1.0/bin]
  collapse library dir [/nix/store/73z104zi47lnk6km2rl7sn51j6cnnp80-gcc-13.1.0/lib/gcc/x86_64-unknown-linux-gnu/13.1.0] ==> [/nix/store/73z104zi47lnk6km2rl7sn51j6cnnp80-gcc-13.1.0/lib/gcc/x86_64-unknown-linux-gnu/13.1.0]
  collapse library dir [/nix/store/73z104zi47lnk6km2rl7sn51j6cnnp80-gcc-13.1.0/lib/gcc/x86_64-unknown-linux-gnu/13.1.0/../../../../lib64] ==> [/nix/store/73z104zi47lnk6km2rl7sn51j6cnnp80-gcc-13.1.0/lib64]
  collapse library dir [/nix/store/73z104zi47lnk6km2rl7sn51j6cnnp80-gcc-13.1.0/lib/gcc/x86_64-unknown-linux-gnu/13.1.0/../../..] ==> [/nix/store/73z104zi47lnk6km2rl7sn51j6cnnp80-gcc-13.1.0/lib]
  implicit libs: [stdc++;m;gcc_s;gcc;c;gcc_s;gcc]
  implicit objs: [/nix/store/yaz7pyf0ah88g2v505l38n0f3wg2vzdj-glibc-2.37-8/lib/crt1.o;/nix/store/yaz7pyf0ah88g2v505l38n0f3wg2vzdj-glibc-2.37-8/lib/crti.o;/nix/store/73z104zi47lnk6km2rl7sn51j6cnnp80-gcc-13.1.0/lib/gcc/x86_64-unknown-linux-gnu/13.1.0/crtbegin.o;/nix/store/73z104zi47lnk6km2rl7sn51j6cnnp80-gcc-13.1.0/lib/gcc/x86_64-unknown-linux-gnu/13.1.0/crtend.o;/nix/store/yaz7pyf0ah88g2v505l38n0f3wg2vzdj-glibc-2.37-8/lib/crtn.o]
  implicit dirs: [/nix/store/v2fwqbg81ag29an3vasmm0h61ch8jjyb-liblo-0.31/lib;/nix/store/p3z1jjczsi0vgnv4icr2brlvs07c4z25-flex-2.6.4/lib;/nix/store/87ab06c2dssvdz7rxri45n4x8nv9699n-bison-3.8.2/lib;/nix/store/95cxzy2hpizr23343b8bskl4yacf4b3l-python3-3.10.11/lib;/nix/store/yaz7pyf0ah88g2v505l38n0f3wg2vzdj-glibc-2.37-8/lib;/nix/store/0358z2psmx7f56d47n9f2xlkjd5zs39q-gcc-13.1.0-lib/lib;/nix/store/f9q9ifxzrfaacn6dsw7n9qggq2jfcmd0-gcc-wrapper-13.1.0/bin;/nix/store/73z104zi47lnk6km2rl7sn51j6cnnp80-gcc-13.1.0/lib/gcc/x86_64-unknown-linux-gnu/13.1.0;/nix/store/73z104zi47lnk6km2rl7sn51j6cnnp80-gcc-13.1.0/lib64;/nix/store/73z104zi47lnk6km2rl7sn51j6cnnp80-gcc-13.1.0/lib]
  implicit fwks: []


